[11/27/2025, 11:59:11 AM] info: POST /Login
[11/27/2025, 11:59:12 AM] info: GET /blogcreation
[11/27/2025, 11:59:12 AM] info:  Blog fetched successfully
[11/27/2025, 11:59:31 AM] info: GET /blogcreation
[11/27/2025, 11:59:31 AM] info:  Blog fetched successfully
[11/27/2025, 12:02:09 PM] info: GET /blogcreation/getdata/15
[11/27/2025, 12:02:09 PM] info:  Blog fetched successfully
[11/27/2025, 12:05:35 PM] info: POST /Login
[11/27/2025, 12:05:36 PM] info: GET /blogcreation
[11/27/2025, 12:05:36 PM] info:  Blog fetched successfully
[11/27/2025, 12:05:42 PM] info: GET /blogcreation/getdata/1
[11/27/2025, 12:05:42 PM] info:  Blog fetched successfully
[11/27/2025, 12:06:05 PM] info: GET /blogcreation
[11/27/2025, 12:06:06 PM] info:  Blog fetched successfully
[11/27/2025, 12:06:08 PM] info: GET /blogcreation/getdata/15
[11/27/2025, 12:06:08 PM] info:  Blog fetched successfully
[11/27/2025, 12:06:16 PM] info: GET /blogcreation
[11/27/2025, 12:06:16 PM] info:  Blog fetched successfully
[11/27/2025, 12:06:20 PM] info: GET /blogcreation
[11/27/2025, 12:06:20 PM] info:  Blog fetched successfully
[11/27/2025, 12:06:27 PM] info: GET /blogcreation/getdata/1
[11/27/2025, 12:06:27 PM] info:  Blog fetched successfully
[11/27/2025, 12:06:48 PM] info: GET /blogcreation
[11/27/2025, 12:06:48 PM] info:  Blog fetched successfully
[11/27/2025, 12:06:49 PM] info: GET /blogcreation
[11/27/2025, 12:06:50 PM] info:  Blog fetched successfully
[11/27/2025, 12:06:51 PM] info: GET /blogcreation
[11/27/2025, 12:06:51 PM] info:  Blog fetched successfully
[11/27/2025, 12:06:52 PM] info: GET /blogcreation
[11/27/2025, 12:06:52 PM] info: GET /blogcreation
[11/27/2025, 12:06:52 PM] info: GET /blogcreation
[11/27/2025, 12:06:52 PM] info:  Blog fetched successfully
[11/27/2025, 12:06:52 PM] info:  Blog fetched successfully
[11/27/2025, 12:06:52 PM] info:  Blog fetched successfully
[11/27/2025, 12:07:06 PM] info: GET /blogcreation
[11/27/2025, 12:07:06 PM] info:  Blog fetched successfully
[11/27/2025, 12:08:05 PM] info: GET /blogcreation/getdata/15
[11/27/2025, 12:08:06 PM] info:  Blog fetched successfully
[11/27/2025, 12:09:17 PM] info: GET /blogcreation/get
[11/27/2025, 12:11:10 PM] info: GET /blogcreation/get
[11/27/2025, 12:12:47 PM] info: GET /blogcreation/get
[11/27/2025, 12:13:26 PM] info: GET /blogcreation/get
[11/27/2025, 12:14:00 PM] info: GET /blogcreation/get
[11/27/2025, 12:40:47 PM] info: GET /blogcreation/get
[11/27/2025, 12:45:07 PM] info: GET /blogcreation/get
[11/27/2025, 12:45:21 PM] info: POST /Login
[11/27/2025, 12:45:22 PM] info: GET /blogcreation
[11/27/2025, 12:45:22 PM] info:  Blog fetched successfully
[11/27/2025, 12:45:28 PM] info: GET /blogcreation
[11/27/2025, 12:45:29 PM] info:  Blog fetched successfully
[11/27/2025, 12:45:43 PM] info: GET /blogcreation/getdata/9
[11/27/2025, 12:45:43 PM] info:  Blog fetched successfully
[11/27/2025, 12:45:50 PM] info: GET /blogcreation
[11/27/2025, 12:45:50 PM] info:  Blog fetched successfully
[11/27/2025, 12:45:54 PM] info: GET /blogcreation/getdata/15
[11/27/2025, 12:45:54 PM] info:  Blog fetched successfully
[11/27/2025, 12:46:07 PM] info: GET /blogcreation/getflyer
[11/27/2025, 12:46:17 PM] info: GET /blogcreation/get
[11/27/2025, 12:46:41 PM] info: POST /Login
[11/27/2025, 12:46:42 PM] info: GET /blogcreation
[11/27/2025, 12:46:42 PM] info:  Blog fetched successfully
[11/27/2025, 12:46:51 PM] info: GET /blogcreation/getdata/15
[11/27/2025, 12:46:51 PM] info:  Blog fetched successfully
[11/27/2025, 12:46:59 PM] info: GET /blogcreation
[11/27/2025, 12:46:59 PM] info:  Blog fetched successfully
[11/27/2025, 12:47:01 PM] info: GET /blogcreation/get
[11/27/2025, 12:47:02 PM] info: POST /blogcreation/getpost
[11/27/2025, 12:47:02 PM] info: GET /blogcreation/getdeatils/15
[11/27/2025, 12:47:04 PM] info: POST /blogcreation/getpost
[11/27/2025, 1:07:29 PM] info: POST /Login
[11/27/2025, 1:07:29 PM] info: GET /blogcreation
[11/27/2025, 1:07:30 PM] info:  Blog fetched successfully
[11/27/2025, 1:07:35 PM] info: GET /blogcreation
[11/27/2025, 1:07:35 PM] info:  Blog fetched successfully
[11/27/2025, 1:08:26 PM] info: GET /blogcreation
[11/27/2025, 1:08:26 PM] info: GET /blogcreation
[11/27/2025, 1:08:26 PM] info: GET /blogcreation
[11/27/2025, 1:08:26 PM] info: GET /blogcreation
[11/27/2025, 1:08:26 PM] info:  Blog fetched successfully
[11/27/2025, 1:08:26 PM] info:  Blog fetched successfully
[11/27/2025, 1:08:26 PM] info:  Blog fetched successfully
[11/27/2025, 1:08:27 PM] info:  Blog fetched successfully
[11/27/2025, 1:14:39 PM] info: GET /blogcreation
[11/27/2025, 1:14:39 PM] info:  Blog fetched successfully
[11/27/2025, 1:15:40 PM] info: GET /blogcreation
[11/27/2025, 1:15:40 PM] info:  Blog fetched successfully
[11/27/2025, 1:17:39 PM] info: GET /blogcreation
[11/27/2025, 1:17:39 PM] info:  Blog fetched successfully
[11/27/2025, 1:50:11 PM] info: GET /blogcreation
[11/27/2025, 1:50:11 PM] info:  Blog fetched successfully
[11/27/2025, 1:51:05 PM] info: GET /blogcreation
[11/27/2025, 1:51:05 PM] info:  Blog fetched successfully
[11/27/2025, 1:51:12 PM] info: GET /blogcreation
[11/27/2025, 1:51:12 PM] info:  Blog fetched successfully
[11/27/2025, 1:54:42 PM] info: GET /blogcreation
[11/27/2025, 1:54:42 PM] info:  Blog fetched successfully
[11/27/2025, 2:31:33 PM] info: GET /blogcreation/getdata/15
[11/27/2025, 2:31:34 PM] info:  Blog fetched successfully
[11/27/2025, 2:31:42 PM] info: GET /blogcreation
[11/27/2025, 2:31:42 PM] info:  Blog fetched successfully
[11/27/2025, 2:31:47 PM] info: GET /blogcreation/getdata/29
[11/27/2025, 2:31:47 PM] info:  Blog fetched successfully
[11/27/2025, 2:42:54 PM] info: GET /blogcreation/get
[11/27/2025, 2:43:01 PM] info: POST /Login
[11/27/2025, 2:43:01 PM] info: GET /blogcreation
[11/27/2025, 2:43:02 PM] info:  Blog fetched successfully
[11/27/2025, 2:43:30 PM] info: GET /blogcreation/getdata/29
[11/27/2025, 2:43:31 PM] info:  Blog fetched successfully
[11/27/2025, 2:43:37 PM] info: PUT /blogcreation/Update/29
[11/27/2025, 2:43:38 PM] info: GET /blogcreation
[11/27/2025, 2:43:38 PM] info:  Blog fetched successfully
[11/27/2025, 2:43:43 PM] info: GET /blogcreation/getdata/29
[11/27/2025, 2:43:43 PM] info:  Blog fetched successfully
[11/27/2025, 2:43:44 PM] info: PUT /blogcreation/Update/29
[11/27/2025, 2:43:45 PM] info: GET /blogcreation
[11/27/2025, 2:43:45 PM] info:  Blog fetched successfully
[11/27/2025, 2:44:15 PM] info: POST /blogcreation/Post
[11/27/2025, 2:44:16 PM] info: GET /blogcreation
[11/27/2025, 2:44:16 PM] info:  Blog fetched successfully
[11/27/2025, 3:16:59 PM] info: POST /Login
[11/27/2025, 3:17:00 PM] info: GET /blogcreation
[11/27/2025, 3:17:01 PM] info:  Blog fetched successfully
[11/27/2025, 3:17:15 PM] info: GET /blogcreation
[11/27/2025, 3:17:15 PM] info:  Blog fetched successfully
[11/27/2025, 3:17:21 PM] info: GET /blogcreation
[11/27/2025, 3:17:21 PM] info:  Blog fetched successfully
[11/27/2025, 3:17:56 PM] info: GET /blogcreation/data/29
[11/27/2025, 3:24:30 PM] info: GET /blogcreation
[11/27/2025, 3:24:31 PM] info:  Blog fetched successfully
[11/27/2025, 3:24:35 PM] info: GET /blogcreation
[11/27/2025, 3:24:35 PM] info:  Blog fetched successfully
[11/27/2025, 3:25:18 PM] info: POST /blogcreation/Post
[11/27/2025, 3:25:19 PM] info: GET /blogcreation
[11/27/2025, 3:25:19 PM] info:  Blog fetched successfully
[11/27/2025, 3:25:45 PM] info: GET /blogcreation/data/32
[11/27/2025, 3:25:45 PM] info: GET /blogcreation
[11/27/2025, 3:25:45 PM] info:  Blog fetched successfully
[11/27/2025, 3:26:05 PM] info: GET /blogcreation
[11/27/2025, 3:26:06 PM] info:  Blog fetched successfully
[11/27/2025, 3:35:26 PM] info: POST /Login
[11/27/2025, 3:35:26 PM] info: GET /blogcreation
[11/27/2025, 3:35:27 PM] info:  Blog fetched successfully
[11/27/2025, 3:35:48 PM] info: POST /blogcreation/Post
[11/27/2025, 3:35:48 PM] info: GET /blogcreation
[11/27/2025, 3:35:49 PM] info:  Blog fetched successfully
[11/27/2025, 3:35:51 PM] info: GET /blogcreation
[11/27/2025, 3:35:51 PM] info:  Blog fetched successfully
[11/27/2025, 3:37:35 PM] info: GET /blogcreation
[11/27/2025, 3:37:36 PM] info:  Blog fetched successfully
[11/27/2025, 3:37:41 PM] info: GET /blogcreation
[11/27/2025, 3:37:41 PM] info:  Blog fetched successfully
[11/27/2025, 3:37:54 PM] info: GET /blogcreation/data/33
[11/27/2025, 3:37:54 PM] info: GET /blogcreation
[11/27/2025, 3:37:54 PM] info:  Blog fetched successfully
[11/27/2025, 3:38:23 PM] info: GET /blogcreation/publisheddata/33
[11/27/2025, 3:38:24 PM] info: GET /blogcreation
[11/27/2025, 3:38:24 PM] info:  Blog fetched successfully
[11/27/2025, 3:38:58 PM] info: GET /blogcreation
[11/27/2025, 3:38:59 PM] info:  Blog fetched successfully
[11/27/2025, 3:52:32 PM] info: GET /blogcreation/getdata/15
[11/27/2025, 3:52:33 PM] info:  Blog fetched successfully
[11/27/2025, 3:53:19 PM] info: PUT /blogcreation/Update/15
[11/27/2025, 3:53:19 PM] info: GET /blogcreation
[11/27/2025, 3:53:20 PM] info:  Blog fetched successfully
[11/27/2025, 3:53:28 PM] info: GET /blogcreation/getdata/15
[11/27/2025, 3:53:28 PM] info:  Blog fetched successfully
