[8/7/2025, 10:38:56 AM] info: POST /blogcreation/Post
[8/7/2025, 10:40:31 AM] info: POST /blogcreation/Post
[8/7/2025, 10:45:27 AM] info: POST /blogcreation/Post
[8/7/2025, 10:53:29 AM] info: POST /blogcreation/Post
[8/7/2025, 10:56:50 AM] info: POST /blogcreation/Post
[8/7/2025, 11:04:57 AM] info: POST /blogcreation/Post
[8/7/2025, 11:04:58 AM] info: POST /blogcreation/blogfiles
[8/7/2025, 11:06:36 AM] info: POST /blogcreation/Post
[8/7/2025, 11:06:36 AM] info: POST /blogcreation/blogfiles
[8/7/2025, 11:23:54 AM] info: GET /blogcreation
[8/7/2025, 11:23:54 AM] info:  Blog fetched successfully
[8/7/2025, 11:23:58 AM] info: GET /blogcreation/getdata/1
[8/7/2025, 11:24:00 AM] info: GET /blogcreation
[8/7/2025, 11:24:00 AM] info:  Blog fetched successfully
[8/7/2025, 11:25:22 AM] info: GET /blogcreation/getdata/1
[8/7/2025, 11:29:41 AM] info: GET /blogcreation
[8/7/2025, 11:29:41 AM] info:  Blog fetched successfully
[8/7/2025, 11:29:43 AM] info: GET /blogcreation/getdata/1
[8/7/2025, 11:30:23 AM] info: GET /blogcreation
[8/7/2025, 11:30:23 AM] info:  Blog fetched successfully
[8/7/2025, 11:30:24 AM] info: GET /blogcreation/getdata/1
[8/7/2025, 11:30:57 AM] info: GET /blogcreation
[8/7/2025, 11:30:57 AM] info:  Blog fetched successfully
[8/7/2025, 11:30:58 AM] info: GET /blogcreation/getdata/1
[8/7/2025, 11:32:33 AM] info: PUT /blogcreation/Update/undefined
[8/7/2025, 11:32:33 AM] error: putBlogUpdate: SequelizeDatabaseError: Invalid column name 'id'.
[8/7/2025, 11:32:55 AM] info: GET /blogcreation
[8/7/2025, 11:32:55 AM] info:  Blog fetched successfully
[8/7/2025, 11:32:58 AM] info: GET /blogcreation/getdata/1
[8/7/2025, 11:42:28 AM] info: GET /blogcreation
[8/7/2025, 11:42:29 AM] info:  Blog fetched successfully
[8/7/2025, 11:42:30 AM] info: GET /blogcreation/getdata/1
[8/7/2025, 11:43:40 AM] info: PUT /blogcreation/Update/undefined
[8/7/2025, 11:43:41 AM] error: putBlogUpdate: SequelizeDatabaseError: Invalid column name 'id'.
[8/7/2025, 11:47:50 AM] info: GET /blogcreation
[8/7/2025, 11:47:50 AM] info:  Blog fetched successfully
[8/7/2025, 11:47:51 AM] info: GET /blogcreation/getdata/1
[8/7/2025, 11:48:15 AM] info: PUT /blogcreation/Update/undefined
[8/7/2025, 11:48:16 AM] error: putBlogUpdate: SequelizeDatabaseError: Conversion failed when converting the nvarchar value 'undefined' to data type int.
[8/7/2025, 11:49:10 AM] info: GET /blogcreation
[8/7/2025, 11:49:10 AM] info:  Blog fetched successfully
[8/7/2025, 11:49:11 AM] info: GET /blogcreation/getdata/1
[8/7/2025, 11:49:38 AM] info: PUT /blogcreation/Update/1
[8/7/2025, 11:50:42 AM] info: GET /blogcreation
[8/7/2025, 11:50:43 AM] info:  Blog fetched successfully
[8/7/2025, 11:53:22 AM] info: GET /blogcreation/getdata/1
[8/7/2025, 11:57:45 AM] info: GET /blogcreation
[8/7/2025, 11:57:46 AM] info:  Blog fetched successfully
[8/7/2025, 11:58:09 AM] info: POST /blogcreation/Post
[8/7/2025, 11:59:39 AM] info: POST /blogcreation/Post
[8/7/2025, 11:59:39 AM] info: POST /blogcreation/blogfiles
[8/7/2025, 11:59:51 AM] info: GET /blogcreation
[8/7/2025, 11:59:51 AM] info:  Blog fetched successfully
[8/7/2025, 11:59:52 AM] info: GET /blogcreation/getdata/2
[8/7/2025, 12:00:14 PM] info: PUT /blogcreation/Update/2
[8/7/2025, 12:00:14 PM] info: POST /blogcreation/blogfiles
[8/7/2025, 12:11:35 PM] info: GET /blogcreation
[8/7/2025, 12:11:35 PM] info:  Blog fetched successfully
[8/7/2025, 12:15:18 PM] info: GET /blogcreation
[8/7/2025, 12:15:18 PM] info:  Blog fetched successfully
[8/7/2025, 12:15:35 PM] info: GET /blogcreation
[8/7/2025, 12:15:35 PM] info:  Blog fetched successfully
[8/7/2025, 12:15:59 PM] info: GET /blogcreation
[8/7/2025, 12:16:00 PM] info:  Blog fetched successfully
[8/7/2025, 12:23:10 PM] info: GET /blogcreation
[8/7/2025, 12:23:10 PM] info:  Blog fetched successfully
[8/7/2025, 12:23:12 PM] info: GET /blogcreation/getdata/1
[8/7/2025, 12:25:37 PM] info: GET /blogcreation
[8/7/2025, 12:25:37 PM] info:  Blog fetched successfully
[8/7/2025, 12:31:16 PM] info: GET /blogcreation
[8/7/2025, 12:31:16 PM] info:  Blog fetched successfully
[8/7/2025, 12:49:13 PM] info: GET /blogcreation
[8/7/2025, 12:49:14 PM] info:  Blog fetched successfully
[8/7/2025, 1:02:47 PM] info: GET /blogcreation/getdata/2
[8/7/2025, 1:02:51 PM] info: GET /blogcreation
[8/7/2025, 1:02:51 PM] info:  Blog fetched successfully
[8/7/2025, 1:12:49 PM] info: GET /blogcreation
[8/7/2025, 1:12:50 PM] info:  Blog fetched successfully
[8/7/2025, 1:15:03 PM] info: GET /blogcreation
[8/7/2025, 1:15:03 PM] info:  Blog fetched successfully
[8/7/2025, 1:16:31 PM] info: GET /blogcreation
[8/7/2025, 1:16:31 PM] info:  Blog fetched successfully
[8/7/2025, 1:16:47 PM] info: GET /blogcreation
[8/7/2025, 1:16:48 PM] info:  Blog fetched successfully
[8/7/2025, 1:30:49 PM] info: GET /blogcreation
[8/7/2025, 1:30:49 PM] info:  Blog fetched successfully
[8/7/2025, 1:34:28 PM] info: GET /blogcreation
[8/7/2025, 1:34:28 PM] info:  Blog fetched successfully
[8/7/2025, 1:36:52 PM] info: GET /blogcreation
[8/7/2025, 1:36:52 PM] info:  Blog fetched successfully
[8/7/2025, 2:13:51 PM] info: GET /blogcreation
[8/7/2025, 2:13:51 PM] info:  Blog fetched successfully
[8/7/2025, 2:13:55 PM] info: GET /blogcreation/getdata/1
[8/7/2025, 2:14:03 PM] info: GET /blogcreation
[8/7/2025, 2:14:03 PM] info:  Blog fetched successfully
[8/7/2025, 2:14:51 PM] info: GET /blogcreation
[8/7/2025, 2:14:51 PM] info:  Blog fetched successfully
[8/7/2025, 2:14:54 PM] info: GET /blogcreation/getdata/1
[8/7/2025, 2:20:30 PM] info: GET /blogcreation
[8/7/2025, 2:20:31 PM] info:  Blog fetched successfully
[8/7/2025, 2:20:33 PM] info: GET /blogcreation/getdata/2
[8/7/2025, 2:25:00 PM] info: GET /blogcreation
[8/7/2025, 2:25:01 PM] info:  Blog fetched successfully
[8/7/2025, 2:25:07 PM] info: GET /blogcreation/getdata/1
[8/7/2025, 2:35:05 PM] info: GET /blogcreation
[8/7/2025, 2:35:06 PM] info:  Blog fetched successfully
[8/7/2025, 2:35:07 PM] info: GET /blogcreation/getdata/2
[8/7/2025, 2:35:12 PM] info: GET /blogcreation
[8/7/2025, 2:35:12 PM] info:  Blog fetched successfully
[8/7/2025, 2:35:20 PM] info: GET /blogcreation/getdata/2
[8/7/2025, 2:36:02 PM] info: GET /blogcreation
[8/7/2025, 2:36:03 PM] info:  Blog fetched successfully
[8/7/2025, 2:36:11 PM] info: GET /blogcreation/getdata/2
[8/7/2025, 3:07:43 PM] info: GET /blogcreation
[8/7/2025, 3:07:44 PM] info:  Blog fetched successfully
[8/7/2025, 3:10:10 PM] info: GET /blogcreation/getdata/2
[8/7/2025, 3:10:25 PM] info: GET /blogcreation
[8/7/2025, 3:10:26 PM] info:  Blog fetched successfully
[8/7/2025, 3:10:27 PM] info: GET /blogcreation/getdata/1
[8/7/2025, 3:11:11 PM] info: GET /blogcreation
[8/7/2025, 3:11:11 PM] info:  Blog fetched successfully
[8/7/2025, 3:11:14 PM] info: GET /blogcreation
[8/7/2025, 3:11:14 PM] info:  Blog fetched successfully
[8/7/2025, 3:11:14 PM] info: GET /blogcreation
[8/7/2025, 3:11:14 PM] info:  Blog fetched successfully
[8/7/2025, 3:11:15 PM] info: GET /blogcreation/getdata/2
[8/7/2025, 4:49:51 PM] info: GET /blogcreation
[8/7/2025, 4:49:51 PM] info:  Blog fetched successfully
[8/7/2025, 4:49:53 PM] info: GET /blogcreation/getdata/1
[8/7/2025, 4:52:48 PM] info: GET /blogcreation
[8/7/2025, 4:52:48 PM] info:  Blog fetched successfully
[8/7/2025, 4:52:50 PM] info: GET /blogcreation/getdata/1
[8/7/2025, 4:52:55 PM] info: GET /blogcreation
[8/7/2025, 4:52:55 PM] info:  Blog fetched successfully
[8/7/2025, 4:52:57 PM] info: GET /blogcreation/getdata/2
[8/7/2025, 4:56:51 PM] info: GET /blogcreation
[8/7/2025, 4:56:51 PM] info:  Blog fetched successfully
[8/7/2025, 4:56:57 PM] info: GET /blogcreation
[8/7/2025, 4:56:57 PM] info:  Blog fetched successfully
[8/7/2025, 4:56:58 PM] info: GET /blogcreation/getdata/2
[8/7/2025, 4:57:03 PM] info: GET /blogcreation
[8/7/2025, 4:57:03 PM] info:  Blog fetched successfully
[8/7/2025, 4:57:04 PM] info: GET /blogcreation/getdata/1
[8/7/2025, 5:03:10 PM] info: GET /blogcreation
[8/7/2025, 5:03:11 PM] info:  Blog fetched successfully
[8/7/2025, 5:03:12 PM] info: GET /blogcreation/getdata/1
[8/7/2025, 5:22:37 PM] info: GET /blogcreation
[8/7/2025, 5:22:38 PM] info:  Blog fetched successfully
[8/7/2025, 5:22:39 PM] info: GET /blogcreation/getdata/2
[8/7/2025, 6:32:45 PM] info: GET /blogcreation
[8/7/2025, 6:32:45 PM] info:  Blog fetched successfully
[8/7/2025, 6:32:47 PM] info: GET /blogcreation/getdata/1
[8/7/2025, 6:32:53 PM] info: GET /blogcreation
[8/7/2025, 6:32:53 PM] info:  Blog fetched successfully
