[7/1/2025, 12:48:27 PM] info: POST /intern
[7/1/2025, 12:49:06 PM] info: POST /intern/Post
[7/1/2025, 1:24:43 PM] info: POST /intern/Post
[7/1/2025, 1:27:01 PM] info: POST /intern/Post
[7/1/2025, 1:27:18 PM] info: POST /intern/Post
[7/1/2025, 1:27:43 PM] info: POST /intern/Post
[7/1/2025, 1:28:42 PM] info: POST /intern/Post
[7/1/2025, 1:37:54 PM] info: POST /intern/Post
[7/1/2025, 1:44:47 PM] info: POST /intern/Post
[7/1/2025, 1:44:51 PM] info: POST /intern/Post
[7/1/2025, 1:44:52 PM] info: POST /intern/Post
[7/1/2025, 1:44:52 PM] info: POST /intern/Post
[7/1/2025, 1:44:52 PM] info: POST /intern/Post
[7/1/2025, 1:44:53 PM] info: POST /intern/Post
[7/1/2025, 1:44:54 PM] info: POST /intern/Post
[7/1/2025, 1:44:54 PM] info: POST /intern/Post
[7/1/2025, 1:44:54 PM] info: POST /intern/Post
[7/1/2025, 1:44:54 PM] info: POST /intern/Post
[7/1/2025, 1:44:55 PM] info: POST /intern/Post
[7/1/2025, 1:44:55 PM] info: POST /intern/Post
[7/1/2025, 1:45:02 PM] info: POST /intern/Post
[7/1/2025, 1:45:08 PM] info: POST /intern/Post
[7/1/2025, 1:51:15 PM] info: POST /intern/Post
[7/1/2025, 1:52:11 PM] info: POST /intern/Post
[7/1/2025, 1:52:12 PM] info: POST /intern/Post
[7/1/2025, 1:52:13 PM] info: POST /intern/Post
[7/1/2025, 1:52:13 PM] info: POST /intern/Post
[7/1/2025, 1:52:13 PM] info: POST /intern/Post
[7/1/2025, 1:52:13 PM] info: POST /intern/Post
[7/1/2025, 1:52:13 PM] info: POST /intern/Post
[7/1/2025, 1:52:14 PM] info: POST /intern/Post
[7/1/2025, 1:52:14 PM] info: POST /intern/Post
[7/1/2025, 1:54:16 PM] info: POST /intern/Post
[7/1/2025, 1:56:40 PM] info: POST /intern/Post
[7/1/2025, 1:56:42 PM] info: POST /intern/Post
[7/1/2025, 1:59:36 PM] info: POST /intern/Post
[7/1/2025, 2:01:46 PM] info: POST /intern/Post
[7/1/2025, 2:01:47 PM] info: POST /intern/Post
[7/1/2025, 2:01:48 PM] info: POST /intern/Post
[7/1/2025, 2:01:48 PM] info: POST /intern/Post
[7/1/2025, 2:01:48 PM] info: POST /intern/Post
[7/1/2025, 2:01:49 PM] info: POST /intern/Post
[7/1/2025, 2:01:49 PM] info: POST /intern/Post
[7/1/2025, 2:01:49 PM] info: POST /intern/Post
[7/1/2025, 2:01:49 PM] info: POST /intern/Post
[7/1/2025, 2:01:49 PM] info: POST /intern/Post
[7/1/2025, 2:02:26 PM] info: POST /intern/Post
[7/1/2025, 2:06:10 PM] info: POST /intern/Post
[7/1/2025, 2:15:06 PM] info: POST /intern/Post
[7/1/2025, 2:15:32 PM] info: POST /intern/Post
[7/1/2025, 2:15:32 PM] info: POST /intern/Post
[7/1/2025, 2:15:33 PM] info: POST /intern/Post
[7/1/2025, 2:15:33 PM] info: POST /intern/Post
[7/1/2025, 2:15:33 PM] info: POST /intern/Post
[7/1/2025, 2:15:33 PM] info: POST /intern/Post
[7/1/2025, 2:15:34 PM] info: POST /intern/Post
[7/1/2025, 2:15:34 PM] info: POST /intern/Post
[7/1/2025, 2:15:34 PM] info: POST /intern/Post
[7/1/2025, 2:18:12 PM] info: POST /intern/Post
[7/1/2025, 2:18:50 PM] info: POST /intern/Post
[7/1/2025, 2:19:05 PM] info: POST /intern/Post
[7/1/2025, 2:21:18 PM] info: POST /intern/Post
[7/1/2025, 2:21:26 PM] info: POST /intern/Post
[7/1/2025, 2:21:43 PM] info: POST /intern/Post
[7/1/2025, 2:24:24 PM] info: POST /intern/Post
[7/1/2025, 2:25:02 PM] info: POST /intern/Post
[7/1/2025, 2:26:43 PM] info: POST /intern/Post
[7/1/2025, 2:30:21 PM] info: POST /intern/Post
[7/1/2025, 2:30:46 PM] info: POST /intern/Post
[7/1/2025, 2:51:53 PM] info: POST /intern/Post
[7/1/2025, 2:52:17 PM] info: POST /intern/Post
[7/1/2025, 2:52:34 PM] info: POST /intern/Post
[7/1/2025, 2:54:22 PM] info: POST /intern/Post
[7/1/2025, 2:58:54 PM] info: POST /intern/Post
[7/1/2025, 2:58:55 PM] info: POST /intern/Post
[7/1/2025, 2:58:56 PM] info: POST /intern/Post
[7/1/2025, 2:58:56 PM] info: POST /intern/Post
[7/1/2025, 2:59:08 PM] info: POST /intern/Post
[7/1/2025, 3:00:48 PM] info: POST /intern/Post
[7/1/2025, 3:00:54 PM] info: POST /intern/Post
[7/1/2025, 3:01:18 PM] info: POST /intern/Post
[7/1/2025, 3:03:46 PM] info: POST /intern/Post
[7/1/2025, 3:32:03 PM] info: POST /intern/Post
[7/1/2025, 3:33:18 PM] info: POST /intern/Post
[7/1/2025, 3:42:29 PM] error: PayloadTooLargeError: request entity too large
    at readStream (C:\Users\DELL\Downloads\Infologia_Angular_300625\BE\node_modules\raw-body\index.js:163:17)
    at getRawBody (C:\Users\DELL\Downloads\Infologia_Angular_300625\BE\node_modules\raw-body\index.js:116:12)
    at read (C:\Users\DELL\Downloads\Infologia_Angular_300625\BE\node_modules\body-parser\lib\read.js:79:3)
    at jsonParser (C:\Users\DELL\Downloads\Infologia_Angular_300625\BE\node_modules\body-parser\lib\types\json.js:138:5)
    at Layer.handle [as handle_request] (C:\Users\DELL\Downloads\Infologia_Angular_300625\BE\node_modules\express\lib\router\layer.js:95:5)
    at trim_prefix (C:\Users\DELL\Downloads\Infologia_Angular_300625\BE\node_modules\express\lib\router\index.js:328:13)
    at C:\Users\DELL\Downloads\Infologia_Angular_300625\BE\node_modules\express\lib\router\index.js:286:9
    at Function.process_params (C:\Users\DELL\Downloads\Infologia_Angular_300625\BE\node_modules\express\lib\router\index.js:346:12)
    at next (C:\Users\DELL\Downloads\Infologia_Angular_300625\BE\node_modules\express\lib\router\index.js:280:10)
    at expressInit (C:\Users\DELL\Downloads\Infologia_Angular_300625\BE\node_modules\express\lib\middleware\init.js:40:5)
[7/1/2025, 3:42:59 PM] error: PayloadTooLargeError: request entity too large
    at readStream (C:\Users\DELL\Downloads\Infologia_Angular_300625\BE\node_modules\raw-body\index.js:163:17)
    at getRawBody (C:\Users\DELL\Downloads\Infologia_Angular_300625\BE\node_modules\raw-body\index.js:116:12)
    at read (C:\Users\DELL\Downloads\Infologia_Angular_300625\BE\node_modules\body-parser\lib\read.js:79:3)
    at jsonParser (C:\Users\DELL\Downloads\Infologia_Angular_300625\BE\node_modules\body-parser\lib\types\json.js:138:5)
    at Layer.handle [as handle_request] (C:\Users\DELL\Downloads\Infologia_Angular_300625\BE\node_modules\express\lib\router\layer.js:95:5)
    at trim_prefix (C:\Users\DELL\Downloads\Infologia_Angular_300625\BE\node_modules\express\lib\router\index.js:328:13)
    at C:\Users\DELL\Downloads\Infologia_Angular_300625\BE\node_modules\express\lib\router\index.js:286:9
    at Function.process_params (C:\Users\DELL\Downloads\Infologia_Angular_300625\BE\node_modules\express\lib\router\index.js:346:12)
    at next (C:\Users\DELL\Downloads\Infologia_Angular_300625\BE\node_modules\express\lib\router\index.js:280:10)
    at expressInit (C:\Users\DELL\Downloads\Infologia_Angular_300625\BE\node_modules\express\lib\middleware\init.js:40:5)
[7/1/2025, 3:47:06 PM] error: SyntaxError: Unexpected token '-', "------WebK"... is not valid JSON
    at JSON.parse (<anonymous>)
    at createStrictSyntaxError (C:\Users\DELL\Downloads\Infologia_Angular_300625\BE\node_modules\body-parser\lib\types\json.js:169:10)
    at parse (C:\Users\DELL\Downloads\Infologia_Angular_300625\BE\node_modules\body-parser\lib\types\json.js:86:15)
    at C:\Users\DELL\Downloads\Infologia_Angular_300625\BE\node_modules\body-parser\lib\read.js:128:18
    at AsyncResource.runInAsyncScope (node:async_hooks:211:14)
    at invokeCallback (C:\Users\DELL\Downloads\Infologia_Angular_300625\BE\node_modules\raw-body\index.js:238:16)
    at done (C:\Users\DELL\Downloads\Infologia_Angular_300625\BE\node_modules\raw-body\index.js:227:7)
    at IncomingMessage.onEnd (C:\Users\DELL\Downloads\Infologia_Angular_300625\BE\node_modules\raw-body\index.js:287:7)
    at IncomingMessage.emit (node:events:518:28)
    at endReadableNT (node:internal/streams/readable:1698:12)
[7/1/2025, 3:52:34 PM] info: POST /intern/Post
[7/1/2025, 3:52:34 PM] error: Intern Error: TypeError: Cannot read properties of undefined (reading 'firstname')
[7/1/2025, 3:53:59 PM] info: POST /intern/Post
[7/1/2025, 3:53:59 PM] error: Intern Error: TypeError: Cannot read properties of undefined (reading 'firstname')
[7/1/2025, 3:59:46 PM] error: SyntaxError: Unexpected token '-', "------WebK"... is not valid JSON
    at JSON.parse (<anonymous>)
    at createStrictSyntaxError (C:\Users\DELL\Downloads\Infologia_Angular_300625\BE\node_modules\body-parser\lib\types\json.js:169:10)
    at parse (C:\Users\DELL\Downloads\Infologia_Angular_300625\BE\node_modules\body-parser\lib\types\json.js:86:15)
    at C:\Users\DELL\Downloads\Infologia_Angular_300625\BE\node_modules\body-parser\lib\read.js:128:18
    at AsyncResource.runInAsyncScope (node:async_hooks:211:14)
    at invokeCallback (C:\Users\DELL\Downloads\Infologia_Angular_300625\BE\node_modules\raw-body\index.js:238:16)
    at done (C:\Users\DELL\Downloads\Infologia_Angular_300625\BE\node_modules\raw-body\index.js:227:7)
    at IncomingMessage.onEnd (C:\Users\DELL\Downloads\Infologia_Angular_300625\BE\node_modules\raw-body\index.js:287:7)
    at IncomingMessage.emit (node:events:518:28)
    at endReadableNT (node:internal/streams/readable:1698:12)
[7/1/2025, 3:59:59 PM] error: SyntaxError: Unexpected token '-', "------WebK"... is not valid JSON
    at JSON.parse (<anonymous>)
    at createStrictSyntaxError (C:\Users\DELL\Downloads\Infologia_Angular_300625\BE\node_modules\body-parser\lib\types\json.js:169:10)
    at parse (C:\Users\DELL\Downloads\Infologia_Angular_300625\BE\node_modules\body-parser\lib\types\json.js:86:15)
    at C:\Users\DELL\Downloads\Infologia_Angular_300625\BE\node_modules\body-parser\lib\read.js:128:18
    at AsyncResource.runInAsyncScope (node:async_hooks:211:14)
    at invokeCallback (C:\Users\DELL\Downloads\Infologia_Angular_300625\BE\node_modules\raw-body\index.js:238:16)
    at done (C:\Users\DELL\Downloads\Infologia_Angular_300625\BE\node_modules\raw-body\index.js:227:7)
    at IncomingMessage.onEnd (C:\Users\DELL\Downloads\Infologia_Angular_300625\BE\node_modules\raw-body\index.js:287:7)
    at IncomingMessage.emit (node:events:518:28)
    at endReadableNT (node:internal/streams/readable:1698:12)
[7/1/2025, 3:59:59 PM] error: SyntaxError: Unexpected token '-', "------WebK"... is not valid JSON
    at JSON.parse (<anonymous>)
    at createStrictSyntaxError (C:\Users\DELL\Downloads\Infologia_Angular_300625\BE\node_modules\body-parser\lib\types\json.js:169:10)
    at parse (C:\Users\DELL\Downloads\Infologia_Angular_300625\BE\node_modules\body-parser\lib\types\json.js:86:15)
    at C:\Users\DELL\Downloads\Infologia_Angular_300625\BE\node_modules\body-parser\lib\read.js:128:18
    at AsyncResource.runInAsyncScope (node:async_hooks:211:14)
    at invokeCallback (C:\Users\DELL\Downloads\Infologia_Angular_300625\BE\node_modules\raw-body\index.js:238:16)
    at done (C:\Users\DELL\Downloads\Infologia_Angular_300625\BE\node_modules\raw-body\index.js:227:7)
    at IncomingMessage.onEnd (C:\Users\DELL\Downloads\Infologia_Angular_300625\BE\node_modules\raw-body\index.js:287:7)
    at IncomingMessage.emit (node:events:518:28)
    at endReadableNT (node:internal/streams/readable:1698:12)
[7/1/2025, 3:59:59 PM] error: SyntaxError: Unexpected token '-', "------WebK"... is not valid JSON
    at JSON.parse (<anonymous>)
    at createStrictSyntaxError (C:\Users\DELL\Downloads\Infologia_Angular_300625\BE\node_modules\body-parser\lib\types\json.js:169:10)
    at parse (C:\Users\DELL\Downloads\Infologia_Angular_300625\BE\node_modules\body-parser\lib\types\json.js:86:15)
    at C:\Users\DELL\Downloads\Infologia_Angular_300625\BE\node_modules\body-parser\lib\read.js:128:18
    at AsyncResource.runInAsyncScope (node:async_hooks:211:14)
    at invokeCallback (C:\Users\DELL\Downloads\Infologia_Angular_300625\BE\node_modules\raw-body\index.js:238:16)
    at done (C:\Users\DELL\Downloads\Infologia_Angular_300625\BE\node_modules\raw-body\index.js:227:7)
    at IncomingMessage.onEnd (C:\Users\DELL\Downloads\Infologia_Angular_300625\BE\node_modules\raw-body\index.js:287:7)
    at IncomingMessage.emit (node:events:518:28)
    at endReadableNT (node:internal/streams/readable:1698:12)
[7/1/2025, 4:00:00 PM] error: SyntaxError: Unexpected token '-', "------WebK"... is not valid JSON
    at JSON.parse (<anonymous>)
    at createStrictSyntaxError (C:\Users\DELL\Downloads\Infologia_Angular_300625\BE\node_modules\body-parser\lib\types\json.js:169:10)
    at parse (C:\Users\DELL\Downloads\Infologia_Angular_300625\BE\node_modules\body-parser\lib\types\json.js:86:15)
    at C:\Users\DELL\Downloads\Infologia_Angular_300625\BE\node_modules\body-parser\lib\read.js:128:18
    at AsyncResource.runInAsyncScope (node:async_hooks:211:14)
    at invokeCallback (C:\Users\DELL\Downloads\Infologia_Angular_300625\BE\node_modules\raw-body\index.js:238:16)
    at done (C:\Users\DELL\Downloads\Infologia_Angular_300625\BE\node_modules\raw-body\index.js:227:7)
    at IncomingMessage.onEnd (C:\Users\DELL\Downloads\Infologia_Angular_300625\BE\node_modules\raw-body\index.js:287:7)
    at IncomingMessage.emit (node:events:518:28)
    at endReadableNT (node:internal/streams/readable:1698:12)
[7/1/2025, 4:00:00 PM] error: SyntaxError: Unexpected token '-', "------WebK"... is not valid JSON
    at JSON.parse (<anonymous>)
    at createStrictSyntaxError (C:\Users\DELL\Downloads\Infologia_Angular_300625\BE\node_modules\body-parser\lib\types\json.js:169:10)
    at parse (C:\Users\DELL\Downloads\Infologia_Angular_300625\BE\node_modules\body-parser\lib\types\json.js:86:15)
    at C:\Users\DELL\Downloads\Infologia_Angular_300625\BE\node_modules\body-parser\lib\read.js:128:18
    at AsyncResource.runInAsyncScope (node:async_hooks:211:14)
    at invokeCallback (C:\Users\DELL\Downloads\Infologia_Angular_300625\BE\node_modules\raw-body\index.js:238:16)
    at done (C:\Users\DELL\Downloads\Infologia_Angular_300625\BE\node_modules\raw-body\index.js:227:7)
    at IncomingMessage.onEnd (C:\Users\DELL\Downloads\Infologia_Angular_300625\BE\node_modules\raw-body\index.js:287:7)
    at IncomingMessage.emit (node:events:518:28)
    at endReadableNT (node:internal/streams/readable:1698:12)
[7/1/2025, 4:00:22 PM] error: SyntaxError: Unexpected token '-', "------WebK"... is not valid JSON
    at JSON.parse (<anonymous>)
    at createStrictSyntaxError (C:\Users\DELL\Downloads\Infologia_Angular_300625\BE\node_modules\body-parser\lib\types\json.js:169:10)
    at parse (C:\Users\DELL\Downloads\Infologia_Angular_300625\BE\node_modules\body-parser\lib\types\json.js:86:15)
    at C:\Users\DELL\Downloads\Infologia_Angular_300625\BE\node_modules\body-parser\lib\read.js:128:18
    at AsyncResource.runInAsyncScope (node:async_hooks:211:14)
    at invokeCallback (C:\Users\DELL\Downloads\Infologia_Angular_300625\BE\node_modules\raw-body\index.js:238:16)
    at done (C:\Users\DELL\Downloads\Infologia_Angular_300625\BE\node_modules\raw-body\index.js:227:7)
    at IncomingMessage.onEnd (C:\Users\DELL\Downloads\Infologia_Angular_300625\BE\node_modules\raw-body\index.js:287:7)
    at IncomingMessage.emit (node:events:518:28)
    at endReadableNT (node:internal/streams/readable:1698:12)
[7/1/2025, 4:01:09 PM] info: OPTIONS /intern/Post
[7/1/2025, 4:01:09 PM] info: POST /intern/Post
[7/1/2025, 4:01:09 PM] error: Intern Error: TypeError: Cannot read properties of undefined (reading 'firstname')
[7/1/2025, 4:08:21 PM] info: POST /intern/Post
[7/1/2025, 4:09:53 PM] info: POST /intern/Post
[7/1/2025, 4:11:38 PM] info: POST /intern/Post
[7/1/2025, 4:12:03 PM] info: POST /intern/Post
[7/1/2025, 4:19:05 PM] info: POST /intern/Post
[7/1/2025, 4:19:09 PM] info: POST /Email
[7/1/2025, 4:47:37 PM] info: POST /intern/Post
[7/1/2025, 4:47:43 PM] info: POST /internmail
[7/1/2025, 5:06:20 PM] error: PayloadTooLargeError: request entity too large
    at readStream (C:\Users\DELL\Downloads\Infologia_Angular_300625\BE\node_modules\raw-body\index.js:163:17)
    at getRawBody (C:\Users\DELL\Downloads\Infologia_Angular_300625\BE\node_modules\raw-body\index.js:116:12)
    at read (C:\Users\DELL\Downloads\Infologia_Angular_300625\BE\node_modules\body-parser\lib\read.js:79:3)
    at jsonParser (C:\Users\DELL\Downloads\Infologia_Angular_300625\BE\node_modules\body-parser\lib\types\json.js:138:5)
    at Layer.handle [as handle_request] (C:\Users\DELL\Downloads\Infologia_Angular_300625\BE\node_modules\express\lib\router\layer.js:95:5)
    at trim_prefix (C:\Users\DELL\Downloads\Infologia_Angular_300625\BE\node_modules\express\lib\router\index.js:328:13)
    at C:\Users\DELL\Downloads\Infologia_Angular_300625\BE\node_modules\express\lib\router\index.js:286:9
    at Function.process_params (C:\Users\DELL\Downloads\Infologia_Angular_300625\BE\node_modules\express\lib\router\index.js:346:12)
    at next (C:\Users\DELL\Downloads\Infologia_Angular_300625\BE\node_modules\express\lib\router\index.js:280:10)
    at expressInit (C:\Users\DELL\Downloads\Infologia_Angular_300625\BE\node_modules\express\lib\middleware\init.js:40:5)
[7/1/2025, 5:11:46 PM] error: SyntaxError: Unexpected token '-', "------WebK"... is not valid JSON
    at JSON.parse (<anonymous>)
    at createStrictSyntaxError (C:\Users\DELL\Downloads\Infologia_Angular_300625\BE\node_modules\body-parser\lib\types\json.js:169:10)
    at parse (C:\Users\DELL\Downloads\Infologia_Angular_300625\BE\node_modules\body-parser\lib\types\json.js:86:15)
    at C:\Users\DELL\Downloads\Infologia_Angular_300625\BE\node_modules\body-parser\lib\read.js:128:18
    at AsyncResource.runInAsyncScope (node:async_hooks:211:14)
    at invokeCallback (C:\Users\DELL\Downloads\Infologia_Angular_300625\BE\node_modules\raw-body\index.js:238:16)
    at done (C:\Users\DELL\Downloads\Infologia_Angular_300625\BE\node_modules\raw-body\index.js:227:7)
    at IncomingMessage.onEnd (C:\Users\DELL\Downloads\Infologia_Angular_300625\BE\node_modules\raw-body\index.js:287:7)
    at IncomingMessage.emit (node:events:518:28)
    at endReadableNT (node:internal/streams/readable:1698:12)
[7/1/2025, 5:19:13 PM] info: POST /intern/Post
[7/1/2025, 5:19:15 PM] error: Intern Upload Error: SequelizeDatabaseError: Conversion failed when converting date and/or time from character string.
[7/1/2025, 5:20:27 PM] info: POST /intern/Post
[7/1/2025, 5:20:28 PM] info: POST /internmail
[7/1/2025, 5:24:49 PM] info: POST /intern/Post
[7/1/2025, 5:24:51 PM] info: POST /internmail
[7/1/2025, 5:28:29 PM] info: POST /intern/Post
[7/1/2025, 5:28:30 PM] info: POST /internmail
[7/1/2025, 5:31:01 PM] info: POST /intern/Post
[7/1/2025, 5:31:37 PM] info: POST /intern/Post
[7/1/2025, 5:33:37 PM] info: POST /intern/Post
[7/1/2025, 5:35:18 PM] info: POST /intern/Post
[7/1/2025, 5:41:34 PM] info: POST /intern/Post
[7/1/2025, 5:42:01 PM] info: POST /intern/Post
[7/1/2025, 5:43:09 PM] info: POST /intern/Post
[7/1/2025, 5:49:19 PM] info: POST /intern/Post
[7/1/2025, 5:52:25 PM] error: SyntaxError: Unexpected token '-', "------WebK"... is not valid JSON
    at JSON.parse (<anonymous>)
    at createStrictSyntaxError (C:\Users\DELL\Downloads\Infologia_Angular_300625\BE\node_modules\body-parser\lib\types\json.js:169:10)
    at parse (C:\Users\DELL\Downloads\Infologia_Angular_300625\BE\node_modules\body-parser\lib\types\json.js:86:15)
    at C:\Users\DELL\Downloads\Infologia_Angular_300625\BE\node_modules\body-parser\lib\read.js:128:18
    at AsyncResource.runInAsyncScope (node:async_hooks:211:14)
    at invokeCallback (C:\Users\DELL\Downloads\Infologia_Angular_300625\BE\node_modules\raw-body\index.js:238:16)
    at done (C:\Users\DELL\Downloads\Infologia_Angular_300625\BE\node_modules\raw-body\index.js:227:7)
    at IncomingMessage.onEnd (C:\Users\DELL\Downloads\Infologia_Angular_300625\BE\node_modules\raw-body\index.js:287:7)
    at IncomingMessage.emit (node:events:518:28)
    at endReadableNT (node:internal/streams/readable:1698:12)
[7/1/2025, 5:55:05 PM] info: POST /intern/Post
[7/1/2025, 5:55:07 PM] info: POST /internmail
[7/1/2025, 6:05:39 PM] info: POST /intern/Post
[7/1/2025, 6:07:52 PM] info: POST /intern/Post
[7/1/2025, 6:09:25 PM] info: POST /intern/Post
[7/1/2025, 6:11:52 PM] info: POST /intern/Post
[7/1/2025, 6:12:11 PM] info: POST /intern/Post
[7/1/2025, 6:14:48 PM] info: POST /intern/Post
[7/1/2025, 6:30:02 PM] info: POST /intern/Post
[7/1/2025, 6:30:24 PM] info: POST /intern/Post
[7/1/2025, 6:31:07 PM] info: POST /intern/Post
[7/1/2025, 6:43:11 PM] info: POST /intern/Post
[7/1/2025, 6:44:34 PM] info: POST /intern/Post
[7/1/2025, 6:45:40 PM] info: POST /intern/Post
[7/1/2025, 6:45:53 PM] info: POST /intern/Post
[7/1/2025, 6:48:21 PM] info: POST /intern/Post
[7/1/2025, 6:49:02 PM] info: POST /intern/Post
[7/1/2025, 6:49:43 PM] info: POST /intern/Post
[7/1/2025, 6:50:04 PM] info: POST /intern/Post
[7/1/2025, 6:50:41 PM] info: POST /intern/Post
[7/1/2025, 6:51:28 PM] info: POST /intern/Post
[7/1/2025, 6:51:55 PM] info: POST /intern/Post
[7/1/2025, 7:01:05 PM] info: POST /intern/Post
[7/1/2025, 7:01:08 PM] info: POST /internmail
