[10/15/2025, 12:01:59 AM] info: GET /blogcreation
[10/15/2025, 12:01:59 AM] info:  Blog fetched successfully
[10/15/2025, 12:08:20 AM] info: POST /Login
[10/15/2025, 12:08:20 AM] info: GET /blogcreation
[10/15/2025, 12:08:21 AM] info:  Blog fetched successfully
[10/15/2025, 12:08:28 AM] info: GET /blogcreation/getdata/1
[10/15/2025, 12:09:34 AM] info: GET /blogcreation/get
[10/15/2025, 12:09:34 AM] info: Blog fetched successfully
[10/15/2025, 12:09:34 AM] info: GET /blogImages/logo_20251014113731_Blogpage2.jpg
[10/15/2025, 12:09:34 AM] info: GET /blogImages/logo_20251014134443_Blogpage1.jpg
[10/15/2025, 12:09:34 AM] info: GET /blogImages/logo_20251014140137_Blogpage3.jpg
[10/15/2025, 12:09:34 AM] info: GET /blogImages/logo_20251014140310_Blogpage6.png
[10/15/2025, 12:09:48 AM] info: GET /blogcreation/getdeatils/1
[10/15/2025, 12:09:49 AM] info: GET /blogcreation/getdeatils/27075.jpg
[10/15/2025, 12:11:55 AM] info: GET /blogcreation/get
[10/15/2025, 12:11:56 AM] info: Blog fetched successfully
[10/15/2025, 12:11:56 AM] info: GET /blogImages/logo_20251014113731_Blogpage2.jpg
[10/15/2025, 12:11:56 AM] info: GET /blogImages/logo_20251014134443_Blogpage1.jpg
[10/15/2025, 12:11:56 AM] info: GET /blogImages/logo_20251014140137_Blogpage3.jpg
[10/15/2025, 12:11:56 AM] info: GET /blogImages/logo_20251014140310_Blogpage6.png
[10/15/2025, 12:12:01 AM] info: GET /blogcreation/getdeatils/1
[10/15/2025, 12:12:02 AM] info: GET /blogcreation/getdeatils/27075.jpg
[10/15/2025, 12:15:34 AM] info: GET /blogcreation/getdeatils/1
[10/15/2025, 12:15:35 AM] info: GET /blogImages/logo_20251014113731_Blogpage2.jpg
[10/15/2025, 12:15:35 AM] info: GET /blogcreation/getdeatils/runtime.js
[10/15/2025, 12:15:35 AM] info: GET /blogImages/logo_20251014134443_Blogpage1.jpg
[10/15/2025, 12:15:35 AM] info: GET /blogImages/logo_20251014140137_Blogpage3.jpg
[10/15/2025, 12:15:35 AM] info: GET /blogImages/logo_20251014140310_Blogpage6.png
[10/15/2025, 12:15:36 AM] info: GET /blogcreation/getdeatils/polyfills.js
[10/15/2025, 12:15:36 AM] info: GET /blogcreation/getdeatils/vendor.js
[10/15/2025, 12:15:36 AM] info: GET /blogcreation/getdeatils/main.js
[10/15/2025, 12:15:37 AM] info: GET /blogcreation/getdeatils/fa-solid-900.woff2
[10/15/2025, 12:15:37 AM] info: GET /blogcreation/getdeatils/fa-brands-400.woff2
[10/15/2025, 12:15:37 AM] info: GET /blogcreation/getdeatils/fa-regular-400.woff2
[10/15/2025, 12:15:37 AM] info: GET /blogcreation/getdeatils/27075.jpg
[10/15/2025, 12:15:38 AM] info: GET /blogcreation/getdeatils/scripts.js
[10/15/2025, 12:15:38 AM] info: GET /blogcreation/getdeatils/banner-bg.jpg
[10/15/2025, 12:15:39 AM] info: GET /blogcreation/getdeatils/styles.css
[10/15/2025, 12:15:39 AM] info: GET /blogcreation/getdeatils/fa-solid-900.woff
[10/15/2025, 12:15:39 AM] info: GET /blogcreation/getdeatils/fa-brands-400.woff
[10/15/2025, 12:15:39 AM] info: GET /blogcreation/getdeatils/fa-regular-400.woff
[10/15/2025, 12:15:40 AM] info: GET /blogcreation/getdeatils/fa-solid-900.ttf
[10/15/2025, 12:15:40 AM] info: GET /blogcreation/getdeatils/fa-brands-400.ttf
[10/15/2025, 12:15:40 AM] info: GET /blogcreation/getdeatils/fa-regular-400.ttf
[10/15/2025, 12:16:28 AM] info: GET /blogcreation/get
[10/15/2025, 12:16:28 AM] info: Blog fetched successfully
[10/15/2025, 12:16:31 AM] info: GET /blogcreation/get
[10/15/2025, 12:16:31 AM] info: Blog fetched successfully
[10/15/2025, 12:16:31 AM] info: GET /blogImages/logo_20251014113731_Blogpage2.jpg
[10/15/2025, 12:16:31 AM] info: GET /blogImages/logo_20251014134443_Blogpage1.jpg
[10/15/2025, 12:16:31 AM] info: GET /blogImages/logo_20251014140137_Blogpage3.jpg
[10/15/2025, 12:16:31 AM] info: GET /blogImages/logo_20251014140310_Blogpage6.png
[10/15/2025, 12:23:06 AM] info: GET /blogcreation/get
[10/15/2025, 12:23:07 AM] info: Blog fetched successfully
[10/15/2025, 12:23:07 AM] info: GET /blogImages/logo_20251014113731_Blogpage2.jpg
[10/15/2025, 12:23:07 AM] info: GET /blogImages/logo_20251014134443_Blogpage1.jpg
[10/15/2025, 12:23:08 AM] info: GET /blogImages/logo_20251014140137_Blogpage3.jpg
[10/15/2025, 12:23:08 AM] info: GET /blogImages/logo_20251014140310_Blogpage6.png
[10/15/2025, 12:23:35 AM] info: GET /blogcreation/getdeatils/1
[10/15/2025, 12:24:06 AM] info: GET /blogcreation/get
[10/15/2025, 12:24:06 AM] info: Blog fetched successfully
[10/15/2025, 12:24:13 AM] info: GET /blogcreation/getdeatils/1
[10/15/2025, 12:24:57 AM] info: GET /blogcreation/get
[10/15/2025, 12:24:58 AM] info: Blog fetched successfully
[10/15/2025, 6:00:29 PM] info: GET /blogcreation/get
[10/15/2025, 6:00:30 PM] info: Blog fetched successfully
[10/15/2025, 6:00:30 PM] info: GET /blogImages/logo_20251015113046_Blogpage2.jpg
[10/15/2025, 6:00:30 PM] info: GET /blogImages/logo_20251014134443_Blogpage1.jpg
[10/15/2025, 6:00:30 PM] info: GET /blogImages/logo_20251014140137_Blogpage3.jpg
[10/15/2025, 6:00:30 PM] info: GET /blogImages/logo_20251014140310_Blogpage6.png
[10/15/2025, 6:00:31 PM] info: GET /blogcreation/getdeatils/3
[10/15/2025, 6:00:32 PM] info: GET /blogImages/logo_20251015113046_Blogpage2.jpg
[10/15/2025, 6:01:35 PM] info: GET /blogcreation/get
[10/15/2025, 6:01:36 PM] info: Blog fetched successfully
[10/15/2025, 6:01:36 PM] info: GET /blogImages/logo_20251015113046_Blogpage2.jpg
[10/15/2025, 6:01:36 PM] info: GET /blogImages/logo_20251014134443_Blogpage1.jpg
[10/15/2025, 6:01:36 PM] info: GET /blogImages/logo_20251014140137_Blogpage3.jpg
[10/15/2025, 6:01:36 PM] info: GET /blogImages/logo_20251014140310_Blogpage6.png
[10/15/2025, 6:01:37 PM] info: GET /blogcreation/getdeatils/2
[10/15/2025, 6:01:38 PM] info: GET /blogImages/logo_20251015113046_Blogpage2.jpg
[10/15/2025, 6:01:42 PM] info: GET /blogcreation/search?q=sits
[10/15/2025, 6:01:48 PM] info: GET /blogImages/logo_20251015113046_Blogpage2.jpg
[10/15/2025, 6:01:56 PM] info: GET /blogcreation/get
[10/15/2025, 6:01:57 PM] info: Blog fetched successfully
[10/15/2025, 6:01:57 PM] info: GET /blogImages/logo_20251015113046_Blogpage2.jpg
[10/15/2025, 6:02:01 PM] info: GET /blogcreation/getdeatils/4
[10/15/2025, 6:02:01 PM] info: GET /blogImages/logo_20251015113046_Blogpage2.jpg
[10/15/2025, 6:07:33 PM] info: GET /blogcreation/get
[10/15/2025, 6:07:34 PM] info: Blog fetched successfully
[10/15/2025, 6:07:34 PM] info: GET /blogImages/logo_20251015113046_Blogpage2.jpg
[10/15/2025, 6:07:36 PM] info: GET /blogcreation/getdeatils/3
[10/15/2025, 6:07:42 PM] info: GET /blogcreation/get
[10/15/2025, 6:07:42 PM] info: Blog fetched successfully
[10/15/2025, 6:07:42 PM] info: GET /blogImages/logo_20251015113046_Blogpage2.jpg
[10/15/2025, 6:07:44 PM] info: GET /blogcreation/getdeatils/4
[10/15/2025, 6:08:18 PM] info: GET /blogcreation/get
[10/15/2025, 6:08:19 PM] info: Blog fetched successfully
[10/15/2025, 6:08:19 PM] info: GET /blogImages/logo_20251015113046_Blogpage2.jpg
[10/15/2025, 6:08:20 PM] info: GET /blogcreation/getdeatils/2
[10/15/2025, 6:08:20 PM] info: GET /blogImages/logo_20251015113046_Blogpage2.jpg
[10/15/2025, 6:17:36 PM] info: GET /blogcreation/get
[10/15/2025, 6:17:37 PM] info: Blog fetched successfully
[10/15/2025, 6:17:37 PM] info: GET /blogImages/logo_20251015113046_Blogpage2.jpg
[10/15/2025, 6:17:37 PM] info: GET /blogImages/logo_20251014134443_Blogpage1.jpg
[10/15/2025, 6:17:37 PM] info: GET /blogImages/logo_20251014140137_Blogpage3.jpg
[10/15/2025, 6:17:37 PM] info: GET /blogImages/logo_20251014140310_Blogpage6.png
[10/15/2025, 6:17:56 PM] info: GET /blogcreation/get
[10/15/2025, 6:17:57 PM] info: Blog fetched successfully
[10/15/2025, 6:17:57 PM] info: GET /blogImages/logo_20251015113046_Blogpage2.jpg
[10/15/2025, 6:17:57 PM] info: GET /blogImages/logo_20251014134443_Blogpage1.jpg
[10/15/2025, 6:17:57 PM] info: GET /blogImages/logo_20251014140137_Blogpage3.jpg
[10/15/2025, 6:17:57 PM] info: GET /blogImages/logo_20251014140310_Blogpage6.png
[10/15/2025, 6:21:46 PM] info: GET /blogcreation/get
[10/15/2025, 6:21:47 PM] info: Blog fetched successfully
[10/15/2025, 6:21:47 PM] info: GET /blogImages/logo_20251015113046_Blogpage2.jpg
[10/15/2025, 6:21:47 PM] info: GET /blogImages/logo_20251014134443_Blogpage1.jpg
[10/15/2025, 6:21:47 PM] info: GET /blogImages/logo_20251014140137_Blogpage3.jpg
[10/15/2025, 6:21:47 PM] info: GET /blogImages/logo_20251014140310_Blogpage6.png
[10/15/2025, 6:22:11 PM] info: GET /blogcreation/get
[10/15/2025, 6:22:13 PM] info: Blog fetched successfully
[10/15/2025, 6:22:13 PM] info: GET /blogImages/logo_20251015113046_Blogpage2.jpg
[10/15/2025, 6:22:13 PM] info: GET /blogImages/logo_20251014134443_Blogpage1.jpg
[10/15/2025, 6:22:13 PM] info: GET /blogImages/logo_20251014140137_Blogpage3.jpg
[10/15/2025, 6:22:13 PM] info: GET /blogImages/logo_20251014140310_Blogpage6.png
[10/15/2025, 6:22:15 PM] info: GET /blogcreation/getdeatils/2
[10/15/2025, 6:22:15 PM] info: GET /blogImages/logo_20251015113046_Blogpage2.jpg
[10/15/2025, 6:22:17 PM] info: GET /blogcreation/getdeatils/4
[10/15/2025, 6:22:18 PM] info: GET /blogImages/logo_20251015113046_Blogpage2.jpg
[10/15/2025, 6:22:22 PM] info: GET /blogcreation/getdeatils/2
[10/15/2025, 6:22:23 PM] info: GET /blogImages/logo_20251015113046_Blogpage2.jpg
[10/15/2025, 6:22:29 PM] info: GET /blogcreation/search?q=sits
[10/15/2025, 6:22:33 PM] info: GET /blogImages/logo_20251015113046_Blogpage2.jpg
[10/15/2025, 6:22:43 PM] info: GET /blogcreation/getdeatils/3
[10/15/2025, 6:22:44 PM] info: GET /blogImages/logo_20251015113046_Blogpage2.jpg
[10/15/2025, 6:22:46 PM] info: GET /blogcreation/getdeatils/1
[10/15/2025, 6:22:46 PM] info: GET /blogImages/logo_20251015113046_Blogpage2.jpg
[10/15/2025, 6:22:52 PM] info: GET /blogcreation/getdeatils/4
[10/15/2025, 6:22:52 PM] info: GET /blogImages/logo_20251015113046_Blogpage2.jpg
[10/15/2025, 6:23:41 PM] info: GET /blogcreation/get
[10/15/2025, 6:23:42 PM] info: Blog fetched successfully
[10/15/2025, 6:23:42 PM] info: GET /blogImages/logo_20251015113046_Blogpage2.jpg
[10/15/2025, 6:23:42 PM] info: GET /blogImages/logo_20251014134443_Blogpage1.jpg
[10/15/2025, 6:23:42 PM] info: GET /blogImages/logo_20251014140137_Blogpage3.jpg
[10/15/2025, 6:23:42 PM] info: GET /blogImages/logo_20251014140310_Blogpage6.png
[10/15/2025, 6:23:47 PM] info: GET /blogcreation/getdeatils/3
[10/15/2025, 6:23:48 PM] info: GET /blogImages/logo_20251015113046_Blogpage2.jpg
[10/15/2025, 6:23:52 PM] info: GET /blogcreation/search?q=sits
[10/15/2025, 6:23:55 PM] info: GET /blogImages/logo_20251015113046_Blogpage2.jpg
[10/15/2025, 6:23:57 PM] info: GET /blogcreation/getdeatils/4
[10/15/2025, 6:23:57 PM] info: GET /blogImages/logo_20251015113046_Blogpage2.jpg
[10/15/2025, 6:26:56 PM] info: GET /blogcreation/get
[10/15/2025, 6:26:57 PM] info: Blog fetched successfully
[10/15/2025, 6:26:57 PM] info: GET /blogImages/logo_20251015113046_Blogpage2.jpg
[10/15/2025, 6:26:57 PM] info: GET /blogImages/logo_20251014140137_Blogpage3.jpg
[10/15/2025, 6:26:57 PM] info: GET /blogImages/logo_20251014140310_Blogpage6.png
[10/15/2025, 6:26:57 PM] info: GET /blogImages/logo_20251014134443_Blogpage1.jpg
[10/15/2025, 6:26:59 PM] info: GET /blogcreation/getdeatils/2
[10/15/2025, 6:26:59 PM] info: GET /blogImages/logo_20251015113046_Blogpage2.jpg
[10/15/2025, 6:55:46 PM] info: GET /blogcreation/get
[10/15/2025, 6:55:46 PM] info: Blog fetched successfully
[10/15/2025, 6:55:46 PM] info: GET /blogImages/logo_20251015113046_Blogpage2.jpg
[10/15/2025, 6:55:46 PM] info: GET /blogImages/logo_20251014134443_Blogpage1.jpg
[10/15/2025, 6:55:46 PM] info: GET /blogImages/logo_20251014140137_Blogpage3.jpg
[10/15/2025, 6:55:46 PM] info: GET /blogImages/logo_20251014140310_Blogpage6.png
[10/15/2025, 6:55:51 PM] info: GET /blogcreation/getdeatils/2
[10/15/2025, 6:55:51 PM] info: GET /blogImages/logo_20251015113046_Blogpage2.jpg
[10/15/2025, 6:55:58 PM] info: GET /blogcreation/search?q=every
[10/15/2025, 6:55:58 PM] info: GET /blogImages/logo_20251015113046_Blogpage2.jpg
[10/15/2025, 6:56:03 PM] info: GET /blogImages/logo_20251015113046_Blogpage2.jpg
[10/15/2025, 6:56:03 PM] info: GET /blogImages/logo_20251014140137_Blogpage3.jpg
[10/15/2025, 6:56:03 PM] info: GET /blogImages/logo_20251014140310_Blogpage6.png
[10/15/2025, 6:56:06 PM] info: GET /blogcreation/search?q=sits
[10/15/2025, 6:56:10 PM] info: GET /blogImages/logo_20251015113046_Blogpage2.jpg
[10/15/2025, 6:56:20 PM] info: GET /blogcreation/getdeatils/4
[10/15/2025, 6:56:20 PM] info: GET /blogImages/logo_20251015113046_Blogpage2.jpg
[10/15/2025, 6:56:26 PM] info: GET /blogcreation/getdeatils/2
[10/15/2025, 6:56:27 PM] info: GET /blogImages/logo_20251015113046_Blogpage2.jpg
[10/15/2025, 6:56:48 PM] info: GET /blogcreation/get
[10/15/2025, 6:56:48 PM] info: Blog fetched successfully
[10/15/2025, 6:56:48 PM] info: GET /blogImages/logo_20251015113046_Blogpage2.jpg
[10/15/2025, 6:57:02 PM] info: GET /blogcreation/get
[10/15/2025, 6:57:02 PM] info: Blog fetched successfully
[10/15/2025, 6:57:02 PM] info: GET /blogImages/logo_20251015113046_Blogpage2.jpg
[10/15/2025, 7:03:15 PM] info: GET /blogcreation/get
[10/15/2025, 7:03:15 PM] info: Blog fetched successfully
[10/15/2025, 7:03:15 PM] info: GET /blogImages/logo_20251015113046_Blogpage2.jpg
[10/15/2025, 7:03:15 PM] info: GET /blogImages/logo_20251014134443_Blogpage1.jpg
[10/15/2025, 7:03:15 PM] info: GET /blogImages/logo_20251014140137_Blogpage3.jpg
[10/15/2025, 7:03:15 PM] info: GET /blogImages/logo_20251014140310_Blogpage6.png
[10/15/2025, 7:03:55 PM] info: GET /blogcreation/get
[10/15/2025, 7:03:56 PM] info: Blog fetched successfully
[10/15/2025, 7:03:56 PM] info: GET /blogImages/logo_20251015113046_Blogpage2.jpg
[10/15/2025, 7:03:56 PM] info: GET /blogImages/logo_20251014134443_Blogpage1.jpg
[10/15/2025, 7:03:56 PM] info: GET /blogImages/logo_20251014140137_Blogpage3.jpg
[10/15/2025, 7:03:56 PM] info: GET /blogImages/logo_20251014140310_Blogpage6.png
[10/15/2025, 7:04:29 PM] info: GET /blogcreation/get
[10/15/2025, 7:04:30 PM] info: Blog fetched successfully
[10/15/2025, 7:04:30 PM] info: GET /blogImages/logo_20251014134443_Blogpage1.jpg
[10/15/2025, 7:04:30 PM] info: GET /blogImages/logo_20251014140137_Blogpage3.jpg
[10/15/2025, 7:04:30 PM] info: GET /blogImages/logo_20251014140310_Blogpage6.png
[10/15/2025, 7:04:30 PM] info: GET /blogImages/logo_20251015113046_Blogpage2.jpg
[10/15/2025, 7:04:37 PM] info: GET /blogcreation/get
[10/15/2025, 7:04:37 PM] info: Blog fetched successfully
[10/15/2025, 7:04:37 PM] info: GET /blogImages/logo_20251015113046_Blogpage2.jpg
[10/15/2025, 7:04:37 PM] info: GET /blogImages/logo_20251014134443_Blogpage1.jpg
[10/15/2025, 7:04:37 PM] info: GET /blogImages/logo_20251014140137_Blogpage3.jpg
[10/15/2025, 7:04:37 PM] info: GET /blogImages/logo_20251014140310_Blogpage6.png
[10/15/2025, 7:11:13 PM] info: GET /blogcreation/get
[10/15/2025, 7:11:13 PM] info: Blog fetched successfully
[10/15/2025, 7:11:13 PM] info: GET /blogImages/logo_20251014134443_Blogpage1.jpg
[10/15/2025, 7:11:13 PM] info: GET /blogImages/logo_20251014140137_Blogpage3.jpg
[10/15/2025, 7:11:13 PM] info: GET /blogImages/logo_20251014140310_Blogpage6.png
[10/15/2025, 7:11:13 PM] info: GET /blogImages/logo_20251015113046_Blogpage2.jpg
[10/15/2025, 7:12:21 PM] info: GET /blogcreation/get
[10/15/2025, 7:12:22 PM] info: Blog fetched successfully
[10/15/2025, 7:12:22 PM] info: GET /blogImages/logo_20251015113046_Blogpage2.jpg
[10/15/2025, 7:12:22 PM] info: GET /blogImages/logo_20251014134443_Blogpage1.jpg
[10/15/2025, 7:12:22 PM] info: GET /blogImages/logo_20251014140137_Blogpage3.jpg
[10/15/2025, 7:12:22 PM] info: GET /blogImages/logo_20251014140310_Blogpage6.png
[10/15/2025, 7:13:44 PM] info: GET /blogcreation/get
[10/15/2025, 7:13:44 PM] info: Blog fetched successfully
[10/15/2025, 7:13:44 PM] info: GET /blogImages/logo_20251014134443_Blogpage1.jpg
[10/15/2025, 7:13:44 PM] info: GET /blogImages/logo_20251014140310_Blogpage6.png
[10/15/2025, 7:13:44 PM] info: GET /blogImages/logo_20251014140137_Blogpage3.jpg
[10/15/2025, 7:13:44 PM] info: GET /blogImages/logo_20251015113046_Blogpage2.jpg
[10/15/2025, 7:13:52 PM] info: GET /blogcreation/get
[10/15/2025, 7:13:52 PM] info: Blog fetched successfully
[10/15/2025, 7:13:52 PM] info: GET /blogImages/logo_20251015113046_Blogpage2.jpg
[10/15/2025, 7:13:52 PM] info: GET /blogImages/logo_20251014134443_Blogpage1.jpg
[10/15/2025, 7:13:52 PM] info: GET /blogImages/logo_20251014140137_Blogpage3.jpg
[10/15/2025, 7:13:52 PM] info: GET /blogImages/logo_20251014140310_Blogpage6.png
[10/15/2025, 7:15:00 PM] info: GET /blogcreation/get
[10/15/2025, 7:15:00 PM] info: Blog fetched successfully
[10/15/2025, 7:15:00 PM] info: GET /blogImages/logo_20251015113046_Blogpage2.jpg
[10/15/2025, 7:15:00 PM] info: GET /blogImages/logo_20251014140137_Blogpage3.jpg
[10/15/2025, 7:15:00 PM] info: GET /blogImages/logo_20251014134443_Blogpage1.jpg
[10/15/2025, 7:15:00 PM] info: GET /blogImages/logo_20251014140310_Blogpage6.png
[10/15/2025, 7:16:23 PM] info: GET /blogcreation/get
[10/15/2025, 7:16:23 PM] info: Blog fetched successfully
[10/15/2025, 7:16:23 PM] info: GET /blogImages/logo_20251015113046_Blogpage2.jpg
[10/15/2025, 7:16:23 PM] info: GET /blogImages/logo_20251014134443_Blogpage1.jpg
[10/15/2025, 7:16:23 PM] info: GET /blogImages/logo_20251014140137_Blogpage3.jpg
[10/15/2025, 7:16:23 PM] info: GET /blogImages/logo_20251014140310_Blogpage6.png
[10/15/2025, 10:51:54 PM] info: GET /blogcreation/get
[10/15/2025, 10:51:55 PM] info: Blog fetched successfully
[10/15/2025, 10:51:55 PM] info: GET /blogImages/logo_20251015113046_Blogpage2.jpg
[10/15/2025, 10:51:55 PM] info: GET /blogImages/logo_20251014134443_Blogpage1.jpg
[10/15/2025, 10:51:55 PM] info: GET /blogImages/logo_20251014140137_Blogpage3.jpg
[10/15/2025, 10:51:55 PM] info: GET /blogImages/logo_20251014140310_Blogpage6.png
[10/15/2025, 10:52:00 PM] info: GET /blogcreation/getdeatils/1
[10/15/2025, 10:52:00 PM] info: GET /blogImages/logo_20251015113046_Blogpage2.jpg
