[8/6/2025, 12:48:18 PM] info: POST /blogcreation/Post
[8/6/2025, 12:48:18 PM] error: postblogcreation: ReferenceError: ClientPrices is not defined
[8/6/2025, 12:48:21 PM] info: POST /blogcreation/Post
[8/6/2025, 12:48:21 PM] error: postblogcreation: ReferenceError: ClientPrices is not defined
[8/6/2025, 12:48:28 PM] info: POST /blogcreation/Post
[8/6/2025, 12:48:28 PM] error: postblogcreation: ReferenceError: ClientPrices is not defined
[8/6/2025, 12:48:29 PM] info: POST /blogcreation/Post
[8/6/2025, 12:48:29 PM] error: postblogcreation: ReferenceError: ClientPrices is not defined
[8/6/2025, 12:49:18 PM] info: POST /blogcreation/Post
[8/6/2025, 12:49:18 PM] error: postblogcreation: ReferenceError: ClientPrices is not defined
[8/6/2025, 12:49:36 PM] info: POST /blogcreation/Post
[8/6/2025, 12:49:36 PM] error: postblogcreation: ReferenceError: ClientPrices is not defined
[8/6/2025, 12:49:37 PM] info: POST /blogcreation/Post
[8/6/2025, 12:49:37 PM] error: postblogcreation: ReferenceError: ClientPrices is not defined
[8/6/2025, 12:49:39 PM] info: POST /blogcreation/Post
[8/6/2025, 12:49:39 PM] error: postblogcreation: ReferenceError: ClientPrices is not defined
[8/6/2025, 12:50:21 PM] info: POST /blogcreation/Post
[8/6/2025, 12:52:06 PM] info: POST /blogcreation/Post
[8/6/2025, 12:58:38 PM] info: POST /intern/Post
[8/6/2025, 12:58:38 PM] info: POST /internmail
[8/6/2025, 1:07:50 PM] info: POST /blogcreation/Post
[8/6/2025, 2:12:11 PM] info: POST /blogcreation/Post
[8/6/2025, 2:12:16 PM] info: POST /blogcreation/Post
[8/6/2025, 2:12:24 PM] info: POST /blogcreation/Post
[8/6/2025, 2:12:24 PM] info: POST /blogcreation/Post
[8/6/2025, 2:12:25 PM] info: POST /blogcreation/Post
[8/6/2025, 2:12:25 PM] info: POST /blogcreation/Post
[8/6/2025, 2:13:40 PM] info: POST /blogcreation/Post
[8/6/2025, 2:21:26 PM] info: POST /blogcreation/Post
[8/6/2025, 2:25:31 PM] info: POST /blogcreation/Post
[8/6/2025, 2:30:03 PM] info: POST /blogcreation/Post
[8/6/2025, 2:33:47 PM] info: POST /blogcreation/Post
[8/6/2025, 2:40:08 PM] info: POST /blogcreation/Post
[8/6/2025, 2:59:23 PM] info: GET /blogcreation/Put
[8/6/2025, 3:00:13 PM] info: GET /blogcreation
[8/6/2025, 3:02:57 PM] info: GET /blogcreation
[8/6/2025, 3:02:58 PM] info:  Blog fetched successfully
[8/6/2025, 3:02:59 PM] info: GET /blogcreation
[8/6/2025, 3:02:59 PM] info:  Blog fetched successfully
[8/6/2025, 3:02:59 PM] info: GET /blogcreation
[8/6/2025, 3:02:59 PM] info:  Blog fetched successfully
[8/6/2025, 3:02:59 PM] info: GET /blogcreation
[8/6/2025, 3:02:59 PM] info:  Blog fetched successfully
[8/6/2025, 3:03:03 PM] info: GET /blogcreation
[8/6/2025, 3:03:03 PM] info:  Blog fetched successfully
[8/6/2025, 3:03:22 PM] info: GET /blogcreation
[8/6/2025, 3:03:22 PM] info:  Blog fetched successfully
[8/6/2025, 3:07:13 PM] info: GET /blogcreation
[8/6/2025, 3:07:13 PM] info:  Blog fetched successfully
[8/6/2025, 3:28:22 PM] info: GET /blogcreation
[8/6/2025, 3:28:22 PM] info:  Blog fetched successfully
[8/6/2025, 3:28:24 PM] info: GET /blogcreation
[8/6/2025, 3:28:24 PM] info:  Blog fetched successfully
[8/6/2025, 3:29:09 PM] info: GET /blogcreation
[8/6/2025, 3:29:09 PM] info:  Blog fetched successfully
[8/6/2025, 3:42:25 PM] info: GET /blogcreation/getdata/2
[8/6/2025, 3:42:26 PM] info: GET /blogcreation/getdata/2
[8/6/2025, 3:42:27 PM] info: GET /blogcreation/getdata/2
[8/6/2025, 3:42:27 PM] info: GET /blogcreation/getdata/2
[8/6/2025, 3:42:29 PM] info: GET /blogcreation/getdata/1
[8/6/2025, 3:42:34 PM] info: GET /blogcreation/getdata/2
[8/6/2025, 3:47:07 PM] info: GET /blogcreation/getdata/1
[8/6/2025, 3:47:08 PM] info: GET /blogcreation/getdata/1
[8/6/2025, 3:47:59 PM] info: GET /blogcreation/getdata/2
[8/6/2025, 3:49:06 PM] info: GET /blogcreation/getdata/2
[8/6/2025, 3:50:08 PM] info: GET /blogcreation/getdata/1
[8/6/2025, 3:52:16 PM] info: GET /blogcreation/getdata/1
[8/6/2025, 4:12:41 PM] info: GET /blogcreation
[8/6/2025, 4:12:42 PM] info:  Blog fetched successfully
[8/6/2025, 4:12:43 PM] info: GET /blogcreation/getdata/1
[8/6/2025, 4:21:11 PM] info: GET /blogcreation
[8/6/2025, 4:21:12 PM] info:  Blog fetched successfully
[8/6/2025, 4:21:14 PM] info: GET /blogcreation/getdata/1
[8/6/2025, 4:22:01 PM] info: GET /blogcreation
[8/6/2025, 4:22:01 PM] info:  Blog fetched successfully
[8/6/2025, 4:22:32 PM] info: GET /blogcreation/getdata/1
[8/6/2025, 4:26:04 PM] info: GET /blogcreation
[8/6/2025, 4:26:05 PM] info:  Blog fetched successfully
[8/6/2025, 4:26:07 PM] info: GET /blogcreation/getdata/2
[8/6/2025, 4:38:29 PM] info: GET /blogcreation
[8/6/2025, 4:38:30 PM] info:  Blog fetched successfully
[8/6/2025, 4:39:12 PM] info: GET /blogcreation/getdata/1
[8/6/2025, 4:42:51 PM] info: GET /blogcreation
[8/6/2025, 4:42:51 PM] info:  Blog fetched successfully
[8/6/2025, 4:43:32 PM] info: GET /blogcreation/getdata/1
[8/6/2025, 4:44:21 PM] info: GET /blogcreation
[8/6/2025, 4:44:22 PM] info:  Blog fetched successfully
[8/6/2025, 4:44:31 PM] info: GET /blogcreation
[8/6/2025, 4:44:31 PM] info:  Blog fetched successfully
[8/6/2025, 4:44:43 PM] info: GET /blogcreation/getdata/2
[8/6/2025, 4:45:05 PM] info: GET /blogcreation
[8/6/2025, 4:45:05 PM] info:  Blog fetched successfully
[8/6/2025, 4:45:13 PM] info: GET /blogcreation/getdata/2
[8/6/2025, 4:48:07 PM] info: GET /blogcreation
[8/6/2025, 4:48:07 PM] info:  Blog fetched successfully
[8/6/2025, 4:48:09 PM] info: GET /blogcreation/getdata/2
[8/6/2025, 4:48:23 PM] info: GET /blogcreation
[8/6/2025, 4:48:23 PM] info:  Blog fetched successfully
[8/6/2025, 4:48:25 PM] info: GET /blogcreation/getdata/2
[8/6/2025, 4:50:33 PM] info: GET /blogcreation
[8/6/2025, 4:50:34 PM] info:  Blog fetched successfully
[8/6/2025, 4:50:35 PM] info: GET /blogcreation/getdata/2
[8/6/2025, 4:53:04 PM] info: GET /blogcreation
[8/6/2025, 4:53:05 PM] info:  Blog fetched successfully
[8/6/2025, 4:53:16 PM] info: GET /blogcreation/getdata/2
[8/6/2025, 4:54:20 PM] info: GET /blogcreation
[8/6/2025, 4:54:21 PM] info:  Blog fetched successfully
[8/6/2025, 4:54:30 PM] info: GET /blogcreation/getdata/2
[8/6/2025, 4:55:42 PM] info: GET /blogcreation
[8/6/2025, 4:55:42 PM] info:  Blog fetched successfully
[8/6/2025, 4:55:58 PM] info: GET /blogcreation/getdata/2
[8/6/2025, 5:00:13 PM] info: GET /blogcreation
[8/6/2025, 5:00:13 PM] info:  Blog fetched successfully
[8/6/2025, 5:00:28 PM] info: GET /blogcreation/getdata/2
[8/6/2025, 5:03:53 PM] info: GET /blogcreation
[8/6/2025, 5:03:54 PM] info:  Blog fetched successfully
[8/6/2025, 5:04:07 PM] info: GET /blogcreation/getdata/2
[8/6/2025, 5:12:21 PM] info: GET /blogcreation
[8/6/2025, 5:12:21 PM] info:  Blog fetched successfully
[8/6/2025, 5:12:23 PM] info: GET /blogcreation/getdata/2
[8/6/2025, 5:12:24 PM] info: GET /blogcreation
[8/6/2025, 5:12:24 PM] info:  Blog fetched successfully
[8/6/2025, 5:12:46 PM] info: GET /blogcreation/getdata/2
[8/6/2025, 5:23:35 PM] info: GET /blogcreation
[8/6/2025, 5:23:36 PM] info:  Blog fetched successfully
[8/6/2025, 5:23:52 PM] info: GET /blogcreation/getdata/2
[8/6/2025, 5:26:43 PM] info: GET /blogcreation
[8/6/2025, 5:26:43 PM] info:  Blog fetched successfully
[8/6/2025, 5:26:57 PM] info: GET /blogcreation/getdata/2
[8/6/2025, 5:27:26 PM] info: GET /blogcreation
[8/6/2025, 5:27:26 PM] info:  Blog fetched successfully
[8/6/2025, 5:27:42 PM] info: GET /blogcreation/getdata/1
[8/6/2025, 5:27:49 PM] info: GET /blogcreation
[8/6/2025, 5:27:49 PM] info:  Blog fetched successfully
[8/6/2025, 5:27:51 PM] info: GET /blogcreation/getdata/2
[8/6/2025, 5:27:56 PM] info: GET /blogcreation
[8/6/2025, 5:27:56 PM] info:  Blog fetched successfully
[8/6/2025, 5:29:10 PM] info: GET /blogcreation/getdata/2
[8/6/2025, 5:29:26 PM] info: POST /blogcreation/Post
[8/6/2025, 5:29:31 PM] info: POST /blogcreation/Post
[8/6/2025, 5:29:53 PM] info: POST /blogcreation/Post
[8/6/2025, 5:30:10 PM] info: GET /blogcreation
[8/6/2025, 5:30:11 PM] info:  Blog fetched successfully
[8/6/2025, 5:30:40 PM] info: POST /blogcreation/Post
[8/6/2025, 5:33:38 PM] info: GET /blogcreation
[8/6/2025, 5:33:39 PM] info:  Blog fetched successfully
[8/6/2025, 5:33:44 PM] info: GET /blogcreation/getdata/3
[8/6/2025, 6:00:27 PM] info: GET /blogcreation
[8/6/2025, 6:00:27 PM] info:  Blog fetched successfully
[8/6/2025, 6:00:31 PM] info: GET /blogcreation/getdata/3
[8/6/2025, 6:18:02 PM] info: POST /blogcreation/Post
[8/6/2025, 6:18:02 PM] error: Error: Unexpected end of form
    at Multipart._final (D:\Infologia06.08.2025\Backend\node_modules\busboy\lib\types\multipart.js:588:17)
    at prefinish (node:internal/streams/writable:916:14)
    at finishMaybe (node:internal/streams/writable:930:5)
    at Writable.end (node:internal/streams/writable:845:5)
    at onend (node:internal/streams/readable:948:10)
    at process.processTicksAndRejections (node:internal/process/task_queues:85:11)
[8/6/2025, 6:21:01 PM] info: POST /blogcreation/Post
[8/6/2025, 6:21:01 PM] error: Error: Unexpected end of form
    at Multipart._final (D:\Infologia06.08.2025\Backend\node_modules\busboy\lib\types\multipart.js:588:17)
    at prefinish (node:internal/streams/writable:916:14)
    at finishMaybe (node:internal/streams/writable:930:5)
    at Writable.end (node:internal/streams/writable:845:5)
    at onend (node:internal/streams/readable:948:10)
    at process.processTicksAndRejections (node:internal/process/task_queues:85:11)
