[11/17/2025, 10:04:30 AM] info: GET /blogcreation/get
[11/17/2025, 10:04:31 AM] info: Blog fetched successfully
[11/17/2025, 10:04:31 AM] info: GET /blogImages/logo_20251022061648_Blogpage2.jpg
[11/17/2025, 10:04:31 AM] info: GET /blogImages/logo_20251014134443_Blogpage1.jpg
[11/17/2025, 10:04:31 AM] info: GET /blogImages/logo_20251014140137_Blogpage3.jpg
[11/17/2025, 10:04:31 AM] info: GET /blogImages/logo_20251114151610_Cargowise%20Neo.png
[11/17/2025, 10:04:31 AM] info: GET /blogImages/logo_20251014140310_Blogpage6.png
[11/17/2025, 10:06:28 AM] info: GET /blogcreation/get
[11/17/2025, 10:06:28 AM] info: Blog fetched successfully
[11/17/2025, 10:06:29 AM] info: GET /blogImages/logo_20251022061648_Blogpage2.jpg
[11/17/2025, 10:06:29 AM] info: GET /blogImages/logo_20251014134443_Blogpage1.jpg
[11/17/2025, 10:06:29 AM] info: GET /blogImages/logo_20251014140137_Blogpage3.jpg
[11/17/2025, 10:06:29 AM] info: GET /blogImages/logo_20251014140310_Blogpage6.png
[11/17/2025, 10:06:29 AM] info: GET /blogImages/logo_20251114151610_Cargowise%20Neo.png
[11/17/2025, 10:28:01 AM] info: GET /blogcreation/get
[11/17/2025, 10:28:01 AM] info: Blog fetched successfully
[11/17/2025, 10:28:52 AM] info: GET /blogcreation/get
[11/17/2025, 10:28:52 AM] info: Blog fetched successfully
[11/17/2025, 10:28:53 AM] info: GET /blogImages/logo_20251022061648_Blogpage2.jpg
[11/17/2025, 10:28:53 AM] info: GET /blogImages/logo_20251014134443_Blogpage1.jpg
[11/17/2025, 10:28:53 AM] info: GET /blogImages/logo_20251014140137_Blogpage3.jpg
[11/17/2025, 10:28:53 AM] info: GET /blogImages/logo_20251014140310_Blogpage6.png
[11/17/2025, 10:28:53 AM] info: GET /blogImages/logo_20251114151610_Cargowise%20Neo.png
[11/17/2025, 10:29:14 AM] info: GET /blogcreation/getdeatils/9
[11/17/2025, 10:31:04 AM] info: GET /blogcreation/get
[11/17/2025, 10:31:04 AM] info: Blog fetched successfully
[11/17/2025, 10:31:08 AM] info: GET /blogcreation/getdeatils/9
[11/17/2025, 10:31:11 AM] info: GET /blogcreation/get
[11/17/2025, 10:31:11 AM] info: Blog fetched successfully
[11/17/2025, 10:31:13 AM] info: GET /blogcreation/getdeatils/4
[11/17/2025, 10:31:19 AM] info: GET /blogcreation/getdeatils/9
[11/17/2025, 10:36:10 AM] info: GET /intern/existsemails/asiqahmed6909@gmail.com
[11/17/2025, 10:36:51 AM] info: GET /intern/existsemails/sankarpilt@gmail.com
[11/17/2025, 10:37:26 AM] info: GET /applicants/existsemails/sankarpilt@gmail.com
[11/17/2025, 10:54:43 AM] info: GET /blogcreation/get
[11/17/2025, 10:54:44 AM] info: Blog fetched successfully
[11/17/2025, 11:59:15 AM] info: GET /blogcreation/get
[11/17/2025, 11:59:15 AM] info: Blog fetched successfully
[11/17/2025, 11:59:15 AM] info: GET /blogImages/logo_20251022061648_Blogpage2.jpg
[11/17/2025, 11:59:15 AM] info: GET /blogImages/logo_20251014134443_Blogpage1.jpg
[11/17/2025, 11:59:15 AM] info: GET /blogImages/logo_20251014140137_Blogpage3.jpg
[11/17/2025, 11:59:15 AM] info: GET /blogImages/logo_20251014140310_Blogpage6.png
[11/17/2025, 11:59:15 AM] info: GET /blogImages/logo_20251114151610_Cargowise%20Neo.png
[11/17/2025, 11:59:18 AM] info: GET /blogcreation/get
[11/17/2025, 11:59:18 AM] info: Blog fetched successfully
[11/17/2025, 11:59:18 AM] info: GET /blogImages/logo_20251022061648_Blogpage2.jpg
[11/17/2025, 11:59:18 AM] info: GET /blogImages/logo_20251014134443_Blogpage1.jpg
[11/17/2025, 11:59:18 AM] info: GET /blogImages/logo_20251014140137_Blogpage3.jpg
[11/17/2025, 11:59:18 AM] info: GET /blogImages/logo_20251014140310_Blogpage6.png
[11/17/2025, 11:59:18 AM] info: GET /blogImages/logo_20251114151610_Cargowise%20Neo.png
[11/17/2025, 12:05:58 PM] info: GET /blogcreation/get
[11/17/2025, 12:05:58 PM] info: Blog fetched successfully
[11/17/2025, 12:06:04 PM] info: GET /blogcreation/get
[11/17/2025, 12:06:04 PM] info: Blog fetched successfully
[11/17/2025, 12:06:04 PM] info: GET /blogImages/logo_20251014134443_Blogpage1.jpg
[11/17/2025, 12:06:04 PM] info: GET /blogImages/logo_20251022061648_Blogpage2.jpg
[11/17/2025, 12:06:04 PM] info: GET /blogImages/logo_20251014140137_Blogpage3.jpg
[11/17/2025, 12:06:04 PM] info: GET /blogImages/logo_20251014140310_Blogpage6.png
[11/17/2025, 12:06:04 PM] info: GET /blogImages/logo_20251114151610_Cargowise%20Neo.png
[11/17/2025, 1:09:48 PM] info: GET /blogcreation/get
[11/17/2025, 1:10:12 PM] info: GET /blogcreation/get
[11/17/2025, 1:11:26 PM] info: GET /blogcreation/get
[11/17/2025, 1:12:41 PM] info: GET /blogcreation/get
[11/17/2025, 1:12:59 PM] info: GET /blogcreation/get
[11/17/2025, 1:19:48 PM] info: GET /blogcreation/get
[11/17/2025, 1:19:49 PM] info: GET /blogImages/logo_20251114151610_Cargowise%20Neo.png
[11/17/2025, 1:19:49 PM] info: GET /blogImages/logo_20251014140310_Blogpage6.png
[11/17/2025, 1:19:49 PM] info: GET /blogImages/logo_20251014140137_Blogpage3.jpg
[11/17/2025, 1:19:49 PM] info: GET /blogImages/logo_20251014134443_Blogpage1.jpg
[11/17/2025, 1:19:49 PM] info: GET /blogImages/logo_20251022061648_Blogpage2.jpg
[11/17/2025, 1:20:02 PM] info: GET /blogcreation/get
[11/17/2025, 1:22:09 PM] info: GET /blogcreation/get
[11/17/2025, 1:22:19 PM] info: GET /blogcreation/get
[11/17/2025, 1:22:37 PM] info: GET /blogcreation/get
[11/17/2025, 1:22:38 PM] info: GET /blogImages/logo_20251114151610_Cargowise%20Neo.png
[11/17/2025, 1:22:38 PM] info: GET /blogImages/logo_20251014140310_Blogpage6.png
[11/17/2025, 1:22:38 PM] info: GET /blogImages/logo_20251014140137_Blogpage3.jpg
[11/17/2025, 1:22:38 PM] info: GET /blogImages/logo_20251014134443_Blogpage1.jpg
[11/17/2025, 1:22:38 PM] info: GET /blogImages/logo_20251022061648_Blogpage2.jpg
[11/17/2025, 1:22:46 PM] info: GET /blogcreation/get
[11/17/2025, 1:22:46 PM] info: GET /blogImages/logo_20251114151610_Cargowise%20Neo.png
[11/17/2025, 1:22:46 PM] info: GET /blogImages/logo_20251014140310_Blogpage6.png
[11/17/2025, 1:22:46 PM] info: GET /blogImages/logo_20251014140137_Blogpage3.jpg
[11/17/2025, 1:22:46 PM] info: GET /blogImages/logo_20251014134443_Blogpage1.jpg
[11/17/2025, 1:22:46 PM] info: GET /blogImages/logo_20251022061648_Blogpage2.jpg
[11/17/2025, 2:09:06 PM] info: GET /blogcreation/get
[11/17/2025, 2:09:07 PM] info: GET /blogImages/logo_20251114151610_Cargowise%20Neo.png
[11/17/2025, 2:09:07 PM] info: GET /blogImages/logo_20251014140310_Blogpage6.png
[11/17/2025, 2:09:07 PM] info: GET /blogImages/logo_20251014140137_Blogpage3.jpg
[11/17/2025, 2:09:07 PM] info: GET /blogImages/logo_20251014134443_Blogpage1.jpg
[11/17/2025, 2:09:07 PM] info: GET /blogImages/logo_20251022061648_Blogpage2.jpg
[11/17/2025, 2:13:14 PM] info: GET /blogcreation/get
[11/17/2025, 2:13:14 PM] info: GET /blogImages/logo_20251114151610_Cargowise%20Neo.png
[11/17/2025, 2:13:14 PM] info: GET /blogImages/logo_20251014140310_Blogpage6.png
[11/17/2025, 2:13:14 PM] info: GET /blogImages/logo_20251014140137_Blogpage3.jpg
[11/17/2025, 2:13:14 PM] info: GET /blogImages/logo_20251014134443_Blogpage1.jpg
[11/17/2025, 2:13:14 PM] info: GET /blogImages/logo_20251022061648_Blogpage2.jpg
[11/17/2025, 2:13:19 PM] info: GET /blogcreation/get
[11/17/2025, 2:13:19 PM] info: GET /blogImages/logo_20251114151610_Cargowise%20Neo.png
[11/17/2025, 2:13:19 PM] info: GET /blogImages/logo_20251014140310_Blogpage6.png
[11/17/2025, 2:13:19 PM] info: GET /blogImages/logo_20251014140137_Blogpage3.jpg
[11/17/2025, 2:13:19 PM] info: GET /blogImages/logo_20251014134443_Blogpage1.jpg
[11/17/2025, 2:13:19 PM] info: GET /blogImages/logo_20251022061648_Blogpage2.jpg
[11/17/2025, 2:13:40 PM] info: GET /blogcreation/get
[11/17/2025, 2:13:41 PM] info: GET /blogImages/logo_20251114151610_Cargowise%20Neo.png
[11/17/2025, 2:13:41 PM] info: GET /blogImages/logo_20251014140310_Blogpage6.png
[11/17/2025, 2:13:41 PM] info: GET /blogImages/logo_20251014140137_Blogpage3.jpg
[11/17/2025, 2:13:41 PM] info: GET /blogImages/logo_20251014134443_Blogpage1.jpg
[11/17/2025, 2:13:41 PM] info: GET /blogImages/logo_20251022061648_Blogpage2.jpg
[11/17/2025, 2:14:01 PM] info: GET /blogcreation/get
[11/17/2025, 2:14:02 PM] info: GET /blogImages/logo_20251114151610_Cargowise%20Neo.png
[11/17/2025, 2:14:02 PM] info: GET /blogImages/logo_20251014140310_Blogpage6.png
[11/17/2025, 2:14:02 PM] info: GET /blogImages/logo_20251014140137_Blogpage3.jpg
[11/17/2025, 2:14:02 PM] info: GET /blogImages/logo_20251014134443_Blogpage1.jpg
[11/17/2025, 2:14:02 PM] info: GET /blogImages/logo_20251022061648_Blogpage2.jpg
[11/17/2025, 2:14:51 PM] info: GET /blogcreation/get
[11/17/2025, 2:14:51 PM] info: GET /blogImages/logo_20251114151610_Cargowise%20Neo.png
[11/17/2025, 2:14:51 PM] info: GET /blogImages/logo_20251014140310_Blogpage6.png
[11/17/2025, 2:14:51 PM] info: GET /blogImages/logo_20251014140137_Blogpage3.jpg
[11/17/2025, 2:14:51 PM] info: GET /blogImages/logo_20251014134443_Blogpage1.jpg
[11/17/2025, 2:14:51 PM] info: GET /blogImages/logo_20251022061648_Blogpage2.jpg
[11/17/2025, 2:17:39 PM] info: GET /blogcreation/get
[11/17/2025, 2:17:39 PM] info: GET /blogImages/logo_20251114151610_Cargowise%20Neo.png
[11/17/2025, 2:17:39 PM] info: GET /blogImages/logo_20251014140137_Blogpage3.jpg
[11/17/2025, 2:17:39 PM] info: GET /blogImages/logo_20251014134443_Blogpage1.jpg
[11/17/2025, 2:17:39 PM] info: GET /blogImages/logo_20251022061648_Blogpage2.jpg
[11/17/2025, 2:17:39 PM] info: GET /blogImages/logo_20251014140310_Blogpage6.png
[11/17/2025, 2:17:44 PM] info: GET /blogcreation/getdeatils/9
[11/17/2025, 3:23:37 PM] info: POST /Login
[11/17/2025, 3:23:37 PM] info: POST /Login
[11/17/2025, 3:23:39 PM] info: POST /Login
[11/17/2025, 3:23:45 PM] info: POST /Login
[11/17/2025, 3:23:45 PM] info: GET /blogcreation
[11/17/2025, 3:23:45 PM] info:  Blog fetched successfully
[11/17/2025, 3:23:55 PM] info: GET /blogcreation/getdata/10
[11/17/2025, 3:24:01 PM] info: PUT /blogcreation/Update/10
[11/17/2025, 3:26:58 PM] info: GET /blogcreation
[11/17/2025, 3:26:59 PM] info:  Blog fetched successfully
[11/17/2025, 3:27:01 PM] info: GET /blogcreation/getdata/10
[11/17/2025, 3:28:25 PM] info: PUT /blogcreation/Update/10
[11/17/2025, 3:28:38 PM] info: GET /blogcreation
[11/17/2025, 3:28:39 PM] info:  Blog fetched successfully
[11/17/2025, 3:28:41 PM] info: GET /blogcreation/getdata/10
[11/17/2025, 3:29:23 PM] info: PUT /blogcreation/Update/10
[11/17/2025, 3:29:36 PM] info: GET /blogcreation
[11/17/2025, 3:29:36 PM] info:  Blog fetched successfully
[11/17/2025, 3:29:38 PM] info: GET /blogcreation
[11/17/2025, 3:29:38 PM] info:  Blog fetched successfully
[11/17/2025, 3:29:41 PM] info: GET /blogcreation/getdata/10
[11/17/2025, 3:30:17 PM] info: PUT /blogcreation/Update/10
[11/17/2025, 3:31:52 PM] info: GET /blogcreation
[11/17/2025, 3:31:52 PM] info:  Blog fetched successfully
[11/17/2025, 3:31:54 PM] info: GET /blogcreation
[11/17/2025, 3:31:54 PM] info:  Blog fetched successfully
[11/17/2025, 3:32:01 PM] info: GET /blogcreation/getdata/10
[11/17/2025, 3:32:04 PM] info: GET /blogcreation
[11/17/2025, 3:32:05 PM] info:  Blog fetched successfully
[11/17/2025, 3:32:08 PM] info: GET /blogcreation/data/10
[11/17/2025, 3:32:08 PM] info: GET /blogcreation
[11/17/2025, 3:32:08 PM] info:  Blog fetched successfully
[11/17/2025, 6:46:02 PM] info: GET /blogcreation/get
[11/17/2025, 6:50:05 PM] info: GET /blogcreation/get
[11/17/2025, 6:50:30 PM] info: GET /blogcreation/get
[11/17/2025, 7:01:31 PM] info: GET /blogcreation/get
[11/17/2025, 7:05:01 PM] info: GET /blogcreation/get
[11/17/2025, 7:05:06 PM] info: GET /blogcreation/get
[11/17/2025, 7:08:08 PM] info: GET /blogcreation/get
[11/17/2025, 7:08:43 PM] info: GET /blogcreation/getdeatils/10
[11/17/2025, 7:08:44 PM] info: GET /blogImages/logo_20251117093211_sits_dashboard.png
[11/17/2025, 7:08:50 PM] info: GET /blogcreation/get
[11/17/2025, 7:10:03 PM] info: GET /blogcreation/get
[11/17/2025, 7:10:50 PM] info: GET /blogcreation/get
[11/17/2025, 7:10:51 PM] info: GET /blogImages/logo_20251117093211_sits_dashboard.png
[11/17/2025, 7:11:45 PM] info: GET /blogcreation/get
[11/17/2025, 7:45:22 PM] info: GET /blogcreation/get
[11/17/2025, 7:45:27 PM] info: GET /blogcreation/getdeatils/10
[11/17/2025, 7:45:44 PM] info: GET /blogcreation/get
[11/17/2025, 7:45:48 PM] info: GET /blogcreation/get
[11/17/2025, 7:45:54 PM] info: GET /blogcreation/get
[11/17/2025, 7:45:57 PM] info: GET /blogcreation/get
