[11/26/2025, 10:31:35 AM] info: POST /Login
[11/26/2025, 10:31:36 AM] info: GET /blogcreation
[11/26/2025, 10:31:36 AM] info:  Blog fetched successfully
[11/26/2025, 10:31:42 AM] info: GET /blogcreation
[11/26/2025, 10:31:42 AM] info:  Blog fetched successfully
[11/26/2025, 10:31:48 AM] info: GET /blogcreation/getdata/1
[11/26/2025, 10:46:35 AM] info: GET /blogcreation
[11/26/2025, 10:46:36 AM] info:  Blog fetched successfully
[11/26/2025, 10:46:39 AM] info: GET /blogcreation
[11/26/2025, 10:46:39 AM] info:  Blog fetched successfully
[11/26/2025, 10:55:41 AM] info: POST /Login
[11/26/2025, 10:55:41 AM] info: GET /blogcreation
[11/26/2025, 10:55:41 AM] info:  Blog fetched successfully
[11/26/2025, 11:11:49 AM] info: POST /Login
[11/26/2025, 11:11:50 AM] info: GET /blogcreation
[11/26/2025, 11:11:50 AM] info:  Blog fetched successfully
[11/26/2025, 11:12:33 AM] info: GET /blogcreation
[11/26/2025, 11:12:33 AM] info:  Blog fetched successfully
[11/26/2025, 11:12:35 AM] info: GET /blogcreation
[11/26/2025, 11:12:35 AM] info:  Blog fetched successfully
[11/26/2025, 11:19:23 AM] info: POST /Login
[11/26/2025, 11:19:23 AM] info: GET /blogcreation
[11/26/2025, 11:19:24 AM] info:  Blog fetched successfully
[11/26/2025, 11:22:31 AM] info: GET /blogcreation
[11/26/2025, 11:22:31 AM] info:  Blog fetched successfully
[11/26/2025, 11:22:34 AM] info: POST /blogcreation/getpost
[11/26/2025, 11:22:34 AM] info: GET /blogcreation/getdeatils/9
[11/26/2025, 11:22:34 AM] info: POST /blogcreation/getpost
[11/26/2025, 11:22:34 AM] info: GET /blogcreation/getdeatils/9
[11/26/2025, 11:22:38 AM] info: POST /blogcreation/getpost
[11/26/2025, 11:22:42 AM] info: GET /blogcreation
[11/26/2025, 11:22:42 AM] info:  Blog fetched successfully
[11/26/2025, 11:23:45 AM] info: GET /blogcreation
[11/26/2025, 11:23:46 AM] info:  Blog fetched successfully
[11/26/2025, 11:23:55 AM] info: POST /blogcreation/getpost
[11/26/2025, 11:23:55 AM] info: GET /blogcreation/getdeatils/9
[11/26/2025, 11:24:15 AM] info: POST /blogcreation/getpost
[11/26/2025, 11:24:15 AM] info: GET /blogcreation/getdeatils/9
[11/26/2025, 11:24:17 AM] info: POST /blogcreation/getpost
[11/26/2025, 11:25:59 AM] info: GET /blogcreation
[11/26/2025, 11:26:00 AM] info:  Blog fetched successfully
[11/26/2025, 11:26:00 AM] info: POST /blogcreation/getpost
[11/26/2025, 11:26:00 AM] info: GET /blogcreation/getdeatils/9
[11/26/2025, 11:26:01 AM] info: POST /blogcreation/getpost
[11/26/2025, 11:26:01 AM] info: GET /blogcreation/getdeatils/9
[11/26/2025, 11:26:11 AM] info: POST /blogcreation/getpost
[11/26/2025, 11:26:11 AM] info: GET /blogcreation/getdeatils/9
[11/26/2025, 11:26:11 AM] info: POST /blogcreation/getpost
[11/26/2025, 11:26:11 AM] info: GET /blogcreation/getdeatils/9
[11/26/2025, 11:26:12 AM] info: POST /blogcreation/getpost
[11/26/2025, 11:28:17 AM] info: POST /blogcreation/getpost
[11/26/2025, 11:28:17 AM] info: GET /blogcreation/getdeatils/9
[11/26/2025, 11:28:18 AM] info: GET /blogcreation
[11/26/2025, 11:28:19 AM] info:  Blog fetched successfully
[11/26/2025, 11:28:21 AM] info: GET /blogcreation
[11/26/2025, 11:28:21 AM] info:  Blog fetched successfully
[11/26/2025, 11:28:27 AM] info: POST /blogcreation/getpost
[11/26/2025, 11:28:27 AM] info: GET /blogcreation/getdeatils/9
[11/26/2025, 11:28:30 AM] info: POST /blogcreation/getpost
[11/26/2025, 11:37:35 AM] info: GET /blogcreation
[11/26/2025, 11:37:36 AM] info:  Blog fetched successfully
[11/26/2025, 11:37:42 AM] info: GET /blogcreation/getdata/1
[11/26/2025, 11:39:11 AM] info: GET /blogcreation
[11/26/2025, 11:39:11 AM] info:  Blog fetched successfully
[11/26/2025, 11:39:15 AM] info: GET /blogcreation/getdata/9
[11/26/2025, 11:40:05 AM] info: GET /blogcreation
[11/26/2025, 11:40:05 AM] info:  Blog fetched successfully
[11/26/2025, 11:40:09 AM] info: GET /blogcreation/getdata/1
[11/26/2025, 11:40:34 AM] info: PUT /blogcreation/Update/1
[11/26/2025, 11:40:35 AM] info: GET /blogcreation
[11/26/2025, 11:40:35 AM] info:  Blog fetched successfully
[11/26/2025, 11:40:40 AM] info: GET /blogcreation/getdata/1
[11/26/2025, 11:54:12 AM] info: GET /blogcreation
[11/26/2025, 11:54:13 AM] info:  Blog fetched successfully
[11/26/2025, 11:54:15 AM] info: GET /blogcreation
[11/26/2025, 11:54:16 AM] info:  Blog fetched successfully
[11/26/2025, 12:01:27 PM] info: GET /blogcreation
[11/26/2025, 12:01:28 PM] info:  Blog fetched successfully
[11/26/2025, 12:10:11 PM] info: POST /Login
[11/26/2025, 12:10:11 PM] info: GET /blogcreation
[11/26/2025, 12:10:12 PM] info:  Blog fetched successfully
[11/26/2025, 12:10:28 PM] info: GET /blogcreation
[11/26/2025, 12:10:29 PM] info:  Blog fetched successfully
[11/26/2025, 12:10:30 PM] info: GET /blogcreation/getdata/1
[11/26/2025, 12:10:39 PM] info: GET /blogcreation
[11/26/2025, 12:10:39 PM] info:  Blog fetched successfully
[11/26/2025, 12:10:47 PM] info: GET /blogcreation/getdata/9
[11/26/2025, 12:15:46 PM] info: GET /blogcreation
[11/26/2025, 12:15:46 PM] info:  Blog fetched successfully
[11/26/2025, 12:15:52 PM] info: GET /blogcreation/getdata/1
[11/26/2025, 12:18:47 PM] info: POST /Login
[11/26/2025, 12:18:48 PM] info: GET /blogcreation
[11/26/2025, 12:18:48 PM] info:  Blog fetched successfully
[11/26/2025, 12:18:53 PM] info: GET /blogcreation
[11/26/2025, 12:18:54 PM] info:  Blog fetched successfully
[11/26/2025, 12:18:55 PM] info: GET /blogcreation/getdata/1
[11/26/2025, 12:19:24 PM] info: PUT /blogcreation/Update/1
[11/26/2025, 12:19:24 PM] info: GET /blogcreation
[11/26/2025, 12:19:24 PM] info:  Blog fetched successfully
[11/26/2025, 12:21:59 PM] info: GET /blogcreation
[11/26/2025, 12:22:00 PM] info:  Blog fetched successfully
[11/26/2025, 12:22:03 PM] info: GET /blogcreation/getflyer
[11/26/2025, 12:22:06 PM] info: POST /blogcreation/getpost
[11/26/2025, 12:22:06 PM] info: GET /blogcreation/getdeatils/1
[11/26/2025, 12:22:06 PM] info: POST /blogcreation/getpost
[11/26/2025, 12:22:06 PM] info: GET /blogcreation/getdeatils/1
[11/26/2025, 12:22:08 PM] info: POST /blogcreation/getpost
[11/26/2025, 12:27:47 PM] info: POST /blogcreation/getpost
[11/26/2025, 12:27:47 PM] info: GET /blogcreation/getdeatils/1
[11/26/2025, 12:27:48 PM] info: POST /blogcreation/getpost
[11/26/2025, 12:27:49 PM] info: GET /blogcreation/getdeatils/1
[11/26/2025, 12:27:51 PM] info: POST /blogcreation/getpost
[11/26/2025, 12:27:51 PM] info: POST /blogcreation/getpost
[11/26/2025, 12:29:03 PM] info: GET /blogcreation/get
[11/26/2025, 12:29:08 PM] info: POST /blogcreation/getpost
[11/26/2025, 12:29:09 PM] info: GET /blogcreation/getdeatils/9
[11/26/2025, 12:29:10 PM] info: POST /blogcreation/getpost
[11/26/2025, 12:29:19 PM] info: POST /blogcreation/getpost
[11/26/2025, 12:29:19 PM] info: GET /blogcreation/getdeatils/2
[11/26/2025, 12:29:20 PM] info: POST /blogcreation/getpost
[11/26/2025, 12:30:36 PM] info: GET /blogcreation/get
[11/26/2025, 12:30:43 PM] info: POST /blogcreation/getpost
[11/26/2025, 12:30:43 PM] info: GET /blogcreation/getdeatils/9
[11/26/2025, 12:30:45 PM] info: POST /blogcreation/getpost
[11/26/2025, 12:55:21 PM] info: POST /Login
[11/26/2025, 12:55:22 PM] info: GET /blogcreation
[11/26/2025, 12:55:22 PM] info:  Blog fetched successfully
[11/26/2025, 12:55:26 PM] info: GET /blogcreation/getdata/1
[11/26/2025, 1:00:08 PM] info: POST /Login
[11/26/2025, 1:00:08 PM] info: GET /blogcreation
[11/26/2025, 1:00:08 PM] info:  Blog fetched successfully
[11/26/2025, 1:00:11 PM] info: GET /blogcreation/getdata/1
[11/26/2025, 1:17:51 PM] info: POST /Login
[11/26/2025, 1:17:52 PM] info: GET /blogcreation
[11/26/2025, 1:17:52 PM] info:  Blog fetched successfully
[11/26/2025, 1:19:14 PM] info: GET /blogcreation
[11/26/2025, 1:19:15 PM] info:  Blog fetched successfully
[11/26/2025, 1:19:22 PM] info: GET /blogcreation/getdata/1
[11/26/2025, 1:19:25 PM] info: GET /blogcreation
[11/26/2025, 1:19:25 PM] info:  Blog fetched successfully
[11/26/2025, 1:27:32 PM] info: GET /blogcreation
[11/26/2025, 1:27:32 PM] info:  Blog fetched successfully
[11/26/2025, 2:52:23 PM] info: GET /blogcreation
[11/26/2025, 2:52:24 PM] info:  Blog fetched successfully
[11/26/2025, 3:05:06 PM] info: POST /Login
[11/26/2025, 3:05:07 PM] info: GET /blogcreation
[11/26/2025, 3:05:07 PM] info:  Blog fetched successfully
[11/26/2025, 3:05:13 PM] info: GET /blogcreation
[11/26/2025, 3:05:13 PM] info:  Blog fetched successfully
[11/26/2025, 3:05:29 PM] info: GET /blogcreation/getdata/1
[11/26/2025, 3:05:29 PM] info:  Blog fetched successfully
[11/26/2025, 3:06:21 PM] info: GET /blogcreation
[11/26/2025, 3:06:22 PM] info:  Blog fetched successfully
[11/26/2025, 3:06:27 PM] info: GET /blogcreation/getdata/1
[11/26/2025, 3:06:27 PM] info:  Blog fetched successfully
[11/26/2025, 3:10:34 PM] info: GET /blogcreation
[11/26/2025, 3:10:35 PM] info:  Blog fetched successfully
[11/26/2025, 3:11:00 PM] info: POST /Login
[11/26/2025, 3:11:00 PM] info: GET /blogcreation
[11/26/2025, 3:11:00 PM] info:  Blog fetched successfully
[11/26/2025, 3:11:03 PM] info: GET /blogcreation/getdata/1
[11/26/2025, 3:11:03 PM] info:  Blog fetched successfully
[11/26/2025, 3:11:05 PM] info: GET /blogcreation
[11/26/2025, 3:11:05 PM] info:  Blog fetched successfully
[11/26/2025, 3:11:11 PM] info: GET /blogcreation/getdata/1
[11/26/2025, 3:11:11 PM] info:  Blog fetched successfully
