[11/15/2025, 12:33:29 PM] info: GET /blogcreation/get
[11/15/2025, 12:33:31 PM] info: Blog fetched successfully
[11/15/2025, 12:33:31 PM] info: GET /blogImages/logo_20251022061648_Blogpage2.jpg
[11/15/2025, 12:33:31 PM] info: GET /blogImages/logo_20251014134443_Blogpage1.jpg
[11/15/2025, 12:33:31 PM] info: GET /blogImages/logo_20251014140137_Blogpage3.jpg
[11/15/2025, 12:33:31 PM] info: GET /blogImages/logo_20251014140310_Blogpage6.png
[11/15/2025, 12:33:31 PM] info: GET /blogImages/logo_20251114151610_Cargowise%20Neo.png
[11/15/2025, 12:38:04 PM] info: GET /blogcreation/get
[11/15/2025, 12:38:05 PM] info: Blog fetched successfully
[11/15/2025, 12:38:05 PM] info: GET /blogImages/logo_20251022061648_Blogpage2.jpg
[11/15/2025, 12:38:05 PM] info: GET /blogImages/logo_20251014134443_Blogpage1.jpg
[11/15/2025, 12:38:05 PM] info: GET /blogImages/logo_20251014140137_Blogpage3.jpg
[11/15/2025, 12:38:05 PM] info: GET /blogImages/logo_20251014140310_Blogpage6.png
[11/15/2025, 12:38:05 PM] info: GET /blogImages/logo_20251114151610_Cargowise%20Neo.png
[11/15/2025, 12:38:08 PM] info: GET /blogcreation/get
[11/15/2025, 12:38:09 PM] info: Blog fetched successfully
[11/15/2025, 12:38:09 PM] info: GET /blogImages/logo_20251022061648_Blogpage2.jpg
[11/15/2025, 12:38:09 PM] info: GET /blogImages/logo_20251014134443_Blogpage1.jpg
[11/15/2025, 12:38:09 PM] info: GET /blogImages/logo_20251014140137_Blogpage3.jpg
[11/15/2025, 12:38:09 PM] info: GET /blogImages/logo_20251014140310_Blogpage6.png
[11/15/2025, 12:38:09 PM] info: GET /blogImages/logo_20251114151610_Cargowise%20Neo.png
[11/15/2025, 12:39:25 PM] info: GET /blogcreation/get
[11/15/2025, 12:39:25 PM] info: Blog fetched successfully
[11/15/2025, 12:39:25 PM] info: GET /blogImages/logo_20251022061648_Blogpage2.jpg
[11/15/2025, 12:39:25 PM] info: GET /blogImages/logo_20251014134443_Blogpage1.jpg
[11/15/2025, 12:39:25 PM] info: GET /blogImages/logo_20251014140137_Blogpage3.jpg
[11/15/2025, 12:39:25 PM] info: GET /blogImages/logo_20251014140310_Blogpage6.png
[11/15/2025, 12:39:25 PM] info: GET /blogImages/logo_20251114151610_Cargowise%20Neo.png
[11/15/2025, 12:39:29 PM] info: GET /blogcreation/get
[11/15/2025, 12:39:30 PM] info: Blog fetched successfully
[11/15/2025, 12:39:30 PM] info: GET /blogImages/logo_20251022061648_Blogpage2.jpg
[11/15/2025, 12:39:30 PM] info: GET /blogImages/logo_20251014134443_Blogpage1.jpg
[11/15/2025, 12:39:30 PM] info: GET /blogImages/logo_20251014140137_Blogpage3.jpg
[11/15/2025, 12:39:30 PM] info: GET /blogImages/logo_20251114151610_Cargowise%20Neo.png
[11/15/2025, 12:39:30 PM] info: GET /blogImages/logo_20251014140310_Blogpage6.png
[11/15/2025, 12:39:40 PM] info: GET /blogcreation/getdeatils/9
[11/15/2025, 12:39:54 PM] info: GET /blogcreation/get
[11/15/2025, 12:39:55 PM] info: Blog fetched successfully
[11/15/2025, 12:39:55 PM] info: GET /blogImages/logo_20251014140310_Blogpage6.png
[11/15/2025, 12:39:55 PM] info: GET /blogImages/logo_20251114151610_Cargowise%20Neo.png
[11/15/2025, 12:40:05 PM] info: GET /blogcreation/getdeatils/9
[11/15/2025, 12:41:43 PM] info: GET /blogcreation/get
[11/15/2025, 12:41:43 PM] info: Blog fetched successfully
[11/15/2025, 12:41:46 PM] info: GET /blogcreation/getdeatils/9
[11/15/2025, 12:44:20 PM] info: GET /blogcreation/getdeatils/9
[11/15/2025, 12:44:20 PM] info: GET /blogImages/logo_20251022061648_Blogpage2.jpg
[11/15/2025, 12:44:20 PM] info: GET /blogImages/logo_20251014134443_Blogpage1.jpg
[11/15/2025, 12:44:20 PM] info: GET /blogImages/logo_20251014140137_Blogpage3.jpg
[11/15/2025, 12:44:29 PM] info: GET /blogcreation/getdeatils/9
[11/15/2025, 12:44:29 PM] info: GET /blogImages/logo_20251014134443_Blogpage1.jpg
[11/15/2025, 12:44:29 PM] info: GET /blogImages/logo_20251022061648_Blogpage2.jpg
[11/15/2025, 12:44:29 PM] info: GET /blogImages/logo_20251014140137_Blogpage3.jpg
[11/15/2025, 12:45:26 PM] info: GET /blogcreation/get
[11/15/2025, 12:45:26 PM] info: Blog fetched successfully
[11/15/2025, 12:45:26 PM] info: GET /blogImages/logo_20251014140310_Blogpage6.png
[11/15/2025, 12:45:26 PM] info: GET /blogImages/logo_20251114151610_Cargowise%20Neo.png
[11/15/2025, 12:45:32 PM] info: GET /blogcreation/getdeatils/9
[11/15/2025, 12:56:14 PM] info: GET /blogcreation/getdeatils/9
[11/15/2025, 12:56:14 PM] info: GET /blogImages/logo_20251022061648_Blogpage2.jpg
[11/15/2025, 12:56:14 PM] info: GET /blogImages/logo_20251014134443_Blogpage1.jpg
[11/15/2025, 12:56:14 PM] info: GET /blogImages/logo_20251014140137_Blogpage3.jpg
[11/15/2025, 12:56:21 PM] info: GET /blogcreation/getdeatils/9
[11/15/2025, 12:56:21 PM] info: GET /blogImages/logo_20251022061648_Blogpage2.jpg
[11/15/2025, 12:56:21 PM] info: GET /blogImages/logo_20251014134443_Blogpage1.jpg
[11/15/2025, 12:56:21 PM] info: GET /blogImages/logo_20251014140137_Blogpage3.jpg
[11/15/2025, 12:56:24 PM] info: GET /blogcreation/getdeatils/9
[11/15/2025, 12:56:24 PM] info: GET /blogImages/logo_20251022061648_Blogpage2.jpg
[11/15/2025, 12:56:24 PM] info: GET /blogImages/logo_20251014134443_Blogpage1.jpg
[11/15/2025, 12:56:24 PM] info: GET /blogImages/logo_20251014140137_Blogpage3.jpg
[11/15/2025, 12:58:25 PM] info: GET /blogcreation/getdeatils/9
[11/15/2025, 12:58:26 PM] info: GET /blogImages/logo_20251022061648_Blogpage2.jpg
[11/15/2025, 12:58:26 PM] info: GET /blogImages/logo_20251014134443_Blogpage1.jpg
[11/15/2025, 12:58:26 PM] info: GET /blogImages/logo_20251014140137_Blogpage3.jpg
[11/15/2025, 12:58:27 PM] info: GET /blogcreation/getdeatils/9
[11/15/2025, 12:58:28 PM] info: GET /blogImages/logo_20251022061648_Blogpage2.jpg
[11/15/2025, 12:58:28 PM] info: GET /blogImages/logo_20251014134443_Blogpage1.jpg
[11/15/2025, 12:58:28 PM] info: GET /blogImages/logo_20251014140137_Blogpage3.jpg
[11/15/2025, 12:58:32 PM] info: GET /blogcreation/getdeatils/9
[11/15/2025, 12:58:32 PM] info: GET /blogImages/logo_20251022061648_Blogpage2.jpg
[11/15/2025, 12:58:32 PM] info: GET /blogImages/logo_20251014134443_Blogpage1.jpg
[11/15/2025, 12:58:32 PM] info: GET /blogImages/logo_20251014140137_Blogpage3.jpg
[11/15/2025, 12:58:35 PM] info: GET /blogcreation/getdeatils/9
[11/15/2025, 12:58:35 PM] info: GET /blogImages/logo_20251022061648_Blogpage2.jpg
[11/15/2025, 12:58:35 PM] info: GET /blogImages/logo_20251014134443_Blogpage1.jpg
[11/15/2025, 12:58:35 PM] info: GET /blogImages/logo_20251014140137_Blogpage3.jpg
[11/15/2025, 12:58:41 PM] info: GET /blogcreation/get
[11/15/2025, 12:58:41 PM] info: Blog fetched successfully
[11/15/2025, 12:58:41 PM] info: GET /blogImages/logo_20251014140310_Blogpage6.png
[11/15/2025, 12:58:41 PM] info: GET /blogImages/logo_20251114151610_Cargowise%20Neo.png
[11/15/2025, 12:58:44 PM] info: GET /blogcreation/get
[11/15/2025, 12:58:44 PM] info: Blog fetched successfully
[11/15/2025, 12:58:44 PM] info: GET /blogImages/logo_20251022061648_Blogpage2.jpg
[11/15/2025, 12:58:44 PM] info: GET /blogImages/logo_20251014134443_Blogpage1.jpg
[11/15/2025, 12:58:44 PM] info: GET /blogImages/logo_20251014140137_Blogpage3.jpg
[11/15/2025, 12:58:44 PM] info: GET /blogImages/logo_20251014140310_Blogpage6.png
[11/15/2025, 12:58:44 PM] info: GET /blogImages/logo_20251114151610_Cargowise%20Neo.png
[11/15/2025, 12:58:48 PM] info: GET /blogcreation/getdeatils/9
[11/15/2025, 12:59:25 PM] info: GET /blogcreation/getdeatils/9
[11/15/2025, 12:59:26 PM] info: GET /blogImages/logo_20251022061648_Blogpage2.jpg
[11/15/2025, 12:59:26 PM] info: GET /blogImages/logo_20251014134443_Blogpage1.jpg
[11/15/2025, 12:59:26 PM] info: GET /blogImages/logo_20251014140137_Blogpage3.jpg
[11/15/2025, 1:00:07 PM] info: GET /blogcreation/getdeatils/9
[11/15/2025, 1:00:07 PM] info: GET /blogImages/logo_20251022061648_Blogpage2.jpg
[11/15/2025, 1:00:07 PM] info: GET /blogImages/logo_20251014134443_Blogpage1.jpg
[11/15/2025, 1:00:07 PM] info: GET /blogImages/logo_20251014140137_Blogpage3.jpg
[11/15/2025, 1:02:04 PM] info: GET /blogcreation/getdeatils/9
[11/15/2025, 1:02:05 PM] info: GET /blogImages/logo_20251022061648_Blogpage2.jpg
[11/15/2025, 1:02:05 PM] info: GET /blogImages/logo_20251014140137_Blogpage3.jpg
[11/15/2025, 1:02:05 PM] info: GET /blogImages/logo_20251014134443_Blogpage1.jpg
[11/15/2025, 1:02:53 PM] info: GET /blogcreation/getdeatils/9
[11/15/2025, 1:02:54 PM] info: GET /blogImages/logo_20251022061648_Blogpage2.jpg
[11/15/2025, 1:02:54 PM] info: GET /blogImages/logo_20251014134443_Blogpage1.jpg
[11/15/2025, 1:02:54 PM] info: GET /blogImages/logo_20251014140137_Blogpage3.jpg
[11/15/2025, 1:03:40 PM] info: GET /blogcreation/getdeatils/9
[11/15/2025, 1:03:40 PM] info: GET /blogImages/logo_20251022061648_Blogpage2.jpg
[11/15/2025, 1:03:40 PM] info: GET /blogImages/logo_20251014134443_Blogpage1.jpg
[11/15/2025, 1:03:40 PM] info: GET /blogImages/logo_20251014140137_Blogpage3.jpg
[11/15/2025, 1:04:27 PM] info: GET /blogcreation/getdeatils/9
[11/15/2025, 1:04:28 PM] info: GET /blogImages/logo_20251022061648_Blogpage2.jpg
[11/15/2025, 1:04:28 PM] info: GET /blogImages/logo_20251014134443_Blogpage1.jpg
[11/15/2025, 1:04:28 PM] info: GET /blogImages/logo_20251014140137_Blogpage3.jpg
[11/15/2025, 1:04:34 PM] info: GET /blogcreation/getdeatils/9
[11/15/2025, 1:04:35 PM] info: GET /blogImages/logo_20251022061648_Blogpage2.jpg
[11/15/2025, 1:04:35 PM] info: GET /blogImages/logo_20251014134443_Blogpage1.jpg
[11/15/2025, 1:04:35 PM] info: GET /blogImages/logo_20251014140137_Blogpage3.jpg
[11/15/2025, 1:06:58 PM] info: GET /blogcreation/getdeatils/9
[11/15/2025, 1:06:59 PM] info: GET /blogImages/logo_20251022061648_Blogpage2.jpg
[11/15/2025, 1:06:59 PM] info: GET /blogImages/logo_20251014134443_Blogpage1.jpg
[11/15/2025, 1:06:59 PM] info: GET /blogImages/logo_20251014140137_Blogpage3.jpg
[11/15/2025, 1:07:05 PM] info: GET /blogcreation/getdeatils/9
[11/15/2025, 1:07:05 PM] info: GET /blogImages/logo_20251114151610_Cargowise%20Neo.png
[11/15/2025, 1:07:05 PM] info: GET /blogImages/logo_20251022061648_Blogpage2.jpg
[11/15/2025, 1:07:05 PM] info: GET /blogImages/logo_20251014134443_Blogpage1.jpg
[11/15/2025, 1:07:05 PM] info: GET /blogImages/logo_20251014140137_Blogpage3.jpg
[11/15/2025, 1:10:16 PM] info: GET /blogcreation/getdeatils/9
[11/15/2025, 1:11:16 PM] info: GET /blogImages/logo_20251114151610_Cargowise%20Neo.png
[11/15/2025, 1:11:16 PM] info: GET /blogImages/logo_20251022061648_Blogpage2.jpg
[11/15/2025, 1:11:16 PM] info: GET /blogImages/logo_20251014134443_Blogpage1.jpg
[11/15/2025, 1:11:16 PM] info: GET /blogImages/logo_20251014140137_Blogpage3.jpg
[11/15/2025, 1:11:17 PM] info: GET /blogcreation/getdeatils/9
[11/15/2025, 1:11:24 PM] info: GET /blogImages/logo_20251114151610_Cargowise%20Neo.png
[11/15/2025, 1:16:21 PM] info: GET /blogcreation/getdeatils/9
[11/15/2025, 1:16:37 PM] info: GET /blogcreation/getdeatils/9
[11/15/2025, 1:18:41 PM] info: GET /blogcreation/getdeatils/9
[11/15/2025, 1:18:47 PM] info: GET /blogImages/logo_20251114151610_Cargowise%20Neo.png
[11/15/2025, 1:18:47 PM] info: GET /blogImages/logo_20251022061648_Blogpage2.jpg
[11/15/2025, 1:18:47 PM] info: GET /blogImages/logo_20251014134443_Blogpage1.jpg
[11/15/2025, 1:18:47 PM] info: GET /blogImages/logo_20251014140137_Blogpage3.jpg
[11/15/2025, 1:19:09 PM] info: GET /blogcreation/getdeatils/9
[11/15/2025, 1:19:10 PM] info: GET /blogImages/logo_20251114151610_Cargowise%20Neo.png
[11/15/2025, 1:19:10 PM] info: GET /blogImages/logo_20251022061648_Blogpage2.jpg
[11/15/2025, 1:19:10 PM] info: GET /blogImages/logo_20251014134443_Blogpage1.jpg
[11/15/2025, 1:19:10 PM] info: GET /blogImages/logo_20251014140137_Blogpage3.jpg
[11/15/2025, 1:20:07 PM] info: GET /blogcreation/getdeatils/9
[11/15/2025, 1:20:08 PM] info: GET /blogImages/logo_20251114151610_Cargowise%20Neo.png
[11/15/2025, 1:20:08 PM] info: GET /blogImages/logo_20251022061648_Blogpage2.jpg
[11/15/2025, 1:20:08 PM] info: GET /blogImages/logo_20251014134443_Blogpage1.jpg
[11/15/2025, 1:20:08 PM] info: GET /blogImages/logo_20251014140137_Blogpage3.jpg
[11/15/2025, 1:20:15 PM] info: GET /blogcreation/getdeatils/9
[11/15/2025, 1:20:15 PM] info: GET /blogImages/logo_20251114151610_Cargowise%20Neo.png
[11/15/2025, 1:20:16 PM] info: GET /blogImages/logo_20251022061648_Blogpage2.jpg
[11/15/2025, 1:20:16 PM] info: GET /blogImages/logo_20251014134443_Blogpage1.jpg
[11/15/2025, 1:20:16 PM] info: GET /blogImages/logo_20251014140137_Blogpage3.jpg
[11/15/2025, 1:22:59 PM] info: GET /blogcreation/getdeatils/9
[11/15/2025, 1:23:00 PM] info: GET /blogImages/logo_20251114151610_Cargowise%20Neo.png
[11/15/2025, 1:23:00 PM] info: GET /blogImages/logo_20251022061648_Blogpage2.jpg
[11/15/2025, 1:23:00 PM] info: GET /blogImages/logo_20251014134443_Blogpage1.jpg
[11/15/2025, 1:23:00 PM] info: GET /blogImages/logo_20251014140137_Blogpage3.jpg
[11/15/2025, 1:23:09 PM] info: GET /blogcreation/getdeatils/9
[11/15/2025, 1:23:09 PM] info: GET /blogImages/logo_20251114151610_Cargowise%20Neo.png
[11/15/2025, 1:23:09 PM] info: GET /blogImages/logo_20251022061648_Blogpage2.jpg
[11/15/2025, 1:23:09 PM] info: GET /blogImages/logo_20251014134443_Blogpage1.jpg
[11/15/2025, 1:23:09 PM] info: GET /blogImages/logo_20251014140137_Blogpage3.jpg
[11/15/2025, 1:25:03 PM] info: GET /blogcreation/getdeatils/9
[11/15/2025, 1:25:04 PM] info: GET /blogImages/logo_20251114151610_Cargowise%20Neo.png
[11/15/2025, 1:25:04 PM] info: GET /blogImages/logo_20251022061648_Blogpage2.jpg
[11/15/2025, 1:25:04 PM] info: GET /blogImages/logo_20251014134443_Blogpage1.jpg
[11/15/2025, 1:25:04 PM] info: GET /blogImages/logo_20251014140137_Blogpage3.jpg
[11/15/2025, 1:25:33 PM] info: GET /blogcreation/getdeatils/9
[11/15/2025, 1:25:33 PM] info: GET /blogImages/logo_20251114151610_Cargowise%20Neo.png
[11/15/2025, 1:25:33 PM] info: GET /blogImages/logo_20251022061648_Blogpage2.jpg
[11/15/2025, 1:25:33 PM] info: GET /blogImages/logo_20251014134443_Blogpage1.jpg
[11/15/2025, 1:25:33 PM] info: GET /blogImages/logo_20251014140137_Blogpage3.jpg
[11/15/2025, 1:25:57 PM] info: GET /blogcreation/getdeatils/9
[11/15/2025, 1:25:58 PM] info: GET /blogImages/logo_20251114151610_Cargowise%20Neo.png
[11/15/2025, 1:25:58 PM] info: GET /blogImages/logo_20251022061648_Blogpage2.jpg
[11/15/2025, 1:25:58 PM] info: GET /blogImages/logo_20251014134443_Blogpage1.jpg
[11/15/2025, 1:25:58 PM] info: GET /blogImages/logo_20251014140137_Blogpage3.jpg
[11/15/2025, 1:26:06 PM] info: GET /blogcreation/getdeatils/9
[11/15/2025, 1:26:07 PM] info: GET /blogImages/logo_20251114151610_Cargowise%20Neo.png
[11/15/2025, 1:26:07 PM] info: GET /blogImages/logo_20251022061648_Blogpage2.jpg
[11/15/2025, 1:26:07 PM] info: GET /blogImages/logo_20251014134443_Blogpage1.jpg
[11/15/2025, 1:26:07 PM] info: GET /blogImages/logo_20251014140137_Blogpage3.jpg
[11/15/2025, 1:27:21 PM] info: GET /blogcreation/getdeatils/9
[11/15/2025, 1:27:22 PM] info: GET /blogImages/logo_20251114151610_Cargowise%20Neo.png
[11/15/2025, 1:27:22 PM] info: GET /blogImages/logo_20251022061648_Blogpage2.jpg
[11/15/2025, 1:27:22 PM] info: GET /blogImages/logo_20251014134443_Blogpage1.jpg
[11/15/2025, 1:27:22 PM] info: GET /blogImages/logo_20251014140137_Blogpage3.jpg
[11/15/2025, 1:27:47 PM] info: GET /blogcreation/getdeatils/9
[11/15/2025, 1:27:48 PM] info: GET /blogImages/logo_20251114151610_Cargowise%20Neo.png
[11/15/2025, 1:27:48 PM] info: GET /blogImages/logo_20251022061648_Blogpage2.jpg
[11/15/2025, 1:27:48 PM] info: GET /blogImages/logo_20251014134443_Blogpage1.jpg
[11/15/2025, 1:27:48 PM] info: GET /blogImages/logo_20251014140137_Blogpage3.jpg
[11/15/2025, 1:27:53 PM] info: GET /blogcreation/get
[11/15/2025, 1:27:54 PM] info: Blog fetched successfully
[11/15/2025, 1:27:54 PM] info: GET /blogImages/logo_20251014140310_Blogpage6.png
[11/15/2025, 1:27:57 PM] info: GET /blogcreation/getdeatils/9
[11/15/2025, 1:28:10 PM] info: GET /blogcreation/getdeatils/9
[11/15/2025, 1:28:11 PM] info: GET /blogImages/logo_20251114151610_Cargowise%20Neo.png
[11/15/2025, 1:28:11 PM] info: GET /blogImages/logo_20251022061648_Blogpage2.jpg
[11/15/2025, 1:28:11 PM] info: GET /blogImages/logo_20251014134443_Blogpage1.jpg
[11/15/2025, 1:28:11 PM] info: GET /blogImages/logo_20251014140137_Blogpage3.jpg
[11/15/2025, 1:28:59 PM] info: GET /blogcreation/getdeatils/9
[11/15/2025, 1:29:06 PM] info: GET /blogImages/logo_20251114151610_Cargowise%20Neo.png
[11/15/2025, 1:29:06 PM] info: GET /blogImages/logo_20251022061648_Blogpage2.jpg
[11/15/2025, 1:29:06 PM] info: GET /blogImages/logo_20251014134443_Blogpage1.jpg
[11/15/2025, 1:29:06 PM] info: GET /blogImages/logo_20251014140137_Blogpage3.jpg
[11/15/2025, 1:31:03 PM] info: GET /blogcreation/getdeatils/9
[11/15/2025, 1:31:04 PM] info: GET /blogImages/logo_20251114151610_Cargowise%20Neo.png
[11/15/2025, 1:31:04 PM] info: GET /blogImages/logo_20251022061648_Blogpage2.jpg
[11/15/2025, 1:31:04 PM] info: GET /blogImages/logo_20251014134443_Blogpage1.jpg
[11/15/2025, 1:31:04 PM] info: GET /blogImages/logo_20251014140137_Blogpage3.jpg
[11/15/2025, 1:31:19 PM] info: GET /blogcreation/getdeatils/9
[11/15/2025, 1:31:20 PM] info: GET /blogImages/logo_20251114151610_Cargowise%20Neo.png
[11/15/2025, 1:31:20 PM] info: GET /blogImages/logo_20251022061648_Blogpage2.jpg
[11/15/2025, 1:31:20 PM] info: GET /blogImages/logo_20251014134443_Blogpage1.jpg
[11/15/2025, 1:31:20 PM] info: GET /blogImages/logo_20251014140137_Blogpage3.jpg
[11/15/2025, 1:31:51 PM] info: GET /blogcreation/getdeatils/9
[11/15/2025, 1:31:52 PM] info: GET /blogImages/logo_20251114151610_Cargowise%20Neo.png
[11/15/2025, 1:31:52 PM] info: GET /blogImages/logo_20251022061648_Blogpage2.jpg
[11/15/2025, 1:31:52 PM] info: GET /blogImages/logo_20251014134443_Blogpage1.jpg
[11/15/2025, 1:31:52 PM] info: GET /blogImages/logo_20251014140137_Blogpage3.jpg
[11/15/2025, 1:33:04 PM] info: GET /blogcreation/getdeatils/9
[11/15/2025, 1:33:05 PM] info: GET /blogImages/logo_20251114151610_Cargowise%20Neo.png
[11/15/2025, 1:33:05 PM] info: GET /blogImages/logo_20251022061648_Blogpage2.jpg
[11/15/2025, 1:33:05 PM] info: GET /blogImages/logo_20251014134443_Blogpage1.jpg
[11/15/2025, 1:33:05 PM] info: GET /blogImages/logo_20251014140137_Blogpage3.jpg
[11/15/2025, 1:33:36 PM] info: GET /blogcreation/getdeatils/9
[11/15/2025, 1:33:37 PM] info: GET /blogImages/logo_20251114151610_Cargowise%20Neo.png
[11/15/2025, 1:33:37 PM] info: GET /blogImages/logo_20251022061648_Blogpage2.jpg
[11/15/2025, 1:33:37 PM] info: GET /blogImages/logo_20251014134443_Blogpage1.jpg
[11/15/2025, 1:33:37 PM] info: GET /blogImages/logo_20251014140137_Blogpage3.jpg
[11/15/2025, 1:33:44 PM] info: GET /blogcreation/get
[11/15/2025, 1:33:44 PM] info: Blog fetched successfully
[11/15/2025, 1:33:45 PM] info: GET /blogImages/logo_20251014140310_Blogpage6.png
[11/15/2025, 1:33:46 PM] info: GET /blogcreation/getdeatils/9
[11/15/2025, 1:34:02 PM] info: GET /blogcreation/getdeatils/9
[11/15/2025, 1:34:03 PM] info: GET /blogImages/logo_20251114151610_Cargowise%20Neo.png
[11/15/2025, 1:34:03 PM] info: GET /blogImages/logo_20251022061648_Blogpage2.jpg
[11/15/2025, 1:34:03 PM] info: GET /blogImages/logo_20251014134443_Blogpage1.jpg
[11/15/2025, 1:34:03 PM] info: GET /blogImages/logo_20251014140137_Blogpage3.jpg
[11/15/2025, 1:35:41 PM] info: GET /blogcreation/getdeatils/9
[11/15/2025, 1:35:41 PM] info: GET /blogImages/logo_20251114151610_Cargowise%20Neo.png
[11/15/2025, 1:35:41 PM] info: GET /blogImages/logo_20251022061648_Blogpage2.jpg
[11/15/2025, 1:35:41 PM] info: GET /blogImages/logo_20251014134443_Blogpage1.jpg
[11/15/2025, 1:35:41 PM] info: GET /blogImages/logo_20251014140137_Blogpage3.jpg
[11/15/2025, 1:35:52 PM] info: GET /blogcreation/getdeatils/9
[11/15/2025, 1:35:52 PM] info: GET /blogImages/logo_20251114151610_Cargowise%20Neo.png
[11/15/2025, 1:35:52 PM] info: GET /blogImages/logo_20251022061648_Blogpage2.jpg
[11/15/2025, 1:35:52 PM] info: GET /blogImages/logo_20251014134443_Blogpage1.jpg
[11/15/2025, 1:35:52 PM] info: GET /blogImages/logo_20251014140137_Blogpage3.jpg
[11/15/2025, 1:40:12 PM] info: GET /blogcreation/getdeatils/9
[11/15/2025, 1:40:13 PM] info: GET /blogImages/logo_20251114151610_Cargowise%20Neo.png
[11/15/2025, 1:40:13 PM] info: GET /blogImages/logo_20251022061648_Blogpage2.jpg
[11/15/2025, 1:40:13 PM] info: GET /blogImages/logo_20251014134443_Blogpage1.jpg
[11/15/2025, 1:40:13 PM] info: GET /blogImages/logo_20251014140137_Blogpage3.jpg
[11/15/2025, 1:40:22 PM] info: GET /blogcreation/getdeatils/9
[11/15/2025, 1:40:23 PM] info: GET /blogImages/logo_20251114151610_Cargowise%20Neo.png
[11/15/2025, 1:40:23 PM] info: GET /blogImages/logo_20251022061648_Blogpage2.jpg
[11/15/2025, 1:40:23 PM] info: GET /blogImages/logo_20251014134443_Blogpage1.jpg
[11/15/2025, 1:40:23 PM] info: GET /blogImages/logo_20251014140137_Blogpage3.jpg
[11/15/2025, 1:40:48 PM] info: GET /blogcreation/getdeatils/9
[11/15/2025, 1:40:48 PM] info: GET /blogImages/logo_20251114151610_Cargowise%20Neo.png
[11/15/2025, 1:40:48 PM] info: GET /blogImages/logo_20251022061648_Blogpage2.jpg
[11/15/2025, 1:40:48 PM] info: GET /blogImages/logo_20251014134443_Blogpage1.jpg
[11/15/2025, 1:40:48 PM] info: GET /blogImages/logo_20251014140137_Blogpage3.jpg
[11/15/2025, 1:40:52 PM] info: GET /blogcreation/getdeatils/9
[11/15/2025, 1:40:52 PM] info: GET /blogImages/logo_20251114151610_Cargowise%20Neo.png
[11/15/2025, 1:40:52 PM] info: GET /blogImages/logo_20251022061648_Blogpage2.jpg
[11/15/2025, 1:40:52 PM] info: GET /blogImages/logo_20251014134443_Blogpage1.jpg
[11/15/2025, 1:40:52 PM] info: GET /blogImages/logo_20251014140137_Blogpage3.jpg
[11/15/2025, 1:44:25 PM] info: GET /blogcreation/getdeatils/9
[11/15/2025, 1:44:26 PM] info: GET /blogImages/logo_20251114151610_Cargowise%20Neo.png
[11/15/2025, 1:44:26 PM] info: GET /blogImages/logo_20251022061648_Blogpage2.jpg
[11/15/2025, 1:44:26 PM] info: GET /blogImages/logo_20251014134443_Blogpage1.jpg
[11/15/2025, 1:44:26 PM] info: GET /blogImages/logo_20251014140137_Blogpage3.jpg
[11/15/2025, 1:44:28 PM] info: GET /blogcreation/getdeatils/9
[11/15/2025, 1:44:28 PM] info: GET /blogImages/logo_20251114151610_Cargowise%20Neo.png
[11/15/2025, 1:44:28 PM] info: GET /blogImages/logo_20251022061648_Blogpage2.jpg
[11/15/2025, 1:44:28 PM] info: GET /blogImages/logo_20251014134443_Blogpage1.jpg
[11/15/2025, 1:44:28 PM] info: GET /blogImages/logo_20251014140137_Blogpage3.jpg
[11/15/2025, 1:44:56 PM] info: GET /blogcreation/getdeatils/9
[11/15/2025, 1:44:56 PM] info: GET /blogImages/logo_20251114151610_Cargowise%20Neo.png
[11/15/2025, 1:44:56 PM] info: GET /blogImages/logo_20251022061648_Blogpage2.jpg
[11/15/2025, 1:44:56 PM] info: GET /blogImages/logo_20251014134443_Blogpage1.jpg
[11/15/2025, 1:44:56 PM] info: GET /blogImages/logo_20251014140137_Blogpage3.jpg
[11/15/2025, 1:46:34 PM] info: GET /blogcreation/getdeatils/9
[11/15/2025, 1:46:36 PM] info: GET /blogImages/logo_20251114151610_Cargowise%20Neo.png
[11/15/2025, 1:46:36 PM] info: GET /blogImages/logo_20251022061648_Blogpage2.jpg
[11/15/2025, 1:46:36 PM] info: GET /blogImages/logo_20251014134443_Blogpage1.jpg
[11/15/2025, 1:46:36 PM] info: GET /blogImages/logo_20251014140137_Blogpage3.jpg
[11/15/2025, 1:48:27 PM] info: GET /blogcreation/getdeatils/9
[11/15/2025, 1:48:28 PM] info: GET /blogImages/logo_20251114151610_Cargowise%20Neo.png
[11/15/2025, 1:48:28 PM] info: GET /blogImages/logo_20251022061648_Blogpage2.jpg
[11/15/2025, 1:48:28 PM] info: GET /blogImages/logo_20251014134443_Blogpage1.jpg
[11/15/2025, 1:48:28 PM] info: GET /blogImages/logo_20251014140137_Blogpage3.jpg
[11/15/2025, 1:48:43 PM] info: GET /blogcreation/getdeatils/9
[11/15/2025, 1:48:43 PM] info: GET /blogImages/logo_20251114151610_Cargowise%20Neo.png
[11/15/2025, 1:48:43 PM] info: GET /blogImages/logo_20251022061648_Blogpage2.jpg
[11/15/2025, 1:48:43 PM] info: GET /blogImages/logo_20251014134443_Blogpage1.jpg
[11/15/2025, 1:48:43 PM] info: GET /blogImages/logo_20251014140137_Blogpage3.jpg
[11/15/2025, 1:49:28 PM] info: GET /blogcreation/getdeatils/9
[11/15/2025, 1:49:29 PM] info: GET /blogImages/logo_20251114151610_Cargowise%20Neo.png
[11/15/2025, 1:49:29 PM] info: GET /blogImages/logo_20251022061648_Blogpage2.jpg
[11/15/2025, 1:49:29 PM] info: GET /blogImages/logo_20251014134443_Blogpage1.jpg
[11/15/2025, 1:49:29 PM] info: GET /blogImages/logo_20251014140137_Blogpage3.jpg
[11/15/2025, 1:49:36 PM] info: GET /blogcreation/getdeatils/9
[11/15/2025, 1:49:37 PM] info: GET /blogImages/logo_20251114151610_Cargowise%20Neo.png
[11/15/2025, 1:49:37 PM] info: GET /blogImages/logo_20251022061648_Blogpage2.jpg
[11/15/2025, 1:49:37 PM] info: GET /blogImages/logo_20251014134443_Blogpage1.jpg
[11/15/2025, 1:49:37 PM] info: GET /blogImages/logo_20251014140137_Blogpage3.jpg
[11/15/2025, 1:52:18 PM] info: GET /blogcreation/getdeatils/9
[11/15/2025, 1:52:19 PM] info: GET /blogImages/logo_20251114151610_Cargowise%20Neo.png
[11/15/2025, 1:52:19 PM] info: GET /blogImages/logo_20251022061648_Blogpage2.jpg
[11/15/2025, 1:52:19 PM] info: GET /blogImages/logo_20251014134443_Blogpage1.jpg
[11/15/2025, 1:52:19 PM] info: GET /blogImages/logo_20251014140137_Blogpage3.jpg
[11/15/2025, 1:52:21 PM] info: GET /blogcreation/getdeatils/9
[11/15/2025, 1:52:21 PM] info: GET /blogImages/logo_20251114151610_Cargowise%20Neo.png
[11/15/2025, 1:52:21 PM] info: GET /blogImages/logo_20251022061648_Blogpage2.jpg
[11/15/2025, 1:52:21 PM] info: GET /blogImages/logo_20251014134443_Blogpage1.jpg
[11/15/2025, 1:52:21 PM] info: GET /blogImages/logo_20251014140137_Blogpage3.jpg
[11/15/2025, 1:52:31 PM] info: GET /blogcreation/getdeatils/9
[11/15/2025, 1:52:32 PM] info: GET /blogImages/logo_20251114151610_Cargowise%20Neo.png
[11/15/2025, 1:52:32 PM] info: GET /blogImages/logo_20251022061648_Blogpage2.jpg
[11/15/2025, 1:52:32 PM] info: GET /blogImages/logo_20251014134443_Blogpage1.jpg
[11/15/2025, 1:52:32 PM] info: GET /blogImages/logo_20251014140137_Blogpage3.jpg
[11/15/2025, 2:28:19 PM] info: GET /blogcreation/getdeatils/9
[11/15/2025, 2:28:20 PM] info: GET /blogImages/logo_20251114151610_Cargowise%20Neo.png
[11/15/2025, 2:28:20 PM] info: GET /blogImages/logo_20251022061648_Blogpage2.jpg
[11/15/2025, 2:28:20 PM] info: GET /blogImages/logo_20251014134443_Blogpage1.jpg
[11/15/2025, 2:28:20 PM] info: GET /blogImages/logo_20251014140137_Blogpage3.jpg
[11/15/2025, 2:28:33 PM] info: GET /blogcreation/getdeatils/9
[11/15/2025, 2:28:34 PM] info: GET /blogImages/logo_20251114151610_Cargowise%20Neo.png
[11/15/2025, 2:28:34 PM] info: GET /blogImages/logo_20251022061648_Blogpage2.jpg
[11/15/2025, 2:28:34 PM] info: GET /blogImages/logo_20251014134443_Blogpage1.jpg
[11/15/2025, 2:28:34 PM] info: GET /blogImages/logo_20251014140137_Blogpage3.jpg
[11/15/2025, 2:33:56 PM] info: GET /blogcreation/getdeatils/9
[11/15/2025, 2:33:57 PM] info: GET /blogImages/logo_20251022061648_Blogpage2.jpg
[11/15/2025, 2:33:57 PM] info: GET /blogImages/logo_20251014134443_Blogpage1.jpg
[11/15/2025, 2:33:57 PM] info: GET /blogImages/logo_20251014140137_Blogpage3.jpg
[11/15/2025, 2:34:38 PM] info: GET /blogcreation/getdeatils/9
[11/15/2025, 2:34:39 PM] info: GET /blogImages/logo_20251022061648_Blogpage2.jpg
[11/15/2025, 2:34:39 PM] info: GET /blogImages/logo_20251014134443_Blogpage1.jpg
[11/15/2025, 2:34:39 PM] info: GET /blogImages/logo_20251014140137_Blogpage3.jpg
[11/15/2025, 2:35:01 PM] info: GET /blogcreation/getdeatils/9
[11/15/2025, 2:35:02 PM] info: GET /blogImages/logo_20251022061648_Blogpage2.jpg
[11/15/2025, 2:35:02 PM] info: GET /blogImages/logo_20251014134443_Blogpage1.jpg
[11/15/2025, 2:35:02 PM] info: GET /blogImages/logo_20251014140137_Blogpage3.jpg
[11/15/2025, 2:35:47 PM] info: GET /blogcreation/getdeatils/9
[11/15/2025, 2:35:48 PM] info: GET /blogImages/logo_20251022061648_Blogpage2.jpg
[11/15/2025, 2:35:48 PM] info: GET /blogImages/logo_20251014134443_Blogpage1.jpg
[11/15/2025, 2:35:48 PM] info: GET /blogImages/logo_20251014140137_Blogpage3.jpg
[11/15/2025, 2:45:41 PM] info: GET /blogcreation/getdeatils/9
[11/15/2025, 2:45:42 PM] info: GET /blogImages/logo_20251022061648_Blogpage2.jpg
[11/15/2025, 2:45:42 PM] info: GET /blogImages/logo_20251014134443_Blogpage1.jpg
[11/15/2025, 2:45:42 PM] info: GET /blogImages/logo_20251014140137_Blogpage3.jpg
[11/15/2025, 2:45:45 PM] info: GET /blogcreation/getdeatils/9
[11/15/2025, 2:45:46 PM] info: GET /blogImages/logo_20251022061648_Blogpage2.jpg
[11/15/2025, 2:45:46 PM] info: GET /blogImages/logo_20251014134443_Blogpage1.jpg
[11/15/2025, 2:45:46 PM] info: GET /blogImages/logo_20251014140137_Blogpage3.jpg
[11/15/2025, 2:49:26 PM] info: GET /blogcreation/getdeatils/9
[11/15/2025, 2:49:26 PM] info: GET /blogImages/logo_20251022061648_Blogpage2.jpg
[11/15/2025, 2:49:26 PM] info: GET /blogImages/logo_20251014134443_Blogpage1.jpg
[11/15/2025, 2:49:26 PM] info: GET /blogImages/logo_20251014140137_Blogpage3.jpg
[11/15/2025, 2:49:30 PM] info: GET /blogcreation/getdeatils/9
[11/15/2025, 2:49:31 PM] info: GET /blogImages/logo_20251022061648_Blogpage2.jpg
[11/15/2025, 2:49:31 PM] info: GET /blogImages/logo_20251014134443_Blogpage1.jpg
[11/15/2025, 2:49:31 PM] info: GET /blogImages/logo_20251014140137_Blogpage3.jpg
[11/15/2025, 2:51:09 PM] info: GET /blogcreation/getdeatils/9
[11/15/2025, 2:51:10 PM] info: GET /blogImages/logo_20251022061648_Blogpage2.jpg
[11/15/2025, 2:51:10 PM] info: GET /blogImages/logo_20251014134443_Blogpage1.jpg
[11/15/2025, 2:51:10 PM] info: GET /blogImages/logo_20251014140137_Blogpage3.jpg
[11/15/2025, 2:51:13 PM] info: GET /blogcreation/getdeatils/9
[11/15/2025, 2:51:14 PM] info: GET /blogImages/logo_20251022061648_Blogpage2.jpg
[11/15/2025, 2:51:14 PM] info: GET /blogImages/logo_20251014134443_Blogpage1.jpg
[11/15/2025, 2:51:14 PM] info: GET /blogImages/logo_20251014140137_Blogpage3.jpg
[11/15/2025, 2:52:37 PM] info: GET /blogcreation/getdeatils/9
[11/15/2025, 2:52:37 PM] info: GET /blogImages/logo_20251022061648_Blogpage2.jpg
[11/15/2025, 2:52:37 PM] info: GET /blogImages/logo_20251014134443_Blogpage1.jpg
[11/15/2025, 2:52:37 PM] info: GET /blogImages/logo_20251014140137_Blogpage3.jpg
[11/15/2025, 2:52:39 PM] info: GET /blogcreation/getdeatils/9
[11/15/2025, 2:52:39 PM] info: GET /blogImages/logo_20251022061648_Blogpage2.jpg
[11/15/2025, 2:52:39 PM] info: GET /blogImages/logo_20251014134443_Blogpage1.jpg
[11/15/2025, 2:52:39 PM] info: GET /blogImages/logo_20251014140137_Blogpage3.jpg
[11/15/2025, 2:52:46 PM] info: GET /blogcreation/getdeatils/9
[11/15/2025, 2:52:46 PM] info: GET /blogImages/logo_20251022061648_Blogpage2.jpg
[11/15/2025, 2:52:46 PM] info: GET /blogImages/logo_20251014134443_Blogpage1.jpg
[11/15/2025, 2:52:46 PM] info: GET /blogImages/logo_20251014140137_Blogpage3.jpg
[11/15/2025, 2:53:20 PM] info: GET /blogcreation/getdeatils/9
[11/15/2025, 2:53:21 PM] info: GET /blogImages/logo_20251114151610_Cargowise%20Neo.png
[11/15/2025, 2:53:21 PM] info: GET /blogImages/logo_20251022061648_Blogpage2.jpg
[11/15/2025, 2:53:21 PM] info: GET /blogImages/logo_20251014134443_Blogpage1.jpg
[11/15/2025, 2:53:21 PM] info: GET /blogImages/logo_20251014140137_Blogpage3.jpg
[11/15/2025, 2:53:25 PM] info: GET /blogcreation/getdeatils/9
[11/15/2025, 2:53:25 PM] info: GET /blogImages/logo_20251114151610_Cargowise%20Neo.png
[11/15/2025, 2:53:25 PM] info: GET /blogImages/logo_20251022061648_Blogpage2.jpg
[11/15/2025, 2:53:25 PM] info: GET /blogImages/logo_20251014134443_Blogpage1.jpg
[11/15/2025, 2:53:25 PM] info: GET /blogImages/logo_20251014140137_Blogpage3.jpg
[11/15/2025, 2:58:33 PM] info: GET /blogcreation/getdeatils/9
[11/15/2025, 2:58:34 PM] info: GET /blogImages/logo_20251114151610_Cargowise%20Neo.png
[11/15/2025, 2:58:34 PM] info: GET /blogImages/logo_20251022061648_Blogpage2.jpg
[11/15/2025, 2:58:34 PM] info: GET /blogImages/logo_20251014134443_Blogpage1.jpg
[11/15/2025, 2:58:34 PM] info: GET /blogImages/logo_20251014140137_Blogpage3.jpg
[11/15/2025, 2:59:02 PM] info: GET /blogcreation/getdeatils/9
[11/15/2025, 2:59:03 PM] info: GET /blogImages/logo_20251114151610_Cargowise%20Neo.png
[11/15/2025, 2:59:03 PM] info: GET /blogImages/logo_20251022061648_Blogpage2.jpg
[11/15/2025, 2:59:03 PM] info: GET /blogImages/logo_20251014134443_Blogpage1.jpg
[11/15/2025, 2:59:03 PM] info: GET /blogImages/logo_20251014140137_Blogpage3.jpg
[11/15/2025, 2:59:17 PM] info: GET /blogcreation/getdeatils/9
[11/15/2025, 2:59:18 PM] info: GET /blogImages/logo_20251114151610_Cargowise%20Neo.png
[11/15/2025, 2:59:18 PM] info: GET /blogImages/logo_20251022061648_Blogpage2.jpg
[11/15/2025, 2:59:18 PM] info: GET /blogImages/logo_20251014134443_Blogpage1.jpg
[11/15/2025, 2:59:18 PM] info: GET /blogImages/logo_20251014140137_Blogpage3.jpg
[11/15/2025, 2:59:36 PM] info: GET /blogcreation/getdeatils/9
[11/15/2025, 2:59:37 PM] info: GET /blogImages/logo_20251114151610_Cargowise%20Neo.png
[11/15/2025, 2:59:37 PM] info: GET /blogImages/logo_20251022061648_Blogpage2.jpg
[11/15/2025, 2:59:37 PM] info: GET /blogImages/logo_20251014134443_Blogpage1.jpg
[11/15/2025, 2:59:37 PM] info: GET /blogImages/logo_20251014140137_Blogpage3.jpg
[11/15/2025, 3:00:43 PM] info: GET /blogcreation/getdeatils/9
[11/15/2025, 3:00:44 PM] info: GET /blogImages/logo_20251114151610_Cargowise%20Neo.png
[11/15/2025, 3:00:44 PM] info: GET /blogImages/logo_20251022061648_Blogpage2.jpg
[11/15/2025, 3:00:44 PM] info: GET /blogImages/logo_20251014134443_Blogpage1.jpg
[11/15/2025, 3:00:44 PM] info: GET /blogImages/logo_20251014140137_Blogpage3.jpg
[11/15/2025, 3:00:53 PM] info: GET /blogcreation/getdeatils/9
[11/15/2025, 3:00:53 PM] info: GET /blogImages/logo_20251114151610_Cargowise%20Neo.png
[11/15/2025, 3:00:53 PM] info: GET /blogImages/logo_20251022061648_Blogpage2.jpg
[11/15/2025, 3:00:53 PM] info: GET /blogImages/logo_20251014134443_Blogpage1.jpg
[11/15/2025, 3:00:53 PM] info: GET /blogImages/logo_20251014140137_Blogpage3.jpg
[11/15/2025, 3:02:36 PM] info: GET /blogcreation/getdeatils/9
[11/15/2025, 3:02:36 PM] info: GET /blogImages/logo_20251114151610_Cargowise%20Neo.png
[11/15/2025, 3:02:36 PM] info: GET /blogImages/logo_20251022061648_Blogpage2.jpg
[11/15/2025, 3:02:36 PM] info: GET /blogImages/logo_20251014134443_Blogpage1.jpg
[11/15/2025, 3:02:36 PM] info: GET /blogImages/logo_20251014140137_Blogpage3.jpg
[11/15/2025, 3:03:08 PM] info: GET /blogcreation/getdeatils/9
[11/15/2025, 3:03:08 PM] info: GET /blogImages/logo_20251114151610_Cargowise%20Neo.png
[11/15/2025, 3:03:08 PM] info: GET /blogImages/logo_20251022061648_Blogpage2.jpg
[11/15/2025, 3:03:08 PM] info: GET /blogImages/logo_20251014134443_Blogpage1.jpg
[11/15/2025, 3:03:08 PM] info: GET /blogImages/logo_20251014140137_Blogpage3.jpg
[11/15/2025, 3:03:38 PM] info: GET /blogcreation/getdeatils/9
[11/15/2025, 3:03:39 PM] info: GET /blogImages/logo_20251114151610_Cargowise%20Neo.png
[11/15/2025, 3:03:39 PM] info: GET /blogImages/logo_20251022061648_Blogpage2.jpg
[11/15/2025, 3:03:39 PM] info: GET /blogImages/logo_20251014134443_Blogpage1.jpg
[11/15/2025, 3:03:39 PM] info: GET /blogImages/logo_20251014140137_Blogpage3.jpg
[11/15/2025, 3:07:57 PM] info: GET /blogcreation/getdeatils/9
[11/15/2025, 3:07:58 PM] info: GET /blogImages/logo_20251114151610_Cargowise%20Neo.png
[11/15/2025, 3:07:58 PM] info: GET /blogImages/logo_20251022061648_Blogpage2.jpg
[11/15/2025, 3:07:58 PM] info: GET /blogImages/logo_20251014134443_Blogpage1.jpg
[11/15/2025, 3:07:58 PM] info: GET /blogImages/logo_20251014140137_Blogpage3.jpg
[11/15/2025, 3:08:07 PM] info: GET /blogcreation/getdeatils/9
[11/15/2025, 3:08:08 PM] info: GET /blogImages/logo_20251114151610_Cargowise%20Neo.png
[11/15/2025, 3:08:08 PM] info: GET /blogImages/logo_20251022061648_Blogpage2.jpg
[11/15/2025, 3:08:08 PM] info: GET /blogImages/logo_20251014134443_Blogpage1.jpg
[11/15/2025, 3:08:08 PM] info: GET /blogImages/logo_20251014140137_Blogpage3.jpg
[11/15/2025, 3:08:36 PM] info: GET /blogcreation/getdeatils/9
[11/15/2025, 3:08:36 PM] info: GET /blogImages/logo_20251114151610_Cargowise%20Neo.png
[11/15/2025, 3:08:36 PM] info: GET /blogImages/logo_20251022061648_Blogpage2.jpg
[11/15/2025, 3:08:36 PM] info: GET /blogImages/logo_20251014134443_Blogpage1.jpg
[11/15/2025, 3:08:36 PM] info: GET /blogImages/logo_20251014140137_Blogpage3.jpg
[11/15/2025, 3:11:51 PM] info: GET /blogcreation/getdeatils/9
[11/15/2025, 3:11:52 PM] info: GET /blogImages/logo_20251114151610_Cargowise%20Neo.png
[11/15/2025, 3:11:52 PM] info: GET /blogImages/logo_20251022061648_Blogpage2.jpg
[11/15/2025, 3:11:52 PM] info: GET /blogImages/logo_20251014134443_Blogpage1.jpg
[11/15/2025, 3:11:52 PM] info: GET /blogImages/logo_20251014140137_Blogpage3.jpg
[11/15/2025, 3:12:39 PM] info: GET /blogcreation/getdeatils/9
[11/15/2025, 3:12:40 PM] info: GET /blogImages/logo_20251114151610_Cargowise%20Neo.png
[11/15/2025, 3:12:40 PM] info: GET /blogImages/logo_20251022061648_Blogpage2.jpg
[11/15/2025, 3:12:40 PM] info: GET /blogImages/logo_20251014134443_Blogpage1.jpg
[11/15/2025, 3:12:40 PM] info: GET /blogImages/logo_20251014140137_Blogpage3.jpg
[11/15/2025, 3:13:09 PM] info: GET /blogcreation/get
[11/15/2025, 3:13:09 PM] info: Blog fetched successfully
[11/15/2025, 3:13:10 PM] info: GET /blogImages/logo_20251014140310_Blogpage6.png
[11/15/2025, 3:13:15 PM] info: GET /blogcreation/getdeatils/9
[11/15/2025, 3:13:53 PM] info: GET /blogcreation/getdeatils/9
[11/15/2025, 3:13:54 PM] info: GET /blogImages/logo_20251114151610_Cargowise%20Neo.png
[11/15/2025, 3:13:54 PM] info: GET /blogImages/logo_20251022061648_Blogpage2.jpg
[11/15/2025, 3:13:54 PM] info: GET /blogImages/logo_20251014134443_Blogpage1.jpg
[11/15/2025, 3:13:54 PM] info: GET /blogImages/logo_20251014140137_Blogpage3.jpg
[11/15/2025, 3:14:05 PM] info: GET /blogcreation/getdeatils/9
[11/15/2025, 3:14:06 PM] info: GET /blogImages/logo_20251114151610_Cargowise%20Neo.png
[11/15/2025, 3:14:06 PM] info: GET /blogImages/logo_20251022061648_Blogpage2.jpg
[11/15/2025, 3:14:06 PM] info: GET /blogImages/logo_20251014134443_Blogpage1.jpg
[11/15/2025, 3:14:06 PM] info: GET /blogImages/logo_20251014140137_Blogpage3.jpg
[11/15/2025, 3:16:08 PM] info: GET /blogcreation/getdeatils/9
[11/15/2025, 3:16:08 PM] info: GET /blogImages/logo_20251114151610_Cargowise%20Neo.png
[11/15/2025, 3:16:08 PM] info: GET /blogImages/logo_20251022061648_Blogpage2.jpg
[11/15/2025, 3:16:08 PM] info: GET /blogImages/logo_20251014134443_Blogpage1.jpg
[11/15/2025, 3:16:08 PM] info: GET /blogImages/logo_20251014140137_Blogpage3.jpg
[11/15/2025, 3:17:59 PM] info: GET /blogcreation/getdeatils/9
[11/15/2025, 3:18:00 PM] info: GET /blogImages/logo_20251114151610_Cargowise%20Neo.png
[11/15/2025, 3:18:00 PM] info: GET /blogImages/logo_20251022061648_Blogpage2.jpg
[11/15/2025, 3:18:00 PM] info: GET /blogImages/logo_20251014134443_Blogpage1.jpg
[11/15/2025, 3:18:00 PM] info: GET /blogImages/logo_20251014140137_Blogpage3.jpg
[11/15/2025, 3:18:04 PM] info: GET /blogcreation/getdeatils/9
[11/15/2025, 3:18:05 PM] info: GET /blogImages/logo_20251114151610_Cargowise%20Neo.png
[11/15/2025, 3:18:05 PM] info: GET /blogImages/logo_20251022061648_Blogpage2.jpg
[11/15/2025, 3:18:05 PM] info: GET /blogImages/logo_20251014134443_Blogpage1.jpg
[11/15/2025, 3:18:05 PM] info: GET /blogImages/logo_20251014140137_Blogpage3.jpg
[11/15/2025, 3:19:13 PM] info: GET /blogcreation/getdeatils/9
[11/15/2025, 3:19:13 PM] info: GET /blogImages/logo_20251114151610_Cargowise%20Neo.png
[11/15/2025, 3:19:13 PM] info: GET /blogImages/logo_20251022061648_Blogpage2.jpg
[11/15/2025, 3:19:13 PM] info: GET /blogImages/logo_20251014134443_Blogpage1.jpg
[11/15/2025, 3:19:13 PM] info: GET /blogImages/logo_20251014140137_Blogpage3.jpg
[11/15/2025, 3:22:14 PM] info: GET /blogcreation/getdeatils/9
[11/15/2025, 3:22:14 PM] info: GET /blogImages/logo_20251114151610_Cargowise%20Neo.png
[11/15/2025, 3:22:14 PM] info: GET /blogImages/logo_20251022061648_Blogpage2.jpg
[11/15/2025, 3:22:14 PM] info: GET /blogImages/logo_20251014134443_Blogpage1.jpg
[11/15/2025, 3:22:14 PM] info: GET /blogImages/logo_20251014140137_Blogpage3.jpg
[11/15/2025, 3:22:20 PM] info: GET /blogcreation/getdeatils/9
[11/15/2025, 3:22:21 PM] info: GET /blogImages/logo_20251114151610_Cargowise%20Neo.png
[11/15/2025, 3:22:21 PM] info: GET /blogImages/logo_20251022061648_Blogpage2.jpg
[11/15/2025, 3:22:21 PM] info: GET /blogImages/logo_20251014134443_Blogpage1.jpg
[11/15/2025, 3:22:21 PM] info: GET /blogImages/logo_20251014140137_Blogpage3.jpg
[11/15/2025, 3:23:14 PM] info: GET /blogcreation/getdeatils/9
[11/15/2025, 3:23:15 PM] info: GET /blogImages/logo_20251114151610_Cargowise%20Neo.png
[11/15/2025, 3:23:15 PM] info: GET /blogImages/logo_20251022061648_Blogpage2.jpg
[11/15/2025, 3:23:15 PM] info: GET /blogImages/logo_20251014134443_Blogpage1.jpg
[11/15/2025, 3:23:15 PM] info: GET /blogImages/logo_20251014140137_Blogpage3.jpg
[11/15/2025, 3:23:49 PM] info: GET /blogcreation/getdeatils/9
[11/15/2025, 3:23:50 PM] info: GET /blogImages/logo_20251114151610_Cargowise%20Neo.png
[11/15/2025, 3:23:50 PM] info: GET /blogImages/logo_20251022061648_Blogpage2.jpg
[11/15/2025, 3:23:50 PM] info: GET /blogImages/logo_20251014134443_Blogpage1.jpg
[11/15/2025, 3:23:50 PM] info: GET /blogImages/logo_20251014140137_Blogpage3.jpg
[11/15/2025, 3:24:44 PM] info: GET /blogcreation/getdeatils/9
[11/15/2025, 3:24:44 PM] info: GET /blogImages/logo_20251114151610_Cargowise%20Neo.png
[11/15/2025, 3:24:44 PM] info: GET /blogImages/logo_20251022061648_Blogpage2.jpg
[11/15/2025, 3:24:44 PM] info: GET /blogImages/logo_20251014134443_Blogpage1.jpg
[11/15/2025, 3:24:44 PM] info: GET /blogImages/logo_20251014140137_Blogpage3.jpg
[11/15/2025, 3:25:04 PM] info: GET /blogcreation/getdeatils/9
[11/15/2025, 3:25:04 PM] info: GET /blogImages/logo_20251114151610_Cargowise%20Neo.png
[11/15/2025, 3:25:04 PM] info: GET /blogImages/logo_20251022061648_Blogpage2.jpg
[11/15/2025, 3:25:04 PM] info: GET /blogImages/logo_20251014134443_Blogpage1.jpg
[11/15/2025, 3:25:04 PM] info: GET /blogImages/logo_20251014140137_Blogpage3.jpg
[11/15/2025, 3:25:18 PM] info: GET /blogcreation/getdeatils/9
[11/15/2025, 3:25:19 PM] info: GET /blogImages/logo_20251114151610_Cargowise%20Neo.png
[11/15/2025, 3:25:19 PM] info: GET /blogImages/logo_20251022061648_Blogpage2.jpg
[11/15/2025, 3:25:19 PM] info: GET /blogImages/logo_20251014134443_Blogpage1.jpg
[11/15/2025, 3:25:19 PM] info: GET /blogImages/logo_20251014140137_Blogpage3.jpg
[11/15/2025, 3:25:54 PM] info: GET /blogcreation/getdeatils/9
[11/15/2025, 3:25:55 PM] info: GET /blogImages/logo_20251114151610_Cargowise%20Neo.png
[11/15/2025, 3:25:55 PM] info: GET /blogImages/logo_20251022061648_Blogpage2.jpg
[11/15/2025, 3:25:55 PM] info: GET /blogImages/logo_20251014134443_Blogpage1.jpg
[11/15/2025, 3:25:55 PM] info: GET /blogImages/logo_20251014140137_Blogpage3.jpg
[11/15/2025, 3:25:56 PM] info: GET /blogcreation/getdeatils/9
[11/15/2025, 3:25:57 PM] info: GET /blogImages/logo_20251114151610_Cargowise%20Neo.png
[11/15/2025, 3:25:57 PM] info: GET /blogImages/logo_20251022061648_Blogpage2.jpg
[11/15/2025, 3:25:57 PM] info: GET /blogImages/logo_20251014134443_Blogpage1.jpg
[11/15/2025, 3:25:57 PM] info: GET /blogImages/logo_20251014140137_Blogpage3.jpg
[11/15/2025, 3:26:41 PM] info: GET /blogcreation/getdeatils/9
[11/15/2025, 3:26:42 PM] info: GET /blogImages/logo_20251114151610_Cargowise%20Neo.png
[11/15/2025, 3:26:42 PM] info: GET /blogImages/logo_20251022061648_Blogpage2.jpg
[11/15/2025, 3:26:42 PM] info: GET /blogImages/logo_20251014134443_Blogpage1.jpg
[11/15/2025, 3:26:42 PM] info: GET /blogImages/logo_20251014140137_Blogpage3.jpg
[11/15/2025, 3:28:05 PM] info: GET /blogcreation/getdeatils/9
[11/15/2025, 3:28:06 PM] info: GET /blogImages/logo_20251114151610_Cargowise%20Neo.png
[11/15/2025, 3:28:06 PM] info: GET /blogImages/logo_20251022061648_Blogpage2.jpg
[11/15/2025, 3:28:06 PM] info: GET /blogImages/logo_20251014134443_Blogpage1.jpg
[11/15/2025, 3:28:06 PM] info: GET /blogImages/logo_20251014140137_Blogpage3.jpg
[11/15/2025, 3:28:41 PM] info: GET /blogcreation/getdeatils/9
[11/15/2025, 3:28:42 PM] info: GET /blogImages/logo_20251114151610_Cargowise%20Neo.png
[11/15/2025, 3:28:42 PM] info: GET /blogImages/logo_20251022061648_Blogpage2.jpg
[11/15/2025, 3:28:42 PM] info: GET /blogImages/logo_20251014134443_Blogpage1.jpg
[11/15/2025, 3:28:42 PM] info: GET /blogImages/logo_20251014140137_Blogpage3.jpg
[11/15/2025, 3:29:17 PM] info: GET /blogcreation/getdeatils/9
[11/15/2025, 3:29:18 PM] info: GET /blogImages/logo_20251114151610_Cargowise%20Neo.png
[11/15/2025, 3:29:18 PM] info: GET /blogImages/logo_20251014134443_Blogpage1.jpg
[11/15/2025, 3:29:18 PM] info: GET /blogImages/logo_20251022061648_Blogpage2.jpg
[11/15/2025, 3:29:18 PM] info: GET /blogImages/logo_20251014140137_Blogpage3.jpg
[11/15/2025, 3:29:36 PM] info: GET /blogcreation/getdeatils/9
[11/15/2025, 3:29:37 PM] info: GET /blogImages/logo_20251114151610_Cargowise%20Neo.png
[11/15/2025, 3:29:37 PM] info: GET /blogImages/logo_20251022061648_Blogpage2.jpg
[11/15/2025, 3:29:37 PM] info: GET /blogImages/logo_20251014134443_Blogpage1.jpg
[11/15/2025, 3:29:37 PM] info: GET /blogImages/logo_20251014140137_Blogpage3.jpg
[11/15/2025, 3:30:18 PM] info: GET /blogcreation/getdeatils/9
[11/15/2025, 3:30:19 PM] info: GET /blogImages/logo_20251114151610_Cargowise%20Neo.png
[11/15/2025, 3:30:19 PM] info: GET /blogImages/logo_20251022061648_Blogpage2.jpg
[11/15/2025, 3:30:19 PM] info: GET /blogImages/logo_20251014134443_Blogpage1.jpg
[11/15/2025, 3:30:19 PM] info: GET /blogImages/logo_20251014140137_Blogpage3.jpg
[11/15/2025, 3:31:42 PM] info: GET /blogcreation/getdeatils/9
[11/15/2025, 3:31:43 PM] info: GET /blogImages/logo_20251114151610_Cargowise%20Neo.png
[11/15/2025, 3:31:43 PM] info: GET /blogImages/logo_20251022061648_Blogpage2.jpg
[11/15/2025, 3:31:43 PM] info: GET /blogImages/logo_20251014134443_Blogpage1.jpg
[11/15/2025, 3:31:43 PM] info: GET /blogImages/logo_20251014140137_Blogpage3.jpg
[11/15/2025, 3:32:10 PM] info: GET /blogcreation/getdeatils/9
[11/15/2025, 3:32:10 PM] info: GET /blogImages/logo_20251114151610_Cargowise%20Neo.png
[11/15/2025, 3:32:10 PM] info: GET /blogImages/logo_20251022061648_Blogpage2.jpg
[11/15/2025, 3:32:10 PM] info: GET /blogImages/logo_20251014134443_Blogpage1.jpg
[11/15/2025, 3:32:10 PM] info: GET /blogImages/logo_20251014140137_Blogpage3.jpg
[11/15/2025, 3:34:01 PM] info: GET /blogcreation/getdeatils/9
[11/15/2025, 3:34:01 PM] info: GET /blogImages/logo_20251114151610_Cargowise%20Neo.png
[11/15/2025, 3:34:01 PM] info: GET /blogImages/logo_20251022061648_Blogpage2.jpg
[11/15/2025, 3:34:01 PM] info: GET /blogImages/logo_20251014134443_Blogpage1.jpg
[11/15/2025, 3:34:01 PM] info: GET /blogImages/logo_20251014140137_Blogpage3.jpg
[11/15/2025, 3:34:03 PM] info: GET /blogcreation/getdeatils/9
[11/15/2025, 3:34:03 PM] info: GET /blogImages/logo_20251114151610_Cargowise%20Neo.png
[11/15/2025, 3:34:03 PM] info: GET /blogImages/logo_20251022061648_Blogpage2.jpg
[11/15/2025, 3:34:03 PM] info: GET /blogImages/logo_20251014134443_Blogpage1.jpg
[11/15/2025, 3:34:03 PM] info: GET /blogImages/logo_20251014140137_Blogpage3.jpg
[11/15/2025, 3:35:05 PM] info: GET /blogcreation/getdeatils/9
[11/15/2025, 3:35:06 PM] info: GET /blogImages/logo_20251114151610_Cargowise%20Neo.png
[11/15/2025, 3:35:06 PM] info: GET /blogImages/logo_20251022061648_Blogpage2.jpg
[11/15/2025, 3:35:06 PM] info: GET /blogImages/logo_20251014134443_Blogpage1.jpg
[11/15/2025, 3:35:06 PM] info: GET /blogImages/logo_20251014140137_Blogpage3.jpg
[11/15/2025, 3:37:17 PM] info: GET /blogcreation/getdeatils/9
[11/15/2025, 3:37:18 PM] info: GET /blogImages/logo_20251114151610_Cargowise%20Neo.png
[11/15/2025, 3:37:18 PM] info: GET /blogImages/logo_20251022061648_Blogpage2.jpg
[11/15/2025, 3:37:18 PM] info: GET /blogImages/logo_20251014140137_Blogpage3.jpg
[11/15/2025, 3:37:18 PM] info: GET /blogImages/logo_20251014134443_Blogpage1.jpg
[11/15/2025, 3:37:43 PM] info: GET /blogcreation/get
[11/15/2025, 3:37:44 PM] info: Blog fetched successfully
[11/15/2025, 3:37:44 PM] info: GET /blogImages/logo_20251014140310_Blogpage6.png
[11/15/2025, 3:37:47 PM] info: GET /blogcreation/getdeatils/1
[11/15/2025, 3:37:47 PM] info: GET /blogImages/logo_20251022061648_Blogpage2.jpg
[11/15/2025, 3:37:47 PM] info: GET /blogImages/logo_20251114151610_Cargowise%20Neo.png
[11/15/2025, 3:37:47 PM] info: GET /blogImages/logo_20251014134443_Blogpage1.jpg
[11/15/2025, 3:37:47 PM] info: GET /blogImages/logo_20251014140137_Blogpage3.jpg
[11/15/2025, 3:40:00 PM] info: GET /blogcreation/get
[11/15/2025, 3:40:01 PM] info: Blog fetched successfully
[11/15/2025, 3:40:01 PM] info: GET /blogImages/logo_20251014140310_Blogpage6.png
[11/15/2025, 3:40:03 PM] info: GET /blogcreation/getdeatils/2
[11/15/2025, 3:40:07 PM] info: GET /blogcreation/get
[11/15/2025, 3:40:07 PM] info: Blog fetched successfully
[11/15/2025, 3:40:07 PM] info: GET /blogImages/logo_20251014140310_Blogpage6.png
[11/15/2025, 3:40:09 PM] info: GET /blogcreation/getdeatils/9
[11/15/2025, 3:59:08 PM] info: GET /blogcreation/get
[11/15/2025, 3:59:09 PM] info: Blog fetched successfully
[11/15/2025, 3:59:09 PM] info: GET /blogImages/logo_20251022061648_Blogpage2.jpg
[11/15/2025, 3:59:09 PM] info: GET /blogImages/logo_20251014134443_Blogpage1.jpg
[11/15/2025, 3:59:09 PM] info: GET /blogImages/logo_20251014140137_Blogpage3.jpg
[11/15/2025, 3:59:09 PM] info: GET /blogImages/logo_20251014140310_Blogpage6.png
[11/15/2025, 3:59:09 PM] info: GET /blogImages/logo_20251114151610_Cargowise%20Neo.png
[11/15/2025, 3:59:11 PM] info: GET /blogcreation/getdeatils/9
[11/15/2025, 3:59:29 PM] info: POST /Login
[11/15/2025, 3:59:29 PM] info: GET /blogcreation
[11/15/2025, 3:59:29 PM] info:  Blog fetched successfully
[11/15/2025, 3:59:33 PM] info: GET /blogcreation/getdata/9
