[11/25/2025, 10:19:42 AM] info: POST /Login
[11/25/2025, 10:19:53 AM] info: POST /Login
[11/25/2025, 10:19:53 AM] info: GET /blogcreation
[11/25/2025, 10:19:53 AM] info:  Blog fetched successfully
[11/25/2025, 10:34:27 AM] info: POST /blogcreation/getpost
[11/25/2025, 10:37:11 AM] info: POST /Login
[11/25/2025, 10:37:11 AM] info: GET /blogcreation
[11/25/2025, 10:37:11 AM] info:  Blog fetched successfully
[11/25/2025, 11:14:31 AM] info: POST /Login
[11/25/2025, 11:14:32 AM] info: GET /blogcreation
[11/25/2025, 11:14:32 AM] info:  Blog fetched successfully
[11/25/2025, 11:14:50 AM] info: GET /blogcreation
[11/25/2025, 11:14:50 AM] info:  Blog fetched successfully
[11/25/2025, 11:14:52 AM] info: GET /blogcreation/getdata/1
[11/25/2025, 11:33:21 AM] info: GET /blogcreation
[11/25/2025, 11:33:21 AM] info:  Blog fetched successfully
[11/25/2025, 11:33:26 AM] info: GET /blogcreation/getdata/1
[11/25/2025, 11:50:09 AM] info: GET /blogcreation
[11/25/2025, 11:50:10 AM] info:  Blog fetched successfully
[11/25/2025, 11:50:12 AM] info: GET /blogcreation
[11/25/2025, 11:50:12 AM] info:  Blog fetched successfully
[11/25/2025, 11:50:16 AM] info: GET /blogcreation/getdata/1
[11/25/2025, 11:50:53 AM] info: GET /blogcreation
[11/25/2025, 11:50:53 AM] info:  Blog fetched successfully
[11/25/2025, 11:50:56 AM] info: GET /blogcreation
[11/25/2025, 11:50:56 AM] info:  Blog fetched successfully
[11/25/2025, 11:51:02 AM] info: GET /blogcreation/getdata/1
[11/25/2025, 12:01:23 PM] info: PUT /blogcreation/Update/1
[11/25/2025, 12:01:24 PM] info: GET /blogcreation
[11/25/2025, 12:01:24 PM] info:  Blog fetched successfully
[11/25/2025, 12:02:06 PM] info: GET /blogcreation/getdata/1
[11/25/2025, 12:02:34 PM] info: GET /blogcreation/get
[11/25/2025, 12:02:42 PM] info: POST /blogcreation/getpost
[11/25/2025, 12:02:42 PM] info: POST /blogcreation/getpost
[11/25/2025, 12:02:42 PM] info: GET /blogcreation/getdeatils/1
[11/25/2025, 12:02:42 PM] info: GET /blogcreation/getdeatils/1
[11/25/2025, 12:02:43 PM] info: POST /blogcreation/getpost
[11/25/2025, 12:18:09 PM] info: GET /blogcreation/get
[11/25/2025, 12:56:21 PM] info: GET /blogcreation/get
[11/25/2025, 12:56:27 PM] info: GET /blogcreation/getflyer
[11/25/2025, 12:56:53 PM] info: GET /blogcreation/getcase
[11/25/2025, 12:56:59 PM] info: GET /blogcreation/get
[11/25/2025, 12:57:00 PM] info: GET /blogcreation/getflyer
[11/25/2025, 12:57:08 PM] info: POST /blogcreation/getpost
[11/25/2025, 12:57:08 PM] info: GET /blogcreation/getdeatils/1
[11/25/2025, 12:57:08 PM] info: POST /blogcreation/getpost
[11/25/2025, 12:57:09 PM] info: GET /blogcreation/getdeatils/1
[11/25/2025, 12:57:10 PM] info: POST /blogcreation/getpost
[11/25/2025, 1:36:35 PM] info: GET /blogcreation/getdeatilsinside/9
[11/25/2025, 1:36:36 PM] info: GET /blogcreation/getdeatilsinside/9
[11/25/2025, 1:39:36 PM] info: GET /blogcreation/getdeatilsinside/9
[11/25/2025, 1:39:49 PM] info: GET /blogcreation/getdeatilsinside/1
[11/25/2025, 1:39:53 PM] info: GET /blogcreation/getdeatilsinside/2
[11/25/2025, 1:39:59 PM] info: GET /blogcreation/get
[11/25/2025, 1:40:01 PM] info: POST /blogcreation/getpost
[11/25/2025, 1:40:02 PM] info: POST /blogcreation/getpost
[11/25/2025, 1:40:02 PM] info: GET /blogcreation/getdeatils/9
[11/25/2025, 1:40:02 PM] info: GET /blogcreation/getdeatils/9
[11/25/2025, 1:40:03 PM] info: POST /blogcreation/getpost
[11/25/2025, 1:40:09 PM] info: GET /blogcreation/getflyer
[11/25/2025, 1:44:16 PM] info: POST /blogcreation/getpost
[11/25/2025, 1:44:17 PM] info: GET /blogcreation/getdeatils/1
[11/25/2025, 1:44:18 PM] info: POST /blogcreation/getpost
[11/25/2025, 4:57:56 PM] info: POST /blogcreation/getpost
[11/25/2025, 4:57:57 PM] info: GET /blogcreation/getdeatils/1
[11/25/2025, 4:58:20 PM] info: POST /blogcreation/getpost
[11/25/2025, 5:02:54 PM] info: POST /blogcreation/getpost
[11/25/2025, 5:02:54 PM] info: GET /blogcreation/getdeatils/1
[11/25/2025, 5:02:58 PM] info: POST /blogcreation/getpost
[11/25/2025, 5:08:49 PM] info: POST /blogcreation/getpost
[11/25/2025, 5:08:49 PM] info: GET /blogcreation/getdeatils/1
[11/25/2025, 5:08:53 PM] info: POST /blogcreation/getpost
[11/25/2025, 5:09:29 PM] info: POST /blogcreation/getpost
[11/25/2025, 5:09:29 PM] info: GET /blogcreation/getdeatils/1
[11/25/2025, 5:09:33 PM] info: POST /blogcreation/getpost
[11/25/2025, 5:42:11 PM] info: GET /blogcreation/get
[11/25/2025, 5:42:51 PM] info: POST /blogcreation/getpost
[11/25/2025, 5:42:51 PM] info: POST /blogcreation/getpost
[11/25/2025, 5:42:54 PM] info: GET /blogcreation/getdeatils/9
[11/25/2025, 5:42:54 PM] info: GET /blogcreation/getdeatils/9
[11/25/2025, 5:42:58 PM] info: POST /blogcreation/getpost
[11/25/2025, 5:43:54 PM] info: GET /blogcreation/get
[11/25/2025, 5:43:56 PM] info: GET /blogcreation/getflyer
[11/25/2025, 5:44:00 PM] info: POST /blogcreation/getpost
[11/25/2025, 5:44:00 PM] info: POST /blogcreation/getpost
[11/25/2025, 5:44:00 PM] info: GET /blogcreation/getdeatils/1
[11/25/2025, 5:44:00 PM] info: GET /blogcreation/getdeatils/1
[11/25/2025, 5:44:03 PM] info: POST /blogcreation/getpost
[11/25/2025, 5:45:51 PM] info: GET /blogcreation/get
[11/25/2025, 5:46:17 PM] info: GET /blogcreation/get
[11/25/2025, 5:46:35 PM] info: POST /blogcreation/getpost
[11/25/2025, 5:46:58 PM] info: POST /Login
[11/25/2025, 5:46:59 PM] info: GET /blogcreation
[11/25/2025, 5:46:59 PM] info:  Blog fetched successfully
[11/25/2025, 5:47:03 PM] info: GET /blogcreation/getdata/1
[11/25/2025, 5:49:45 PM] info: PUT /blogcreation/Update/1
[11/25/2025, 5:49:46 PM] info: GET /blogcreation
[11/25/2025, 5:49:46 PM] info:  Blog fetched successfully
[11/25/2025, 5:49:51 PM] info: GET /blogcreation/getflyer
[11/25/2025, 6:45:51 PM] info: GET /blogcreation/get
[11/25/2025, 10:23:40 PM] info: POST /Login
[11/25/2025, 10:23:41 PM] info: GET /blogcreation
[11/25/2025, 10:23:41 PM] info:  Blog fetched successfully
[11/25/2025, 10:24:51 PM] info: GET /blogcreation
[11/25/2025, 10:24:52 PM] info:  Blog fetched successfully
[11/25/2025, 10:24:58 PM] info: GET /blogcreation
[11/25/2025, 10:24:59 PM] info:  Blog fetched successfully
[11/25/2025, 10:27:50 PM] info: GET /blogcreation
[11/25/2025, 10:27:57 PM] info:  Blog fetched successfully
[11/25/2025, 10:27:58 PM] info: GET /blogcreation
[11/25/2025, 10:27:59 PM] info:  Blog fetched successfully
[11/25/2025, 10:29:06 PM] info: GET /blogcreation
[11/25/2025, 10:29:07 PM] info:  Blog fetched successfully
[11/25/2025, 10:30:14 PM] info: GET /blogcreation
[11/25/2025, 10:30:15 PM] info:  Blog fetched successfully
[11/25/2025, 10:32:12 PM] info: GET /blogcreation
[11/25/2025, 10:32:13 PM] info:  Blog fetched successfully
[11/25/2025, 10:32:18 PM] info: GET /blogcreation/get
[11/25/2025, 10:32:21 PM] info: GET /blogcreation/getflyer
[11/25/2025, 10:32:43 PM] info: GET /blogcreation/getflyer
[11/25/2025, 10:32:51 PM] info: GET /blogcreation/get
[11/25/2025, 10:34:11 PM] info: POST /Login
[11/25/2025, 10:34:11 PM] info: GET /blogcreation
[11/25/2025, 10:34:12 PM] info:  Blog fetched successfully
[11/25/2025, 10:34:14 PM] info: GET /blogcreation/getdata/1
[11/25/2025, 10:34:33 PM] info: GET /blogcreation/get
[11/25/2025, 10:34:54 PM] info: GET /blogcreation
[11/25/2025, 10:34:55 PM] info:  Blog fetched successfully
[11/25/2025, 10:36:13 PM] info: GET /blogcreation/getflyer
[11/25/2025, 10:36:18 PM] info: GET /blogcreation/getflyer
[11/25/2025, 10:36:22 PM] info: GET /blogcreation
[11/25/2025, 10:36:23 PM] info:  Blog fetched successfully
[11/25/2025, 10:36:24 PM] info: GET /blogcreation/getdata/1
[11/25/2025, 10:36:51 PM] info: PUT /blogcreation/Update/1
[11/25/2025, 10:36:51 PM] info: GET /blogcreation
[11/25/2025, 10:36:52 PM] info:  Blog fetched successfully
[11/25/2025, 10:36:54 PM] info: GET /blogcreation/getdata/1
[11/25/2025, 10:38:02 PM] info: POST /Login
[11/25/2025, 10:38:02 PM] info: GET /blogcreation
[11/25/2025, 10:38:03 PM] info:  Blog fetched successfully
[11/25/2025, 10:38:04 PM] info: GET /blogcreation/getdata/1
[11/25/2025, 10:38:25 PM] info: GET /blogcreation
[11/25/2025, 10:38:26 PM] info:  Blog fetched successfully
[11/25/2025, 10:38:27 PM] info: GET /blogcreation
[11/25/2025, 10:38:28 PM] info:  Blog fetched successfully
[11/25/2025, 10:38:32 PM] info: GET /blogcreation/getdata/1
[11/25/2025, 10:41:44 PM] info: POST /Login
[11/25/2025, 10:41:45 PM] info: GET /blogcreation
[11/25/2025, 10:41:45 PM] info:  Blog fetched successfully
[11/25/2025, 10:41:47 PM] info: GET /blogcreation/getdata/1
[11/25/2025, 10:44:53 PM] info: GET /blogcreation
[11/25/2025, 10:44:53 PM] info:  Blog fetched successfully
[11/25/2025, 10:44:55 PM] info: GET /blogcreation
[11/25/2025, 10:44:55 PM] info:  Blog fetched successfully
[11/25/2025, 10:45:22 PM] info: GET /blogcreation/getdata/1
[11/25/2025, 10:45:26 PM] info: GET /blogcreation/getdata/1
[11/25/2025, 10:46:45 PM] info: POST /Login
[11/25/2025, 10:46:45 PM] info: GET /blogcreation
[11/25/2025, 10:46:45 PM] info:  Blog fetched successfully
[11/25/2025, 10:46:47 PM] info: GET /blogcreation/getdata/1
[11/25/2025, 10:47:46 PM] info: GET /blogcreation/get
[11/25/2025, 10:47:51 PM] info: GET /blogcreation/getflyer
[11/25/2025, 10:47:56 PM] info: GET /blogcreation/getflyer
[11/25/2025, 10:49:01 PM] info: POST /Login
[11/25/2025, 10:49:02 PM] info: GET /blogcreation
[11/25/2025, 10:49:02 PM] info:  Blog fetched successfully
[11/25/2025, 10:54:59 PM] info: GET /blogcreation
[11/25/2025, 10:55:00 PM] info:  Blog fetched successfully
[11/25/2025, 10:55:51 PM] info: GET /blogcreation
[11/25/2025, 10:55:51 PM] info:  Blog fetched successfully
[11/25/2025, 10:56:00 PM] info: POST /blogcreation/getpost
[11/25/2025, 10:56:01 PM] info: POST /blogcreation/getpost
[11/25/2025, 10:56:37 PM] info: GET /blogcreation
[11/25/2025, 10:56:38 PM] info:  Blog fetched successfully
[11/25/2025, 10:56:47 PM] info: POST /blogcreation/getpost
[11/25/2025, 10:56:47 PM] info: POST /blogcreation/getpost
[11/25/2025, 10:56:47 PM] info: GET /blogcreation/getdeatils/1
[11/25/2025, 10:56:48 PM] info: GET /blogcreation/getdeatils/1
[11/25/2025, 10:56:49 PM] info: POST /blogcreation/getpost
[11/25/2025, 10:56:59 PM] info: GET /blogcreation
[11/25/2025, 10:56:59 PM] info:  Blog fetched successfully
[11/25/2025, 10:57:01 PM] info: POST /blogcreation/getpost
[11/25/2025, 10:57:01 PM] info: POST /blogcreation/getpost
[11/25/2025, 10:57:01 PM] info: GET /blogcreation/getdeatils/2
[11/25/2025, 10:57:02 PM] info: GET /blogcreation/getdeatils/2
[11/25/2025, 10:57:03 PM] info: POST /blogcreation/getpost
[11/25/2025, 10:57:08 PM] info: GET /blogcreation
[11/25/2025, 10:57:08 PM] info:  Blog fetched successfully
[11/25/2025, 10:57:54 PM] info: POST /blogcreation/getpost
[11/25/2025, 10:57:54 PM] info: POST /blogcreation/getpost
[11/25/2025, 10:57:54 PM] info: GET /blogcreation/getdeatils/2
[11/25/2025, 10:57:54 PM] info: GET /blogcreation/getdeatils/2
[11/25/2025, 10:57:56 PM] info: POST /blogcreation/getpost
[11/25/2025, 10:58:11 PM] info: POST /blogcreation/getpost
[11/25/2025, 10:58:12 PM] info: GET /blogcreation/getdeatils/2
[11/25/2025, 10:58:14 PM] info: POST /blogcreation/getpost
[11/25/2025, 11:14:32 PM] info: POST /Login
[11/25/2025, 11:14:32 PM] info: GET /blogcreation
[11/25/2025, 11:14:32 PM] info:  Blog fetched successfully
