[7/3/2025, 2:57:19 PM] info: POST /applicants/Post
[7/3/2025, 2:57:46 PM] info: POST /applicant/Post
[7/3/2025, 2:58:22 PM] info: POST /applicants/Post
[7/3/2025, 3:02:44 PM] info: POST /applicants/Post
[7/3/2025, 3:02:44 PM] error: Intern Upload Error: TypeError: Cannot read properties of undefined (reading 'resume')
[7/3/2025, 3:03:17 PM] info: POST /applicants/Post
[7/3/2025, 3:03:17 PM] error: Intern Upload Error: TypeError: Cannot read properties of undefined (reading 'resume')
[7/3/2025, 3:03:54 PM] info: POST /applicants/Post
[7/3/2025, 3:03:54 PM] error: Intern Upload Error: TypeError: Cannot read properties of undefined (reading 'resume')
[7/3/2025, 3:04:33 PM] info: POST /applicants/Post
[7/3/2025, 3:05:51 PM] info: POST /applicants/Post
[7/3/2025, 3:06:19 PM] info: POST /applicants/Post
[7/3/2025, 3:08:53 PM] info: POST /applicants/Post
[7/3/2025, 3:09:21 PM] info: POST /applicants/Post
[7/3/2025, 3:11:21 PM] info: POST /applicants/Post
[7/3/2025, 3:17:49 PM] info: POST /applicants/Post
[7/3/2025, 4:23:53 PM] info: POST /applicants/Post
[7/3/2025, 4:23:53 PM] error: Intern Upload Error: TypeError: Cannot read properties of undefined (reading 'resume')
[7/3/2025, 4:25:12 PM] info: POST /applicants/Post
[7/3/2025, 4:25:12 PM] error: Intern Upload Error: TypeError: Cannot read properties of undefined (reading 'resume')
[7/3/2025, 4:50:29 PM] info: POST /applicants/Post
[7/3/2025, 4:50:29 PM] error: Intern Upload Error: TypeError: Cannot read properties of undefined (reading 'resume')
[7/3/2025, 4:55:22 PM] info: POST /applicants/Post
[7/3/2025, 5:07:00 PM] info: POST /applicants/Post
[7/3/2025, 5:07:04 PM] info: POST /jobmail
[7/3/2025, 5:10:10 PM] info: POST /applicants/Post
[7/3/2025, 5:10:13 PM] info: POST /jobmail
[7/3/2025, 5:12:36 PM] info: POST /applicants/Post
[7/3/2025, 5:12:39 PM] info: POST /jobmail
[7/3/2025, 5:18:35 PM] info: POST /applicants/Post
[7/3/2025, 5:18:38 PM] info: POST /jobmail
[7/3/2025, 5:24:23 PM] info: POST /applicants/Post
[7/3/2025, 5:24:26 PM] info: POST /jobmail
[7/3/2025, 5:28:37 PM] info: POST /applicants/Post
[7/3/2025, 5:28:40 PM] info: POST /jobmail
[7/3/2025, 5:39:13 PM] info: POST /intern/Post
[7/3/2025, 5:39:16 PM] info: POST /internmail
[7/3/2025, 5:40:51 PM] info: POST /intern/Post
[7/3/2025, 5:40:54 PM] info: POST /internmail
[7/3/2025, 5:45:16 PM] info: POST /intern/Post
[7/3/2025, 5:45:18 PM] info: POST /internmail
[7/3/2025, 6:00:24 PM] info: POST /intern/Post
[7/3/2025, 6:00:24 PM] info: POST /internmail
[7/3/2025, 6:04:48 PM] info: POST /intern/Post
[7/3/2025, 6:04:49 PM] info: POST /internmail
[7/3/2025, 7:25:03 PM] info: POST /applicants/Post
[7/3/2025, 7:25:05 PM] info: POST /jobmail
[7/3/2025, 7:38:43 PM] info: POST /applicants/Post
[7/3/2025, 7:38:45 PM] info: POST /jobmail
[7/3/2025, 7:43:43 PM] info: POST /applicants/Post
[7/3/2025, 7:44:55 PM] info: POST /applicants/Post
[7/3/2025, 7:44:56 PM] info: POST /jobmail
