[10/13/2025, 4:53:10 PM] info: GET /blogcreation/get
[10/13/2025, 4:53:11 PM] info: Blog fetched successfully
[10/13/2025, 4:53:11 PM] info: GET /blogImages/file_20251010054746_Blogpage1.jpg
[10/13/2025, 4:53:11 PM] info: GET /blogImages/file_20251010071059_Blogpage5.jpg
[10/13/2025, 4:53:11 PM] info: GET /blogImages/file_20251010072130_Blogpage3.jpg
[10/13/2025, 4:53:11 PM] info: GET /blogImages/file_20251010072538_Blogpage6.png
[10/13/2025, 4:53:52 PM] info: GET /blogcreation/get
[10/13/2025, 4:53:53 PM] info: Blog fetched successfully
[10/13/2025, 4:53:53 PM] info: GET /blogImages/file_20251010054746_Blogpage1.jpg
[10/13/2025, 4:53:53 PM] info: GET /blogImages/file_20251010071059_Blogpage5.jpg
[10/13/2025, 4:53:53 PM] info: GET /blogImages/file_20251010072130_Blogpage3.jpg
[10/13/2025, 4:53:53 PM] info: GET /blogImages/file_20251010072538_Blogpage6.png
[10/13/2025, 4:59:03 PM] info: GET /blogcreation/get
[10/13/2025, 4:59:04 PM] info: Blog fetched successfully
[10/13/2025, 4:59:04 PM] info: GET /blogImages/file_20251010054746_Blogpage1.jpg
[10/13/2025, 4:59:04 PM] info: GET /blogImages/file_20251010071059_Blogpage5.jpg
[10/13/2025, 4:59:04 PM] info: GET /blogImages/file_20251010072130_Blogpage3.jpg
[10/13/2025, 4:59:04 PM] info: GET /blogImages/file_20251010072538_Blogpage6.png
[10/13/2025, 5:00:40 PM] info: GET /blogImages/file_20251010054746_Blogpage1.jpg
[10/13/2025, 5:02:02 PM] info: GET /blogcreation/get
[10/13/2025, 5:02:03 PM] info: Blog fetched successfully
[10/13/2025, 5:02:03 PM] info: GET /blogImages/file_20251010071059_Blogpage5.jpg
[10/13/2025, 5:02:03 PM] info: GET /blogImages/file_20251010072130_Blogpage3.jpg
[10/13/2025, 5:02:03 PM] info: GET /blogImages/file_20251010072538_Blogpage6.png
[10/13/2025, 5:02:03 PM] info: GET /blogImages/file_20251010054746_Blogpage1.jpg
[10/13/2025, 5:02:39 PM] info: GET /blogcreation/get
[10/13/2025, 5:02:39 PM] info: Blog fetched successfully
[10/13/2025, 5:02:39 PM] info: GET /blogImages/file_20251010054746_Blogpage1.jpg
[10/13/2025, 5:02:39 PM] info: GET /blogImages/file_20251010071059_Blogpage5.jpg
[10/13/2025, 5:02:39 PM] info: GET /blogImages/file_20251010072130_Blogpage3.jpg
[10/13/2025, 5:02:39 PM] info: GET /blogImages/file_20251010072538_Blogpage6.png
[10/13/2025, 5:03:43 PM] info: GET /blogcreation/get
[10/13/2025, 5:03:43 PM] info: Blog fetched successfully
[10/13/2025, 5:03:43 PM] info: GET /blogImages/file_20251010054746_Blogpage1.jpg
[10/13/2025, 5:03:43 PM] info: GET /blogImages/file_20251010071059_Blogpage5.jpg
[10/13/2025, 5:03:43 PM] info: GET /blogImages/file_20251010072130_Blogpage3.jpg
[10/13/2025, 5:03:43 PM] info: GET /blogImages/file_20251010072538_Blogpage6.png
[10/13/2025, 6:32:38 PM] info: GET /blogcreation/get
[10/13/2025, 6:32:38 PM] info: Blog fetched successfully
[10/13/2025, 6:32:38 PM] info: GET /blogImages/file_20251010054746_Blogpage1.jpg
[10/13/2025, 6:32:38 PM] info: GET /blogImages/file_20251010071059_Blogpage5.jpg
[10/13/2025, 6:32:38 PM] info: GET /blogImages/file_20251010072130_Blogpage3.jpg
[10/13/2025, 6:32:38 PM] info: GET /blogImages/file_20251010072538_Blogpage6.png
[10/13/2025, 6:34:33 PM] info: GET /blogcreation/get
[10/13/2025, 6:34:33 PM] info: Blog fetched successfully
[10/13/2025, 6:34:33 PM] info: GET /blogImages/file_20251010054746_Blogpage1.jpg
[10/13/2025, 6:34:33 PM] info: GET /blogImages/file_20251010071059_Blogpage5.jpg
[10/13/2025, 6:34:33 PM] info: GET /blogImages/file_20251010072130_Blogpage3.jpg
[10/13/2025, 6:34:33 PM] info: GET /blogImages/file_20251010072538_Blogpage6.png
[10/13/2025, 6:34:42 PM] info: GET /blogcreation/get
[10/13/2025, 6:34:42 PM] info: Blog fetched successfully
[10/13/2025, 6:34:42 PM] info: GET /blogImages/file_20251010054746_Blogpage1.jpg
[10/13/2025, 6:34:42 PM] info: GET /blogImages/file_20251010071059_Blogpage5.jpg
[10/13/2025, 6:34:42 PM] info: GET /blogImages/file_20251010072130_Blogpage3.jpg
[10/13/2025, 6:34:42 PM] info: GET /blogImages/file_20251010072538_Blogpage6.png
[10/13/2025, 6:35:33 PM] info: GET /blogcreation/get
[10/13/2025, 6:35:34 PM] info: Blog fetched successfully
[10/13/2025, 6:35:34 PM] info: GET /blogImages/file_20251010054746_Blogpage1.jpg
[10/13/2025, 6:35:34 PM] info: GET /blogImages/file_20251010071059_Blogpage5.jpg
[10/13/2025, 6:35:34 PM] info: GET /blogImages/file_20251010072130_Blogpage3.jpg
[10/13/2025, 6:35:34 PM] info: GET /blogImages/file_20251010072538_Blogpage6.png
[10/13/2025, 6:39:33 PM] info: GET /blogcreation/get
[10/13/2025, 6:39:34 PM] info: Blog fetched successfully
[10/13/2025, 6:39:34 PM] info: GET /blogImages/file_20251010054746_Blogpage1.jpg
[10/13/2025, 6:39:34 PM] info: GET /blogImages/file_20251010071059_Blogpage5.jpg
[10/13/2025, 6:39:34 PM] info: GET /blogImages/file_20251010072130_Blogpage3.jpg
[10/13/2025, 6:39:34 PM] info: GET /blogImages/file_20251010072538_Blogpage6.png
[10/13/2025, 6:40:28 PM] info: GET /blogcreation/get
[10/13/2025, 6:40:29 PM] info: Blog fetched successfully
[10/13/2025, 6:40:29 PM] info: GET /blogImages/file_20251010054746_Blogpage1.jpg
[10/13/2025, 6:40:29 PM] info: GET /blogImages/file_20251010071059_Blogpage5.jpg
[10/13/2025, 6:40:29 PM] info: GET /blogImages/file_20251010072130_Blogpage3.jpg
[10/13/2025, 6:40:29 PM] info: GET /blogImages/file_20251010072538_Blogpage6.png
[10/13/2025, 6:40:56 PM] info: GET /blogcreation/get
[10/13/2025, 6:40:56 PM] info: Blog fetched successfully
[10/13/2025, 6:40:56 PM] info: GET /blogImages/file_20251010054746_Blogpage1.jpg
[10/13/2025, 6:40:56 PM] info: GET /blogImages/file_20251010071059_Blogpage5.jpg
[10/13/2025, 6:40:56 PM] info: GET /blogImages/file_20251010072130_Blogpage3.jpg
[10/13/2025, 6:40:56 PM] info: GET /blogImages/file_20251010072538_Blogpage6.png
[10/13/2025, 6:42:50 PM] info: GET /blogcreation/get
[10/13/2025, 6:42:50 PM] info: Blog fetched successfully
[10/13/2025, 6:42:50 PM] info: GET /blog/file_20251010054746_Blogpage1.jpg
[10/13/2025, 6:42:50 PM] info: GET /blog/file_20251010071059_Blogpage5.jpg
[10/13/2025, 6:42:50 PM] info: GET /blog/file_20251010072130_Blogpage3.jpg
[10/13/2025, 6:42:50 PM] info: GET /blog/file_20251010072538_Blogpage6.png
[10/13/2025, 6:43:54 PM] info: GET /blogcreation/get
[10/13/2025, 6:43:55 PM] info: Blog fetched successfully
[10/13/2025, 6:43:55 PM] info: GET /blog/file_20251010054746_Blogpage1.jpg
[10/13/2025, 6:43:55 PM] info: GET /blog/file_20251010071059_Blogpage5.jpg
[10/13/2025, 6:43:55 PM] info: GET /blog/file_20251010072130_Blogpage3.jpg
[10/13/2025, 6:43:55 PM] info: GET /blog/file_20251010072538_Blogpage6.png
[10/13/2025, 6:44:26 PM] info: GET /blogcreation/get
[10/13/2025, 6:44:26 PM] info: Blog fetched successfully
[10/13/2025, 6:44:26 PM] info: GET /blog/file_20251010054746_Blogpage1.jpg
[10/13/2025, 6:44:26 PM] info: GET /blog/file_20251010071059_Blogpage5.jpg
[10/13/2025, 6:44:26 PM] info: GET /blog/file_20251010072130_Blogpage3.jpg
[10/13/2025, 6:44:26 PM] info: GET /blog/file_20251010072538_Blogpage6.png
[10/13/2025, 6:44:56 PM] info: GET /blogcreation/get
[10/13/2025, 6:44:57 PM] info: Blog fetched successfully
[10/13/2025, 6:44:57 PM] info: GET /blog/file_20251010054746_Blogpage1.jpg
[10/13/2025, 6:44:57 PM] info: GET /blog/file_20251010071059_Blogpage5.jpg
[10/13/2025, 6:44:57 PM] info: GET /blog/file_20251010072130_Blogpage3.jpg
[10/13/2025, 6:44:57 PM] info: GET /blog/file_20251010072538_Blogpage6.png
[10/13/2025, 6:48:10 PM] info: GET /blogcreation/get
[10/13/2025, 6:48:10 PM] info: Blog fetched successfully
[10/13/2025, 6:48:10 PM] info: GET /blog/file_20251010054746_Blogpage1.jpg
[10/13/2025, 6:48:10 PM] info: GET /blog/file_20251010071059_Blogpage5.jpg
[10/13/2025, 6:48:10 PM] info: GET /blog/file_20251010072130_Blogpage3.jpg
[10/13/2025, 6:48:10 PM] info: GET /blog/file_20251010072538_Blogpage6.png
[10/13/2025, 6:48:13 PM] info: GET /blogcreation/getdeatils/2
[10/13/2025, 6:48:14 PM] info: GET /blogImages/file_20251010071059_Blogpage5.jpg
[10/13/2025, 6:48:14 PM] info: GET /blogImages/file_20251010054746_Blogpage1.jpg
[10/13/2025, 6:48:14 PM] info: GET /blogImages/file_20251010070659_Blogpage2.jpg
[10/13/2025, 6:48:14 PM] info: GET /blogImages/file_20251010071358_Blogpage2.jpg
[10/13/2025, 6:48:55 PM] info: GET /blog/file_20251010071059_Blogpage5.jpg
[10/13/2025, 6:49:16 PM] info: GET /public/blog/file_20251010071059_Blogpage5.jpg
[10/13/2025, 6:49:25 PM] info: GET /public/blog/file_20251010071059_Blogpage5.jpg
[10/13/2025, 6:49:30 PM] info: GET /blog/file_20251010071059_Blogpage5.jpg
[10/13/2025, 6:50:46 PM] info: GET /blog/Blogpage5.jpg
[10/13/2025, 6:51:11 PM] info: GET /blog/Blogpage6.png
[10/13/2025, 6:51:20 PM] info: GET /blogimages/Blogpage6.png
[10/13/2025, 6:51:20 PM] info: GET /favicon.ico
[10/13/2025, 6:51:32 PM] info: GET /blogcreation/getdeatils/2
[10/13/2025, 6:51:32 PM] info: GET /blogImages/file_20251010054746_Blogpage1.jpg
[10/13/2025, 6:51:32 PM] info: GET /blogImages/file_20251010071059_Blogpage5.jpg
[10/13/2025, 6:51:32 PM] info: GET /blogImages/file_20251010070659_Blogpage2.jpg
[10/13/2025, 6:51:32 PM] info: GET /blogImages/file_20251010071358_Blogpage2.jpg
[10/13/2025, 6:51:43 PM] info: GET /blogcreation/getdeatils/2
[10/13/2025, 6:51:43 PM] info: GET /blogImages/file_20251010054746_Blogpage1.jpg
[10/13/2025, 6:51:43 PM] info: GET /blogImages/file_20251010071059_Blogpage5.jpg
[10/13/2025, 6:51:43 PM] info: GET /blogImages/file_20251010070659_Blogpage2.jpg
[10/13/2025, 6:51:43 PM] info: GET /blogImages/file_20251010071358_Blogpage2.jpg
[10/13/2025, 6:51:47 PM] info: GET /blogcreation/get
[10/13/2025, 6:51:47 PM] info: Blog fetched successfully
[10/13/2025, 6:51:47 PM] info: GET /blogImages/file_20251010072130_Blogpage3.jpg
[10/13/2025, 6:51:47 PM] info: GET /blogImages/file_20251010071059_Blogpage5.jpg
[10/13/2025, 6:51:47 PM] info: GET /blogImages/file_20251010072538_Blogpage6.png
[10/13/2025, 6:58:59 PM] info: GET /blogcreation/get
[10/13/2025, 6:59:00 PM] info: Blog fetched successfully
[10/13/2025, 6:59:00 PM] info: GET /blogImages/file_20251010054746_Blogpage1.jpg
[10/13/2025, 6:59:00 PM] info: GET /blogImages/file_20251010071059_Blogpage5.jpg
[10/13/2025, 6:59:00 PM] info: GET /blogImages/file_20251010072130_Blogpage3.jpg
[10/13/2025, 6:59:00 PM] info: GET /blogImages/file_20251010072538_Blogpage6.png
[10/13/2025, 6:59:16 PM] info: GET /blogcreation/getdeatils/3
[10/13/2025, 6:59:17 PM] info: GET /blogImages/file_20251010072130_Blogpage3.jpg
[10/13/2025, 6:59:17 PM] info: GET /blogImages/file_20251010070659_Blogpage2.jpg
[10/13/2025, 6:59:17 PM] info: GET /blogImages/file_20251010071358_Blogpage2.jpg
[10/13/2025, 6:59:19 PM] info: GET /blogcreation/get
[10/13/2025, 6:59:19 PM] info: Blog fetched successfully
[10/13/2025, 6:59:19 PM] info: GET /blogImages/file_20251010072130_Blogpage3.jpg
[10/13/2025, 6:59:19 PM] info: GET /blogImages/file_20251010072538_Blogpage6.png
[10/13/2025, 7:00:55 PM] info: GET /blogcreation/get
[10/13/2025, 7:00:56 PM] info: Blog fetched successfully
[10/13/2025, 7:00:56 PM] info: GET /blogImages/file_20251010054746_Blogpage1.jpg
[10/13/2025, 7:00:56 PM] info: GET /blogImages/file_20251010071059_Blogpage5.jpg
[10/13/2025, 7:00:56 PM] info: GET /blogImages/file_20251010072130_Blogpage3.jpg
[10/13/2025, 7:00:56 PM] info: GET /blogImages/file_20251010072538_Blogpage6.png
