[8/12/2025, 10:15:13 AM] info: POST /Login
[8/12/2025, 10:15:14 AM] info: GET /blogcreation
[8/12/2025, 10:15:14 AM] info: GET /blogcreation/
[8/12/2025, 10:15:15 AM] info:  Blog fetched successfully
[8/12/2025, 10:15:17 AM] info: GET /blogcreation/getdata/1
[8/12/2025, 10:28:16 AM] info: GET /blogcreation/file_20250811063316_ShipmentBilling%20(2).pdf
[8/12/2025, 10:34:32 AM] info: GET /blogcreation/file_20250811063316_ShipmentBilling%20(2).pdf
[8/12/2025, 10:34:33 AM] info: GET /favicon.ico
[8/12/2025, 10:34:35 AM] info: GET /blogcreation/file_20250811063316_ShipmentBilling%20(2).pdf
[8/12/2025, 11:26:27 AM] info: PUT /blogcreation/Update/1
[8/12/2025, 11:26:28 AM] info: POST /blogcreation/blogfiles
[8/12/2025, 11:26:42 AM] info: GET /blogcreation
[8/12/2025, 11:26:43 AM] info: GET /blogcreation/
[8/12/2025, 11:26:43 AM] info:  Blog fetched successfully
[8/12/2025, 11:28:59 AM] info: GET /blogcreation
[8/12/2025, 11:28:59 AM] info: GET /blogcreation/
[8/12/2025, 11:29:00 AM] info:  Blog fetched successfully
[8/12/2025, 11:29:38 AM] info: GET /blogcreation
[8/12/2025, 11:29:38 AM] info: GET /blogcreation/
[8/12/2025, 11:29:39 AM] info:  Blog fetched successfully
[8/12/2025, 11:34:38 AM] info: GET /blogcreation
[8/12/2025, 11:34:38 AM] info: GET /blogcreation/
[8/12/2025, 11:34:39 AM] info:  Blog fetched successfully
[8/12/2025, 11:37:16 AM] info: GET /blogcreation
[8/12/2025, 11:37:16 AM] info: GET /blogcreation/
[8/12/2025, 11:37:17 AM] info:  Blog fetched successfully
[8/12/2025, 11:38:04 AM] info: GET /blogcreation
[8/12/2025, 11:38:05 AM] info: GET /blogcreation/
[8/12/2025, 11:38:05 AM] info:  Blog fetched successfully
[8/12/2025, 11:42:44 AM] info: GET /blogcreation
[8/12/2025, 11:42:44 AM] info: GET /blogcreation/
[8/12/2025, 11:42:44 AM] info:  Blog fetched successfully
[8/12/2025, 11:42:44 AM] info: GET /blogcreation
[8/12/2025, 11:42:44 AM] info: GET /blogcreation/
[8/12/2025, 11:42:44 AM] info:  Blog fetched successfully
[8/12/2025, 11:51:01 AM] info: GET /blogcreation
[8/12/2025, 11:51:01 AM] info: GET /blogcreation/
[8/12/2025, 11:51:01 AM] info: GET /blogcreation/get
[8/12/2025, 11:51:02 AM] info:  Blog fetched successfully
[8/12/2025, 12:21:48 PM] info: GET /blogcreation/get
[8/12/2025, 12:21:49 PM] info: GET /blogcreation
[8/12/2025, 12:21:49 PM] info: GET /blogcreation/
[8/12/2025, 12:21:49 PM] info:  Blog fetched successfully
[8/12/2025, 12:21:57 PM] info: GET /blogcreation/getdata/1
[8/12/2025, 12:22:04 PM] info: GET /blogcreations/file_20250812055628_page-title-bg.jpg
[8/12/2025, 12:22:12 PM] info: GET /blogcreations/file_20250812055628_page-title-bg.jpg
[8/12/2025, 12:23:07 PM] info: GET /blogcreations/file_20250812055628_page-title-bg.jpg
[8/12/2025, 12:23:22 PM] info: GET /blogcreation/file_20250812055628_page-title-bg.jpg
[8/12/2025, 12:24:16 PM] info: GET /blogcreations/file_20250811063316_ShipmentBilling%20(2).pdf
[8/12/2025, 12:27:23 PM] info: GET /blogcreation/get
[8/12/2025, 12:28:07 PM] info: PUT /blogcreation/Update/1
[8/12/2025, 12:28:07 PM] info: POST /blogcreation/blogfiles
[8/12/2025, 12:28:11 PM] info: GET /blogcreation
[8/12/2025, 12:28:11 PM] info: GET /blogcreation/
[8/12/2025, 12:28:11 PM] info:  Blog fetched successfully
[8/12/2025, 12:28:13 PM] info: GET /blogcreation/getdata/1
[8/12/2025, 12:28:19 PM] info: GET /blogcreations/file_20250812065807_page-title-bg.jpg
[8/12/2025, 12:44:39 PM] info: GET /blogcreation
[8/12/2025, 12:44:39 PM] info:  Blog fetched successfully
[8/12/2025, 12:44:41 PM] info: GET /blogcreation/getdata/1
[8/12/2025, 12:44:55 PM] info: PUT /blogcreation/Update/1
[8/12/2025, 12:44:55 PM] info: POST /blogcreation/blogfiles
[8/12/2025, 12:50:11 PM] info: PUT /blogcreation/Update/1
[8/12/2025, 12:50:11 PM] info: POST /blogcreation/blogfiles
[8/12/2025, 12:50:58 PM] info: GET /blogcreation/get
[8/12/2025, 12:53:09 PM] info: GET /blogcreation/get
[8/12/2025, 12:53:44 PM] info: PUT /blogcreation/Update/1
[8/12/2025, 12:53:45 PM] info: POST /blogcreation/blogfiles
[8/12/2025, 12:57:41 PM] info: PUT /blogcreation/Update/1
[8/12/2025, 12:57:43 PM] info: POST /blogcreation/blogfiles
[8/12/2025, 12:57:59 PM] info: GET /blogcreation
[8/12/2025, 12:57:59 PM] info:  Blog fetched successfully
[8/12/2025, 12:58:02 PM] info: GET /blogcreation/getdata/1
[8/12/2025, 12:58:06 PM] info: GET /blogcreations/file_20250812072743_WorldInfoLogo-removebg-preview.png
[8/12/2025, 12:58:40 PM] info: GET /blogcreation/get
[8/12/2025, 12:59:40 PM] info: GET /blogcreation/get
[8/12/2025, 12:59:40 PM] info: GET /blogcreation/get
[8/12/2025, 1:08:59 PM] info: GET /blogcreation/get
[8/12/2025, 1:09:00 PM] info: GET /blogcreation/get
[8/12/2025, 1:10:45 PM] info: GET /blogcreation/get
[8/12/2025, 1:10:46 PM] info:  Blog fetched successfully
[8/12/2025, 1:18:43 PM] info: GET /blogcreation/get
[8/12/2025, 1:18:43 PM] info:  Blog fetched successfully
[8/12/2025, 1:18:43 PM] info: GET /blogcreation/get
[8/12/2025, 1:18:43 PM] info:  Blog fetched successfully
[8/12/2025, 1:19:48 PM] info: GET /blogcreation/get
[8/12/2025, 1:19:48 PM] info: GET /blogcreation/get
[8/12/2025, 1:19:49 PM] info:  Blog fetched successfully
[8/12/2025, 1:19:49 PM] info:  Blog fetched successfully
[8/12/2025, 1:20:43 PM] info: GET /blogcreation/get
[8/12/2025, 1:20:43 PM] info: GET /blogcreation/get
[8/12/2025, 1:20:43 PM] info:  Blog fetched successfully
[8/12/2025, 1:20:43 PM] info:  Blog fetched successfully
[8/12/2025, 1:26:59 PM] info: GET /blogcreation/get
[8/12/2025, 1:26:59 PM] info: GET /blogcreation/get
[8/12/2025, 1:26:59 PM] info:  Blog fetched successfully
[8/12/2025, 1:26:59 PM] info:  Blog fetched successfully
[8/12/2025, 1:28:42 PM] info: GET /blogcreation/get
[8/12/2025, 1:28:42 PM] info: GET /blogcreation/get
[8/12/2025, 1:28:43 PM] info:  Blog fetched successfully
[8/12/2025, 1:28:43 PM] info:  Blog fetched successfully
[8/12/2025, 1:30:57 PM] info: GET /blogcreation/get
[8/12/2025, 1:30:57 PM] info: GET /blogcreation/get
[8/12/2025, 1:30:57 PM] info:  Blog fetched successfully
[8/12/2025, 1:30:57 PM] info:  Blog fetched successfully
[8/12/2025, 1:34:23 PM] info: GET /blogcreation/get
[8/12/2025, 1:34:24 PM] info: GET /blogcreation/get
[8/12/2025, 1:34:24 PM] info:  Blog fetched successfully
[8/12/2025, 1:34:24 PM] info:  Blog fetched successfully
[8/12/2025, 1:47:11 PM] info: GET /blogcreation/get
[8/12/2025, 1:47:12 PM] info: Blog fetched successfully
[8/12/2025, 1:48:03 PM] info: GET /blogcreation/get
[8/12/2025, 1:48:03 PM] info: GET /blogcreation/get
[8/12/2025, 1:48:03 PM] info: Blog fetched successfully
[8/12/2025, 1:48:03 PM] info: Blog fetched successfully
[8/12/2025, 1:51:39 PM] info: GET /blogcreation/get
[8/12/2025, 1:51:39 PM] info: GET /blogcreation/get
[8/12/2025, 1:51:39 PM] info: Blog fetched successfully
[8/12/2025, 1:51:39 PM] info: Blog fetched successfully
[8/12/2025, 1:54:28 PM] info: GET /blogcreation/get
[8/12/2025, 1:54:28 PM] info: GET /blogcreation/get
[8/12/2025, 1:54:28 PM] info: Blog fetched successfully
[8/12/2025, 1:54:29 PM] info: Blog fetched successfully
[8/12/2025, 1:55:03 PM] info: GET /blogcreation/get
[8/12/2025, 1:55:03 PM] info: GET /blogcreation/get
[8/12/2025, 1:55:03 PM] info: Blog fetched successfully
[8/12/2025, 1:55:03 PM] info: Blog fetched successfully
[8/12/2025, 1:55:43 PM] info: GET /blogcreation/get
[8/12/2025, 1:55:44 PM] info: Blog fetched successfully
[8/12/2025, 1:56:41 PM] info: GET /blogcreation/get
[8/12/2025, 1:56:42 PM] info: Blog fetched successfully
[8/12/2025, 1:58:32 PM] info: GET /blogcreation/get
[8/12/2025, 1:58:32 PM] info: GET /blogcreation/get
[8/12/2025, 1:58:33 PM] info: Blog fetched successfully
[8/12/2025, 1:58:33 PM] info: Blog fetched successfully
[8/12/2025, 1:58:39 PM] info: GET /blogcreation/get
[8/12/2025, 1:58:39 PM] info: Blog fetched successfully
[8/12/2025, 1:59:31 PM] info: GET /blogImages/file_20250812072743_WorldInfoLogo-removebg-preview.png
[8/12/2025, 2:02:30 PM] info: GET /blogcreation/get
[8/12/2025, 2:02:30 PM] info: Blog fetched successfully
[8/12/2025, 2:02:30 PM] info: GET /blogcreation/get
[8/12/2025, 2:02:30 PM] info: Blog fetched successfully
[8/12/2025, 2:04:28 PM] info: GET /blogcreation/get
[8/12/2025, 2:04:28 PM] info: Blog fetched successfully
[8/12/2025, 2:04:28 PM] info: GET /blogImages/file_20250812072743_WorldInfoLogo-removebg-preview.png
[8/12/2025, 2:04:28 PM] info: GET /blogcreation/get
[8/12/2025, 2:04:28 PM] info: Blog fetched successfully
[8/12/2025, 2:04:28 PM] info: GET /blogImages/file_20250812072743_WorldInfoLogo-removebg-preview.png
[8/12/2025, 2:04:40 PM] info: GET /blogcreation/get
[8/12/2025, 2:04:40 PM] info: Blog fetched successfully
[8/12/2025, 2:04:40 PM] info: GET /blogImages/file_20250812072743_WorldInfoLogo-removebg-preview.png
[8/12/2025, 2:05:05 PM] info: GET /blogcreation/get
[8/12/2025, 2:05:05 PM] info: GET /blogcreation/get
[8/12/2025, 2:05:05 PM] info: Blog fetched successfully
[8/12/2025, 2:05:05 PM] info: Blog fetched successfully
[8/12/2025, 2:05:05 PM] info: GET /blogImages/file_20250812072743_WorldInfoLogo-removebg-preview.png
[8/12/2025, 2:05:05 PM] info: GET /blogImages/file_20250812072743_WorldInfoLogo-removebg-preview.png
[8/12/2025, 2:05:30 PM] info: GET /blogcreation/get
[8/12/2025, 2:05:30 PM] info: GET /blogcreation/get
[8/12/2025, 2:05:30 PM] info: Blog fetched successfully
[8/12/2025, 2:05:30 PM] info: Blog fetched successfully
[8/12/2025, 2:05:30 PM] info: GET /blogImages/file_20250812072743_WorldInfoLogo-removebg-preview.png
[8/12/2025, 2:05:30 PM] info: GET /blogImages/file_20250812072743_WorldInfoLogo-removebg-preview.png
[8/12/2025, 2:06:34 PM] info: GET /blogcreation/get
[8/12/2025, 2:06:34 PM] info: GET /blogcreation/get
[8/12/2025, 2:06:34 PM] info: Blog fetched successfully
[8/12/2025, 2:06:34 PM] info: GET /blogImages/file_20250812072743_WorldInfoLogo-removebg-preview.png
[8/12/2025, 2:06:34 PM] info: Blog fetched successfully
[8/12/2025, 2:06:34 PM] info: GET /blogImages/file_20250812072743_WorldInfoLogo-removebg-preview.png
[8/12/2025, 2:07:19 PM] info: GET /blogcreation/get
[8/12/2025, 2:07:19 PM] info: GET /blogcreation/get
[8/12/2025, 2:07:19 PM] info: Blog fetched successfully
[8/12/2025, 2:07:19 PM] info: Blog fetched successfully
[8/12/2025, 2:07:19 PM] info: GET /blogImages/file_20250812072743_WorldInfoLogo-removebg-preview.png
[8/12/2025, 2:07:19 PM] info: GET /blogImages/file_20250812072743_WorldInfoLogo-removebg-preview.png
[8/12/2025, 2:08:14 PM] info: GET /blogcreation/get
[8/12/2025, 2:08:14 PM] info: Blog fetched successfully
[8/12/2025, 2:08:14 PM] info: GET /blogImages/file_20250812072743_WorldInfoLogo-removebg-preview.png
[8/12/2025, 2:08:16 PM] info: GET /blogcreation/get
[8/12/2025, 2:08:16 PM] info: Blog fetched successfully
[8/12/2025, 2:08:16 PM] info: GET /blogcreation/get
[8/12/2025, 2:08:16 PM] info: Blog fetched successfully
[8/12/2025, 2:08:17 PM] info: GET /blogImages/file_20250812072743_WorldInfoLogo-removebg-preview.png
[8/12/2025, 2:08:17 PM] info: GET /blogcreation/get
[8/12/2025, 2:08:17 PM] info: Blog fetched successfully
[8/12/2025, 2:08:17 PM] info: GET /blogImages/file_20250812072743_WorldInfoLogo-removebg-preview.png
[8/12/2025, 2:08:37 PM] info: GET /blogcreation/get
[8/12/2025, 2:08:37 PM] info: GET /blogcreation/get
[8/12/2025, 2:08:37 PM] info: Blog fetched successfully
[8/12/2025, 2:08:37 PM] info: Blog fetched successfully
[8/12/2025, 2:08:37 PM] info: GET /blogImages/file_20250812072743_WorldInfoLogo-removebg-preview.png
[8/12/2025, 2:08:37 PM] info: GET /blogImages/file_20250812072743_WorldInfoLogo-removebg-preview.png
[8/12/2025, 2:09:34 PM] info: POST /Login
[8/12/2025, 2:09:34 PM] info: GET /blogcreation
[8/12/2025, 2:09:34 PM] info:  Blog fetched successfully
[8/12/2025, 2:09:36 PM] info: GET /blogcreation/getdata/1
[8/12/2025, 2:09:45 PM] info: PUT /blogcreation/Update/1
[8/12/2025, 2:09:45 PM] info: POST /blogcreation/blogfiles
[8/12/2025, 2:09:55 PM] info: GET /blogcreation/get
[8/12/2025, 2:09:55 PM] info: Blog fetched successfully
[8/12/2025, 2:09:55 PM] info: GET /blogImages/file_20250812083945_page-title-bg.jpg
[8/12/2025, 2:19:01 PM] info: GET /blogcreation/get
[8/12/2025, 2:19:01 PM] info: Blog fetched successfully
[8/12/2025, 2:19:01 PM] info: GET /blogImages/file_20250812083945_page-title-bg.jpg
[8/12/2025, 2:19:01 PM] info: GET /blogcreation/get
[8/12/2025, 2:19:01 PM] info: Blog fetched successfully
[8/12/2025, 2:19:02 PM] info: GET /blogImages/file_20250812083945_page-title-bg.jpg
[8/12/2025, 2:19:10 PM] info: GET /blogcreation/get
[8/12/2025, 2:19:10 PM] info: Blog fetched successfully
[8/12/2025, 2:19:10 PM] info: GET /blogImages/file_20250812083945_page-title-bg.jpg
[8/12/2025, 2:40:18 PM] info: GET /blogcreation/get
[8/12/2025, 2:40:19 PM] info: Blog fetched successfully
[8/12/2025, 2:40:19 PM] info: GET /blogImages/file_20250812083945_page-title-bg.jpg
[8/12/2025, 2:40:19 PM] info: GET /blogcreation/get
[8/12/2025, 2:40:19 PM] info: Blog fetched successfully
[8/12/2025, 2:40:19 PM] info: GET /blogImages/file_20250812083945_page-title-bg.jpg
[8/12/2025, 2:41:46 PM] info: GET /blogcreation/get
[8/12/2025, 2:41:46 PM] info: GET /blogcreation/get
[8/12/2025, 2:41:46 PM] info: Blog fetched successfully
[8/12/2025, 2:41:46 PM] info: Blog fetched successfully
[8/12/2025, 2:41:46 PM] info: GET /blogImages/file_20250812083945_page-title-bg.jpg
[8/12/2025, 2:41:46 PM] info: GET /blogImages/file_20250812083945_page-title-bg.jpg
[8/12/2025, 2:42:15 PM] info: GET /blogcreation/get
[8/12/2025, 2:42:15 PM] info: GET /blogcreation/get
[8/12/2025, 2:42:16 PM] info: Blog fetched successfully
[8/12/2025, 2:42:16 PM] info: GET /blogImages/file_20250812083945_page-title-bg.jpg
[8/12/2025, 2:42:16 PM] info: Blog fetched successfully
[8/12/2025, 2:42:16 PM] info: GET /blogImages/file_20250812083945_page-title-bg.jpg
[8/12/2025, 2:42:28 PM] info: GET /blogcreation
[8/12/2025, 2:42:28 PM] info:  Blog fetched successfully
[8/12/2025, 2:42:30 PM] info: GET /blogcreation/getdata/1
[8/12/2025, 2:42:40 PM] info: PUT /blogcreation/Update/1
[8/12/2025, 2:42:40 PM] info: POST /blogcreation/blogfiles
[8/12/2025, 2:42:46 PM] info: GET /blogcreation
[8/12/2025, 2:42:47 PM] info:  Blog fetched successfully
[8/12/2025, 2:42:48 PM] info: GET /blogcreation/getdata/1
[8/12/2025, 2:42:55 PM] info: GET /blogcreation/get
[8/12/2025, 2:42:55 PM] info: Blog fetched successfully
[8/12/2025, 2:42:55 PM] info: GET /blogImages/file_20250812083945_page-title-bg.jpg
[8/12/2025, 2:42:55 PM] info: GET /blogImages/file_20250812091240_Logistics%20solutions%20image.png
[8/12/2025, 2:43:41 PM] info: GET /blogcreation/get
[8/12/2025, 2:43:41 PM] info: Blog fetched successfully
[8/12/2025, 2:43:41 PM] info: GET /blogImages/file_20250812083945_page-title-bg.jpg
[8/12/2025, 2:43:41 PM] info: GET /blogImages/file_20250812091240_Logistics%20solutions%20image.png
[8/12/2025, 2:44:48 PM] info: GET /blogcreation/get
[8/12/2025, 2:44:48 PM] info: GET /blogcreation/get
[8/12/2025, 2:44:48 PM] info: Blog fetched successfully
[8/12/2025, 2:44:48 PM] info: GET /blogImages/file_20250812083945_page-title-bg.jpg
[8/12/2025, 2:44:48 PM] info: GET /blogImages/file_20250812091240_Logistics%20solutions%20image.png
[8/12/2025, 2:44:48 PM] info: Blog fetched successfully
[8/12/2025, 2:44:48 PM] info: GET /blogImages/file_20250812083945_page-title-bg.jpg
[8/12/2025, 2:44:48 PM] info: GET /blogImages/file_20250812091240_Logistics%20solutions%20image.png
[8/12/2025, 2:44:58 PM] info: GET /blogcreation/get
[8/12/2025, 2:44:58 PM] info: Blog fetched successfully
[8/12/2025, 2:44:58 PM] info: GET /blogImages/file_20250812083945_page-title-bg.jpg
[8/12/2025, 2:44:58 PM] info: GET /blogImages/file_20250812091240_Logistics%20solutions%20image.png
[8/12/2025, 2:46:20 PM] info: GET /blogcreation/get
[8/12/2025, 2:46:20 PM] info: GET /blogcreation/get
[8/12/2025, 2:46:21 PM] info: Blog fetched successfully
[8/12/2025, 2:46:21 PM] info: Blog fetched successfully
[8/12/2025, 2:46:21 PM] info: GET /blogImages/file_20250812083945_page-title-bg.jpg
[8/12/2025, 2:46:21 PM] info: GET /blogImages/file_20250812091240_Logistics%20solutions%20image.png
[8/12/2025, 2:46:21 PM] info: GET /blogImages/file_20250812083945_page-title-bg.jpg
[8/12/2025, 2:46:21 PM] info: GET /blogImages/file_20250812091240_Logistics%20solutions%20image.png
[8/12/2025, 2:47:04 PM] info: GET /blogcreation/get
[8/12/2025, 2:47:04 PM] info: GET /blogcreation/get
[8/12/2025, 2:47:04 PM] info: Blog fetched successfully
[8/12/2025, 2:47:04 PM] info: Blog fetched successfully
[8/12/2025, 2:47:04 PM] info: GET /blogImages/file_20250812083945_page-title-bg.jpg
[8/12/2025, 2:47:04 PM] info: GET /blogImages/file_20250812091240_Logistics%20solutions%20image.png
[8/12/2025, 2:47:04 PM] info: GET /blogImages/file_20250812083945_page-title-bg.jpg
[8/12/2025, 2:47:04 PM] info: GET /blogImages/file_20250812091240_Logistics%20solutions%20image.png
[8/12/2025, 2:48:30 PM] info: GET /blogcreation/get
[8/12/2025, 2:48:30 PM] info: GET /blogcreation/get
[8/12/2025, 2:48:31 PM] info: Blog fetched successfully
[8/12/2025, 2:48:31 PM] info: GET /blogImages/file_20250812083945_page-title-bg.jpg
[8/12/2025, 2:48:31 PM] info: GET /blogImages/file_20250812091240_Logistics%20solutions%20image.png
[8/12/2025, 2:48:31 PM] info: Blog fetched successfully
[8/12/2025, 2:48:31 PM] info: GET /blogImages/file_20250812083945_page-title-bg.jpg
[8/12/2025, 2:48:31 PM] info: GET /blogImages/file_20250812091240_Logistics%20solutions%20image.png
[8/12/2025, 2:48:39 PM] info: GET /blogcreation/get
[8/12/2025, 2:48:39 PM] info: Blog fetched successfully
[8/12/2025, 2:48:39 PM] info: GET /blogImages/file_20250812083945_page-title-bg.jpg
[8/12/2025, 2:48:39 PM] info: GET /blogImages/file_20250812091240_Logistics%20solutions%20image.png
[8/12/2025, 2:50:08 PM] info: GET /blogcreation/get
[8/12/2025, 2:50:09 PM] info: GET /blogcreation/get
[8/12/2025, 2:50:09 PM] info: Blog fetched successfully
[8/12/2025, 2:50:09 PM] info: Blog fetched successfully
[8/12/2025, 2:50:09 PM] info: GET /blogImages/file_20250812083945_page-title-bg.jpg
[8/12/2025, 2:50:09 PM] info: GET /blogImages/file_20250812091240_Logistics%20solutions%20image.png
[8/12/2025, 2:50:09 PM] info: GET /blogImages/file_20250812083945_page-title-bg.jpg
[8/12/2025, 2:50:09 PM] info: GET /blogImages/file_20250812091240_Logistics%20solutions%20image.png
[8/12/2025, 2:50:12 PM] info: GET /blogcreation/get
[8/12/2025, 2:50:12 PM] info: Blog fetched successfully
[8/12/2025, 2:50:13 PM] info: GET /blogImages/file_20250812083945_page-title-bg.jpg
[8/12/2025, 2:50:13 PM] info: GET /blogImages/file_20250812091240_Logistics%20solutions%20image.png
[8/12/2025, 2:50:42 PM] info: GET /blogcreation/get
[8/12/2025, 2:50:42 PM] info: GET /blogcreation/get
[8/12/2025, 2:50:42 PM] info: Blog fetched successfully
[8/12/2025, 2:50:42 PM] info: Blog fetched successfully
[8/12/2025, 2:50:42 PM] info: GET /blogImages/file_20250812083945_page-title-bg.jpg
[8/12/2025, 2:50:42 PM] info: GET /blogImages/file_20250812091240_Logistics%20solutions%20image.png
[8/12/2025, 2:50:42 PM] info: GET /blogImages/file_20250812083945_page-title-bg.jpg
[8/12/2025, 2:50:42 PM] info: GET /blogImages/file_20250812091240_Logistics%20solutions%20image.png
[8/12/2025, 2:50:50 PM] info: GET /blogcreation/get
[8/12/2025, 2:50:50 PM] info: Blog fetched successfully
[8/12/2025, 2:50:50 PM] info: GET /blogImages/file_20250812083945_page-title-bg.jpg
[8/12/2025, 2:50:50 PM] info: GET /blogImages/file_20250812091240_Logistics%20solutions%20image.png
[8/12/2025, 2:53:19 PM] info: GET /blogcreation/get
[8/12/2025, 2:53:19 PM] info: GET /blogcreation/get
[8/12/2025, 2:53:19 PM] info: Blog fetched successfully
[8/12/2025, 2:53:19 PM] info: Blog fetched successfully
[8/12/2025, 2:53:19 PM] info: GET /blogImages/file_20250812083945_page-title-bg.jpg
[8/12/2025, 2:53:19 PM] info: GET /blogImages/file_20250812091240_Logistics%20solutions%20image.png
[8/12/2025, 2:53:19 PM] info: GET /blogImages/file_20250812083945_page-title-bg.jpg
[8/12/2025, 2:53:19 PM] info: GET /blogImages/file_20250812091240_Logistics%20solutions%20image.png
[8/12/2025, 2:53:34 PM] info: GET /blogcreation
[8/12/2025, 2:53:34 PM] info:  Blog fetched successfully
[8/12/2025, 2:53:44 PM] info: GET /blogcreation/getdata/2
[8/12/2025, 2:56:14 PM] info: PUT /blogcreation/Update/2
[8/12/2025, 2:56:15 PM] info: POST /blogcreation/blogfiles
[8/12/2025, 2:56:22 PM] info: GET /blogcreation
[8/12/2025, 2:56:22 PM] info:  Blog fetched successfully
[8/12/2025, 2:56:27 PM] info: GET /blogcreation/data/2
[8/12/2025, 2:56:27 PM] info: GET /blogcreation
[8/12/2025, 2:56:27 PM] info:  Blog fetched successfully
[8/12/2025, 2:56:33 PM] info: GET /blogcreation/get
[8/12/2025, 2:56:33 PM] info: Blog fetched successfully
[8/12/2025, 2:56:33 PM] info: GET /blogImages/file_20250812083945_page-title-bg.jpg
[8/12/2025, 2:56:33 PM] info: GET /blogImages/file_20250812091240_Logistics%20solutions%20image.png
[8/12/2025, 2:56:33 PM] info: GET /blogImages/file_20250812092615_Back%20office%20image.png
