[11/13/2025, 6:19:24 PM] info: POST /Login
[11/13/2025, 6:19:25 PM] info: GET /blogcreation
[11/13/2025, 6:19:25 PM] info:  Blog fetched successfully
[11/13/2025, 6:49:00 PM] info: GET /blogcreation/get
[11/13/2025, 6:49:00 PM] info: Blog fetched successfully
[11/13/2025, 6:49:00 PM] info: GET /blogImages/logo_20251022061648_Blogpage2.jpg
[11/13/2025, 6:49:00 PM] info: GET /blogImages/logo_20251014134443_Blogpage1.jpg
[11/13/2025, 6:49:00 PM] info: GET /blogImages/logo_20251014140137_Blogpage3.jpg
[11/13/2025, 6:49:00 PM] info: GET /blogImages/logo_20251014140310_Blogpage6.png
[11/13/2025, 6:49:03 PM] info: GET /blogcreation/getdeatils/1
[11/13/2025, 6:49:03 PM] info: GET /bloglist/logo_20251022094057_0_11.webp
[11/13/2025, 6:50:27 PM] info: GET /blogcreation/getdeatils/1
[11/13/2025, 6:50:28 PM] info: GET /bloglist/logo_20251022094057_0_11.webp
[11/13/2025, 6:50:28 PM] info: GET /blogImages/logo_20251014134443_Blogpage1.jpg
[11/13/2025, 6:50:28 PM] info: GET /blogImages/logo_20251014140137_Blogpage3.jpg
[11/13/2025, 6:50:28 PM] info: GET /blogImages/logo_20251014140310_Blogpage6.png
[11/13/2025, 6:50:41 PM] info: POST /Login
[11/13/2025, 6:50:41 PM] info: GET /blogcreation
[11/13/2025, 6:50:41 PM] info:  Blog fetched successfully
[11/13/2025, 6:50:46 PM] info: GET /blogcreation/getdata/1
[11/13/2025, 6:57:15 PM] info: GET /blogcreation
[11/13/2025, 6:57:15 PM] info:  Blog fetched successfully
[11/13/2025, 7:01:32 PM] info: POST /blogcreation/Post
